INFO:root:Found .html file: 2015-spring.html
INFO:root:Creating new .md file: /2015-spring.md
INFO:root:Found .html file: 2015-spring.html
INFO:root:Creating new .md file: /2015-spring.md
INFO:root:Found .html file: 2015-spring.html
INFO:root:Creating new .md file: /2015-spring.md
2022-06-03 12:29:29,669 - INFO - 2022-06-03 12:29:29.669178
2022-06-03 12:29:29,670 - INFO - 2015-spring.yml file found and opened.
2022-06-03 12:29:29,671 - INFO - Creating new .md file: 2015-spring.md
2022-06-03 12:29:29,780 - INFO - Attempting to open markdown file: 2015-spring.md
2022-06-03 12:29:29,780 - INFO - Creating new Azure .md file at '2015-spring-azure.md'.
2022-06-03 12:29:29,781 - INFO - A group of 3 redundant blank lines were removed
2022-06-03 12:29:29,781 - INFO - Replaced image reference '![](2015-spring-web-resources/image/1.png)' with new line '{{% figure_azure pid="1.png" caption="" %}}'
2022-06-03 12:29:29,781 - INFO - A group of 4 redundant blank lines were removed
2022-06-03 12:29:29,781 - INFO - A group of 4 redundant blank lines were removed
2022-06-03 12:29:29,781 - INFO - A group of 1 redundant blank lines were removed
2022-06-03 12:29:29,782 - INFO - A group of 1 redundant blank lines were removed
2022-06-03 12:29:29,782 - INFO - Removed page header line 'Rootstalk | Volume I, Number 1, Spring 2015'
2022-06-03 12:29:29,782 - INFO - A group of 14 redundant blank lines were removed
2022-06-03 12:29:29,782 - INFO - A group of 1 redundant blank lines were removed
2022-06-03 12:29:29,782 - INFO - A group of 1 redundant blank lines were removed
2022-06-03 12:29:29,782 - INFO - A group of 1 redundant blank lines were removed
2022-06-03 12:29:29,782 - INFO - A group of 1 redundant blank lines were removed
2022-06-03 12:29:29,782 - INFO - A group of 3 redundant blank lines were removed
2022-06-03 12:29:29,782 - INFO - A group of 3 redundant blank lines were removed
2022-06-03 12:29:29,782 - INFO - A group of 1 redundant blank lines were removed
2022-06-03 12:29:29,782 - INFO - A group of 3 redundant blank lines were removed
2022-06-03 12:29:29,782 - INFO - A group of 1 redundant blank lines were removed
2022-06-03 12:29:29,782 - INFO - A group of 1 redundant blank lines were removed
2022-06-03 12:29:29,782 - INFO - A group of 1 redundant blank lines were removed
2022-06-03 12:29:29,782 - INFO - A group of 1 redundant blank lines were removed
2022-06-03 12:29:29,782 - INFO - A group of 1 redundant blank lines were removed
2022-06-03 12:29:29,782 - INFO - A group of 1 redundant blank lines were removed
2022-06-03 12:29:29,782 - INFO - A group of 1 redundant blank lines were removed
2022-06-03 12:29:29,782 - INFO - A group of 1 redundant blank lines were removed
2022-06-03 12:29:29,782 - INFO - A group of 1 redundant blank lines were removed
2022-06-03 12:29:29,782 - INFO - A group of 1 redundant blank lines were removed
2022-06-03 12:29:29,782 - INFO - A group of 1 redundant blank lines were removed
2022-06-03 12:29:29,782 - INFO - A group of 1 redundant blank lines were removed
2022-06-03 12:29:29,782 - INFO - A group of 1 redundant blank lines were removed
2022-06-03 12:29:29,782 - INFO - A group of 3 redundant blank lines were removed
2022-06-03 12:29:29,782 - INFO - A group of 1 redundant blank lines were removed
2022-06-03 12:29:29,783 - INFO - A group of 1 redundant blank lines were removed
2022-06-03 12:29:29,783 - INFO - A group of 1 redundant blank lines were removed
2022-06-03 12:29:29,783 - INFO - A group of 1 redundant blank lines were removed
2022-06-03 12:29:29,783 - INFO - A group of 1 redundant blank lines were removed
2022-06-03 12:29:29,783 - INFO - A group of 1 redundant blank lines were removed
2022-06-03 12:29:29,783 - INFO - A group of 1 redundant blank lines were removed
2022-06-03 12:29:29,783 - INFO - A group of 1 redundant blank lines were removed
2022-06-03 12:29:29,783 - INFO - A group of 3 redundant blank lines were removed
2022-06-03 12:29:29,783 - INFO - A group of 1 redundant blank lines were removed
2022-06-03 12:29:29,783 - INFO - A group of 1 redundant blank lines were removed
2022-06-03 12:29:29,783 - INFO - A group of 1 redundant blank lines were removed
2022-06-03 12:29:29,783 - INFO - A group of 3 redundant blank lines were removed
2022-06-03 12:29:29,783 - INFO - A group of 1 redundant blank lines were removed
2022-06-03 12:29:29,783 - INFO - A group of 1 redundant blank lines were removed
2022-06-03 12:29:29,783 - INFO - A group of 1 redundant blank lines were removed
2022-06-03 12:29:29,783 - INFO - A group of 1 redundant blank lines were removed
2022-06-03 12:29:29,783 - INFO - A group of 1 redundant blank lines were removed
2022-06-03 12:29:29,783 - INFO - A group of 1 redundant blank lines were removed
2022-06-03 12:29:29,783 - INFO - A group of 1 redundant blank lines were removed
2022-06-03 12:29:29,783 - INFO - A group of 3 redundant blank lines were removed
2022-06-03 12:29:29,783 - INFO - A group of 1 redundant blank lines were removed
2022-06-03 12:29:29,783 - INFO - A group of 1 redundant blank lines were removed
2022-06-03 12:29:29,783 - INFO - A group of 1 redundant blank lines were removed
2022-06-03 12:29:29,783 - INFO - A group of 1 redundant blank lines were removed
2022-06-03 12:29:29,783 - INFO - A group of 1 redundant blank lines were removed
2022-06-03 12:29:29,783 - INFO - A group of 3 redundant blank lines were removed
2022-06-03 12:29:29,783 - INFO - A group of 1 redundant blank lines were removed
2022-06-03 12:29:29,783 - INFO - A group of 1 redundant blank lines were removed
2022-06-03 12:29:29,783 - INFO - Removed page header line 'Rootstalk | Volume I, Number 1, Spring 2015'
2022-06-03 12:29:29,783 - INFO - Replaced image reference '![](2015-spring-web-resources/image/web.jpg)' with new line '{{% figure_azure pid="web.jpg" caption="" %}}'
2022-06-03 12:29:29,784 - INFO - A group of 12 redundant blank lines were removed
2022-06-03 12:29:29,784 - INFO - A group of 1 redundant blank lines were removed
2022-06-03 12:29:29,784 - INFO - A group of 5 redundant blank lines were removed
2022-06-03 12:29:29,784 - INFO - A group of 3 redundant blank lines were removed
2022-06-03 12:29:29,784 - INFO - A group of 1 redundant blank lines were removed
2022-06-03 12:29:29,784 - INFO - A group of 1 redundant blank lines were removed
2022-06-03 12:29:29,784 - INFO - A group of 1 redundant blank lines were removed
2022-06-03 12:29:29,784 - INFO - A group of 1 redundant blank lines were removed
2022-06-03 12:29:29,784 - INFO - A group of 1 redundant blank lines were removed
2022-06-03 12:29:29,784 - INFO - A group of 1 redundant blank lines were removed
2022-06-03 12:29:29,784 - INFO - A group of 1 redundant blank lines were removed
2022-06-03 12:29:29,784 - INFO - Replaced image reference '![](2015-spring-web-resources/image/sun_TOC.png)' with new line '{{% figure_azure pid="sun_TOC.png" caption="" %}}'
2022-06-03 12:29:29,784 - INFO - A group of 10 redundant blank lines were removed
2022-06-03 12:29:29,784 - INFO - Removed page header line 'Rootstalk | Volume I, Number 1, Spring 2015'
2022-06-03 12:29:29,784 - INFO - A group of 7 redundant blank lines were removed
2022-06-03 12:29:29,784 - INFO - A group of 3 redundant blank lines were removed
2022-06-03 12:29:29,784 - INFO - A group of 1 redundant blank lines were removed
2022-06-03 12:29:29,784 - INFO - A group of 1 redundant blank lines were removed
2022-06-03 12:29:29,784 - INFO - A group of 1 redundant blank lines were removed
2022-06-03 12:29:29,784 - INFO - A group of 1 redundant blank lines were removed
2022-06-03 12:29:29,784 - INFO - A group of 1 redundant blank lines were removed
2022-06-03 12:29:29,784 - INFO - A group of 1 redundant blank lines were removed
2022-06-03 12:29:29,784 - INFO - A group of 1 redundant blank lines were removed
2022-06-03 12:29:29,784 - INFO - A group of 1 redundant blank lines were removed
2022-06-03 12:29:29,784 - INFO - A group of 1 redundant blank lines were removed
2022-06-03 12:29:29,784 - INFO - A group of 1 redundant blank lines were removed
2022-06-03 12:29:29,784 - INFO - A group of 1 redundant blank lines were removed
2022-06-03 12:29:29,784 - INFO - A group of 1 redundant blank lines were removed
2022-06-03 12:29:29,784 - INFO - A group of 1 redundant blank lines were removed
2022-06-03 12:29:29,784 - INFO - A group of 1 redundant blank lines were removed
2022-06-03 12:29:29,784 - INFO - A group of 1 redundant blank lines were removed
2022-06-03 12:29:29,785 - INFO - A group of 1 redundant blank lines were removed
2022-06-03 12:29:29,785 - INFO - A group of 1 redundant blank lines were removed
2022-06-03 12:29:29,785 - INFO - A group of 1 redundant blank lines were removed
2022-06-03 12:29:29,785 - INFO - A group of 1 redundant blank lines were removed
2022-06-03 12:29:29,785 - INFO - A group of 1 redundant blank lines were removed
2022-06-03 12:29:29,785 - INFO - A group of 1 redundant blank lines were removed
2022-06-03 12:29:29,785 - INFO - A group of 1 redundant blank lines were removed
2022-06-03 12:29:29,785 - INFO - A group of 1 redundant blank lines were removed
2022-06-03 12:29:29,785 - INFO - A group of 1 redundant blank lines were removed
2022-06-03 12:29:29,785 - INFO - A group of 1 redundant blank lines were removed
2022-06-03 12:29:29,785 - INFO - A group of 1 redundant blank lines were removed
2022-06-03 12:29:29,785 - INFO - A group of 1 redundant blank lines were removed
2022-06-03 12:29:29,785 - INFO - A group of 1 redundant blank lines were removed
2022-06-03 12:29:29,785 - INFO - A group of 1 redundant blank lines were removed
2022-06-03 12:29:29,785 - INFO - A group of 1 redundant blank lines were removed
2022-06-03 12:29:29,785 - INFO - A group of 1 redundant blank lines were removed
2022-06-03 12:29:29,785 - INFO - A group of 1 redundant blank lines were removed
2022-06-03 12:29:29,785 - INFO - A group of 1 redundant blank lines were removed
2022-06-03 12:29:29,785 - INFO - A group of 1 redundant blank lines were removed
2022-06-03 12:29:29,785 - INFO - A group of 1 redundant blank lines were removed
2022-06-03 12:29:29,785 - INFO - A group of 1 redundant blank lines were removed
2022-06-03 12:29:29,785 - INFO - A group of 1 redundant blank lines were removed
2022-06-03 12:29:29,785 - INFO - A group of 1 redundant blank lines were removed
2022-06-03 12:29:29,785 - INFO - A group of 1 redundant blank lines were removed
2022-06-03 12:29:29,785 - INFO - A group of 1 redundant blank lines were removed
2022-06-03 12:29:29,785 - INFO - A group of 1 redundant blank lines were removed
2022-06-03 12:29:29,785 - INFO - A group of 1 redundant blank lines were removed
2022-06-03 12:29:29,785 - INFO - A group of 1 redundant blank lines were removed
2022-06-03 12:29:29,785 - INFO - A group of 1 redundant blank lines were removed
2022-06-03 12:29:29,785 - INFO - A group of 1 redundant blank lines were removed
2022-06-03 12:29:29,785 - INFO - A group of 1 redundant blank lines were removed
2022-06-03 12:29:29,786 - INFO - A group of 1 redundant blank lines were removed
2022-06-03 12:29:29,786 - INFO - A group of 1 redundant blank lines were removed
2022-06-03 12:29:29,786 - INFO - A group of 1 redundant blank lines were removed
2022-06-03 12:29:29,786 - INFO - A group of 1 redundant blank lines were removed
2022-06-03 12:29:29,786 - INFO - A group of 1 redundant blank lines were removed
2022-06-03 12:29:29,786 - INFO - A group of 1 redundant blank lines were removed
2022-06-03 12:29:29,786 - INFO - A group of 1 redundant blank lines were removed
2022-06-03 12:29:29,786 - INFO - A group of 1 redundant blank lines were removed
2022-06-03 12:29:29,786 - INFO - A group of 1 redundant blank lines were removed
2022-06-03 12:29:29,786 - INFO - A group of 1 redundant blank lines were removed
2022-06-03 12:29:29,786 - INFO - A group of 1 redundant blank lines were removed
2022-06-03 12:29:29,786 - INFO - A group of 1 redundant blank lines were removed
2022-06-03 12:29:29,786 - INFO - A group of 1 redundant blank lines were removed
2022-06-03 12:29:29,786 - INFO - A group of 1 redundant blank lines were removed
2022-06-03 12:29:29,786 - INFO - A group of 1 redundant blank lines were removed
2022-06-03 12:29:29,786 - INFO - A group of 1 redundant blank lines were removed
2022-06-03 12:29:29,786 - INFO - A group of 5 redundant blank lines were removed
2022-06-03 12:29:29,786 - INFO - A group of 3 redundant blank lines were removed
2022-06-03 12:29:29,786 - INFO - A group of 1 redundant blank lines were removed
2022-06-03 12:29:29,786 - INFO - A group of 1 redundant blank lines were removed
2022-06-03 12:29:29,786 - INFO - A group of 1 redundant blank lines were removed
2022-06-03 12:29:29,786 - INFO - A group of 1 redundant blank lines were removed
2022-06-03 12:29:29,786 - INFO - A group of 1 redundant blank lines were removed
2022-06-03 12:29:29,786 - INFO - A group of 1 redundant blank lines were removed
2022-06-03 12:29:29,786 - INFO - A group of 1 redundant blank lines were removed
2022-06-03 12:29:29,786 - INFO - A group of 1 redundant blank lines were removed
2022-06-03 12:29:29,786 - INFO - A group of 1 redundant blank lines were removed
2022-06-03 12:29:29,786 - INFO - A group of 1 redundant blank lines were removed
2022-06-03 12:29:29,786 - INFO - A group of 1 redundant blank lines were removed
2022-06-03 12:29:29,786 - INFO - A group of 1 redundant blank lines were removed
2022-06-03 12:29:29,786 - INFO - A group of 1 redundant blank lines were removed
2022-06-03 12:29:29,787 - INFO - A group of 1 redundant blank lines were removed
2022-06-03 12:29:29,787 - INFO - A group of 1 redundant blank lines were removed
2022-06-03 12:29:29,787 - INFO - A group of 1 redundant blank lines were removed
2022-06-03 12:29:29,787 - INFO - A group of 1 redundant blank lines were removed
2022-06-03 12:29:29,787 - INFO - A group of 1 redundant blank lines were removed
2022-06-03 12:29:29,787 - INFO - A group of 1 redundant blank lines were removed
2022-06-03 12:29:29,787 - INFO - A group of 1 redundant blank lines were removed
2022-06-03 12:29:29,787 - INFO - A group of 1 redundant blank lines were removed
2022-06-03 12:29:29,787 - INFO - A group of 1 redundant blank lines were removed
2022-06-03 12:29:29,787 - INFO - A group of 1 redundant blank lines were removed
2022-06-03 12:29:29,787 - INFO - A group of 1 redundant blank lines were removed
2022-06-03 12:29:29,787 - INFO - A group of 1 redundant blank lines were removed
2022-06-03 12:29:29,787 - INFO - A group of 1 redundant blank lines were removed
2022-06-03 12:29:29,787 - INFO - A group of 1 redundant blank lines were removed
2022-06-03 12:29:29,787 - INFO - A group of 3 redundant blank lines were removed
2022-06-03 12:29:29,787 - INFO - A group of 1 redundant blank lines were removed
2022-06-03 12:29:29,787 - INFO - A group of 1 redundant blank lines were removed
2022-06-03 12:29:29,787 - INFO - A group of 1 redundant blank lines were removed
2022-06-03 12:29:29,787 - INFO - A group of 1 redundant blank lines were removed
2022-06-03 12:29:29,787 - INFO - A group of 1 redundant blank lines were removed
2022-06-03 12:29:29,787 - INFO - A group of 1 redundant blank lines were removed
2022-06-03 12:29:29,787 - INFO - A group of 1 redundant blank lines were removed
2022-06-03 12:29:29,787 - INFO - A group of 1 redundant blank lines were removed
2022-06-03 12:29:29,787 - INFO - A group of 1 redundant blank lines were removed
2022-06-03 12:29:29,787 - INFO - A group of 1 redundant blank lines were removed
2022-06-03 12:29:29,787 - INFO - A group of 1 redundant blank lines were removed
2022-06-03 12:29:29,787 - INFO - A group of 1 redundant blank lines were removed
2022-06-03 12:29:29,787 - INFO - A group of 1 redundant blank lines were removed
2022-06-03 12:29:29,787 - INFO - A group of 1 redundant blank lines were removed
2022-06-03 12:29:29,787 - INFO - A group of 1 redundant blank lines were removed
2022-06-03 12:29:29,787 - INFO - A group of 1 redundant blank lines were removed
2022-06-03 12:29:29,788 - INFO - A group of 1 redundant blank lines were removed
2022-06-03 12:29:29,788 - INFO - A group of 1 redundant blank lines were removed
2022-06-03 12:29:29,788 - INFO - A group of 1 redundant blank lines were removed
2022-06-03 12:29:29,788 - INFO - A group of 1 redundant blank lines were removed
2022-06-03 12:29:29,788 - INFO - A group of 1 redundant blank lines were removed
2022-06-03 12:29:29,788 - INFO - A group of 1 redundant blank lines were removed
2022-06-03 12:29:29,788 - INFO - A group of 1 redundant blank lines were removed
2022-06-03 12:29:29,788 - INFO - A group of 1 redundant blank lines were removed
2022-06-03 12:29:29,788 - INFO - A group of 1 redundant blank lines were removed
2022-06-03 12:29:29,788 - INFO - A group of 1 redundant blank lines were removed
2022-06-03 12:29:29,788 - INFO - Removed page header line 'Rootstalk | Volume I, Number 1, Spring 2015'
2022-06-03 12:29:29,788 - INFO - Replaced image reference '![](2015-spring-web-resources/image/Crowley_Encroachment.jpg)' with new line '{{% figure_azure pid="Crowley_Encroachment.jpg" caption="" %}}'
2022-06-03 12:29:29,788 - INFO - A group of 14 redundant blank lines were removed
2022-06-03 12:29:29,788 - INFO - A group of 1 redundant blank lines were removed
2022-06-03 12:29:29,788 - INFO - Removed page header line 'Prairie Home | Dean'
2022-06-03 12:29:29,788 - INFO - A group of 14 redundant blank lines were removed
2022-06-03 12:29:29,788 - INFO - A group of 1 redundant blank lines were removed
2022-06-03 12:29:29,788 - INFO - Replaced image reference '![](2015-spring-web-resources/image/Dean_headshot.jpg)' with new line '{{% figure_azure pid="Dean_headshot.jpg" caption="" %}}'
2022-06-03 12:29:29,788 - INFO - A group of 5 redundant blank lines were removed
2022-06-03 12:29:29,788 - INFO - A group of 1 redundant blank lines were removed
2022-06-03 12:29:29,788 - INFO - A group of 5 redundant blank lines were removed
2022-06-03 12:29:29,788 - INFO - A group of 3 redundant blank lines were removed
2022-06-03 12:29:29,788 - INFO - A group of 3 redundant blank lines were removed
2022-06-03 12:29:29,788 - INFO - A group of 1 redundant blank lines were removed
2022-06-03 12:29:29,788 - INFO - A group of 1 redundant blank lines were removed
2022-06-03 12:29:29,788 - INFO - A group of 1 redundant blank lines were removed
2022-06-03 12:29:29,788 - INFO - A group of 1 redundant blank lines were removed
2022-06-03 12:29:29,788 - INFO - A group of 1 redundant blank lines were removed
2022-06-03 12:29:29,788 - INFO - A group of 1 redundant blank lines were removed
2022-06-03 12:29:29,789 - INFO - A group of 1 redundant blank lines were removed
2022-06-03 12:29:29,789 - INFO - A group of 1 redundant blank lines were removed
2022-06-03 12:29:29,789 - INFO - A group of 1 redundant blank lines were removed
2022-06-03 12:29:29,789 - INFO - A group of 1 redundant blank lines were removed
2022-06-03 12:29:29,789 - INFO - A group of 1 redundant blank lines were removed
2022-06-03 12:29:29,789 - INFO - A group of 1 redundant blank lines were removed
2022-06-03 12:29:29,789 - INFO - A group of 1 redundant blank lines were removed
2022-06-03 12:29:29,789 - INFO - A group of 1 redundant blank lines were removed
2022-06-03 12:29:29,789 - INFO - A group of 1 redundant blank lines were removed
2022-06-03 12:29:29,789 - INFO - A group of 1 redundant blank lines were removed
2022-06-03 12:29:29,789 - INFO - A group of 1 redundant blank lines were removed
2022-06-03 12:29:29,789 - INFO - A group of 1 redundant blank lines were removed
2022-06-03 12:29:29,789 - INFO - A group of 1 redundant blank lines were removed
2022-06-03 12:29:29,789 - INFO - A group of 1 redundant blank lines were removed
2022-06-03 12:29:29,789 - INFO - A group of 1 redundant blank lines were removed
2022-06-03 12:29:29,789 - INFO - A group of 1 redundant blank lines were removed
2022-06-03 12:29:29,789 - INFO - A group of 1 redundant blank lines were removed
2022-06-03 12:29:29,789 - INFO - Removed page header line 'Rootstalk | Volume I, Number 1, Spring 2015'
2022-06-03 12:29:29,789 - INFO - Removed page header line 'Prairie Home | Dean'
2022-06-03 12:29:29,789 - INFO - Replaced image reference '![](2015-spring-web-resources/image/Schoolhouse_Wade_Farm_2.jpg)' with new line '{{% figure_azure pid="Schoolhouse_Wade_Farm_2.jpg" caption="" %}}'
2022-06-03 12:29:29,789 - INFO - A group of 20 redundant blank lines were removed
2022-06-03 12:29:29,789 - INFO - A group of 1 redundant blank lines were removed
2022-06-03 12:29:29,789 - INFO - Removed page header line 'Rootstalk | Volume I, Number 1, Spring 2015'
2022-06-03 12:29:29,789 - INFO - Removed page header line 'Prairie Home | Dean'
2022-06-03 12:29:29,789 - INFO - Removed page header line 'Rootstalk | Volume I, Issue I, Spring 2015'
2022-06-03 12:29:29,789 - INFO - A group of 32 redundant blank lines were removed
2022-06-03 12:29:29,789 - INFO - A group of 1 redundant blank lines were removed
2022-06-03 12:29:29,790 - INFO - Replaced image reference '![](2015-spring-web-resources/image/Ottenstein_headshot.jpg)' with new line '{{% figure_azure pid="Ottenstein_headshot.jpg" caption="" %}}'
2022-06-03 12:29:29,790 - INFO - A group of 5 redundant blank lines were removed
2022-06-03 12:29:29,790 - INFO - A group of 1 redundant blank lines were removed
2022-06-03 12:29:29,790 - INFO - A group of 6 redundant blank lines were removed
2022-06-03 12:29:29,790 - INFO - A group of 3 redundant blank lines were removed
2022-06-03 12:29:29,790 - INFO - A group of 3 redundant blank lines were removed
2022-06-03 12:29:29,790 - INFO - A group of 1 redundant blank lines were removed
2022-06-03 12:29:29,790 - INFO - A group of 1 redundant blank lines were removed
2022-06-03 12:29:29,790 - INFO - A group of 1 redundant blank lines were removed
2022-06-03 12:29:29,790 - INFO - A group of 1 redundant blank lines were removed
2022-06-03 12:29:29,790 - INFO - A group of 1 redundant blank lines were removed
2022-06-03 12:29:29,790 - INFO - A group of 1 redundant blank lines were removed
2022-06-03 12:29:29,790 - INFO - A group of 1 redundant blank lines were removed
2022-06-03 12:29:29,790 - INFO - A group of 1 redundant blank lines were removed
2022-06-03 12:29:29,790 - INFO - A group of 1 redundant blank lines were removed
2022-06-03 12:29:29,790 - INFO - A group of 1 redundant blank lines were removed
2022-06-03 12:29:29,790 - INFO - A group of 1 redundant blank lines were removed
2022-06-03 12:29:29,790 - INFO - A group of 1 redundant blank lines were removed
2022-06-03 12:29:29,790 - INFO - A group of 1 redundant blank lines were removed
2022-06-03 12:29:29,790 - INFO - A group of 1 redundant blank lines were removed
2022-06-03 12:29:29,790 - INFO - A group of 1 redundant blank lines were removed
2022-06-03 12:29:29,790 - INFO - A group of 1 redundant blank lines were removed
2022-06-03 12:29:29,790 - INFO - A group of 4 redundant blank lines were removed
2022-06-03 12:29:29,790 - INFO - A group of 1 redundant blank lines were removed
2022-06-03 12:29:29,790 - INFO - A group of 4 redundant blank lines were removed
2022-06-03 12:29:29,790 - INFO - A group of 1 redundant blank lines were removed
2022-06-03 12:29:29,790 - INFO - A group of 1 redundant blank lines were removed
2022-06-03 12:29:29,791 - INFO - A group of 1 redundant blank lines were removed
2022-06-03 12:29:29,791 - INFO - A group of 1 redundant blank lines were removed
2022-06-03 12:29:29,791 - INFO - A group of 1 redundant blank lines were removed
2022-06-03 12:29:29,791 - INFO - A group of 1 redundant blank lines were removed
2022-06-03 12:29:29,791 - INFO - A group of 3 redundant blank lines were removed
2022-06-03 12:29:29,791 - INFO - A group of 6 redundant blank lines were removed
2022-06-03 12:29:29,791 - INFO - A group of 1 redundant blank lines were removed
2022-06-03 12:29:29,791 - INFO - A group of 1 redundant blank lines were removed
2022-06-03 12:29:29,791 - INFO - Removed page header line 'Conversation | Omaña & Ottenstein'
2022-06-03 12:29:29,791 - INFO - Removed page header line 'Rootstalk | Volume I, Issue I, Spring 2015'
2022-06-03 12:29:29,791 - INFO - Removed page header line 'Conversation | Omaña & Ottenstein'
2022-06-03 12:29:29,791 - INFO - Replaced image reference '![](2015-spring-web-resources/image/ChickenCoop,PageCounty_2.jpg)' with new line '{{% figure_azure pid="ChickenCoop,PageCounty_2.jpg" caption="" %}}'
2022-06-03 12:29:29,791 - INFO - A group of 24 redundant blank lines were removed
2022-06-03 12:29:29,791 - INFO - A group of 1 redundant blank lines were removed
2022-06-03 12:29:29,791 - INFO - Removed page header line 'Rootstalk | Volume I, Issue I, Spring 2015'
2022-06-03 12:29:29,791 - INFO - Replaced image reference '![](2015-spring-web-resources/image/SD4-13_47800.png)' with new line '{{% figure_azure pid="SD4-13_47800.png" caption="" %}}'
2022-06-03 12:29:29,791 - INFO - A group of 12 redundant blank lines were removed
2022-06-03 12:29:29,791 - INFO - A group of 1 redundant blank lines were removed
2022-06-03 12:29:29,791 - INFO - Removed page header line 'Conversation | Omaña & Ottenstein'
2022-06-03 12:29:29,791 - INFO - Removed page header line 'Rootstalk | Volume I, Issue I, Spring 2015'
2022-06-03 12:29:29,791 - INFO - Removed page header line 'Photography | Ottenstein'
2022-06-03 12:29:29,791 - INFO - Replaced image reference '![](2015-spring-web-resources/image/Hawkeye_Ethanol__5.jpg)' with new line '{{% figure_azure pid="Hawkeye_Ethanol__5.jpg" caption="" %}}'
2022-06-03 12:29:29,791 - INFO - A group of 30 redundant blank lines were removed
2022-06-03 12:29:29,791 - INFO - A group of 1 redundant blank lines were removed
2022-06-03 12:29:29,791 - INFO - Removed page header line 'Rootstalk | Volume I, Issue I, Spring 2015'
2022-06-03 12:29:29,791 - INFO - Replaced image reference '![](2015-spring-web-resources/image/Crowley_Encroachment1.jpg)' with new line '{{% figure_azure pid="Crowley_Encroachment1.jpg" caption="" %}}'
2022-06-03 12:29:29,791 - INFO - A group of 17 redundant blank lines were removed
2022-06-03 12:29:29,791 - INFO - Replaced image reference '![](2015-spring-web-resources/image/Crowley_photo.jpg)' with new line '{{% figure_azure pid="Crowley_photo.jpg" caption="" %}}'
2022-06-03 12:29:29,792 - INFO - A group of 4 redundant blank lines were removed
2022-06-03 12:29:29,792 - INFO - A group of 1 redundant blank lines were removed
2022-06-03 12:29:29,792 - INFO - A group of 5 redundant blank lines were removed
2022-06-03 12:29:29,792 - INFO - A group of 1 redundant blank lines were removed
2022-06-03 12:29:29,792 - INFO - A group of 1 redundant blank lines were removed
2022-06-03 12:29:29,792 - INFO - A group of 1 redundant blank lines were removed
2022-06-03 12:29:29,792 - INFO - A group of 1 redundant blank lines were removed
2022-06-03 12:29:29,792 - INFO - A group of 1 redundant blank lines were removed
2022-06-03 12:29:29,792 - INFO - A group of 1 redundant blank lines were removed
2022-06-03 12:29:29,792 - INFO - A group of 1 redundant blank lines were removed
2022-06-03 12:29:29,792 - INFO - A group of 3 redundant blank lines were removed
2022-06-03 12:29:29,792 - INFO - A group of 3 redundant blank lines were removed
2022-06-03 12:29:29,792 - INFO - Removed page header line 'Closeup | Crowley'
2022-06-03 12:29:29,792 - INFO - Replaced image reference '![](2015-spring-web-resources/image/Crowley_Storm.jpg)' with new line '{{% figure_azure pid="Crowley_Storm.jpg" caption="" %}}'
2022-06-03 12:29:29,792 - INFO - A group of 9 redundant blank lines were removed
2022-06-03 12:29:29,792 - INFO - Replaced image reference '![](2015-spring-web-resources/image/Crowley_Germination.jpg)' with new line '{{% figure_azure pid="Crowley_Germination.jpg" caption="" %}}'
2022-06-03 12:29:29,792 - INFO - A group of 3 redundant blank lines were removed
2022-06-03 12:29:29,792 - INFO - Replaced image reference '![](2015-spring-web-resources/image/Crowley_Transformed.jpg)' with new line '{{% figure_azure pid="Crowley_Transformed.jpg" caption="" %}}'
2022-06-03 12:29:29,792 - INFO - A group of 3 redundant blank lines were removed
2022-06-03 12:29:29,792 - INFO - Replaced image reference '![](2015-spring-web-resources/image/Ikerd-2015-r.jpg)' with new line '{{% figure_azure pid="Ikerd-2015-r.jpg" caption="" %}}'
2022-06-03 12:29:29,792 - INFO - A group of 8 redundant blank lines were removed
2022-06-03 12:29:29,792 - INFO - A group of 1 redundant blank lines were removed
2022-06-03 12:29:29,792 - INFO - A group of 5 redundant blank lines were removed
2022-06-03 12:29:29,792 - INFO - A group of 1 redundant blank lines were removed
2022-06-03 12:29:29,792 - INFO - A group of 3 redundant blank lines were removed
2022-06-03 12:29:29,792 - INFO - A group of 1 redundant blank lines were removed
2022-06-03 12:29:29,792 - INFO - A group of 3 redundant blank lines were removed
2022-06-03 12:29:29,792 - INFO - A group of 3 redundant blank lines were removed
2022-06-03 12:29:29,792 - INFO - A group of 1 redundant blank lines were removed
2022-06-03 12:29:29,792 - INFO - A group of 1 redundant blank lines were removed
2022-06-03 12:29:29,792 - INFO - A group of 1 redundant blank lines were removed
2022-06-03 12:29:29,793 - INFO - A group of 1 redundant blank lines were removed
2022-06-03 12:29:29,793 - INFO - A group of 1 redundant blank lines were removed
2022-06-03 12:29:29,793 - INFO - A group of 1 redundant blank lines were removed
2022-06-03 12:29:29,793 - INFO - A group of 1 redundant blank lines were removed
2022-06-03 12:29:29,793 - INFO - A group of 1 redundant blank lines were removed
2022-06-03 12:29:29,793 - INFO - A group of 1 redundant blank lines were removed
2022-06-03 12:29:29,793 - INFO - A group of 1 redundant blank lines were removed
2022-06-03 12:29:29,793 - INFO - A group of 1 redundant blank lines were removed
2022-06-03 12:29:29,793 - INFO - A group of 1 redundant blank lines were removed
2022-06-03 12:29:29,793 - INFO - A group of 1 redundant blank lines were removed
2022-06-03 12:29:29,793 - INFO - A group of 1 redundant blank lines were removed
2022-06-03 12:29:29,793 - INFO - A group of 1 redundant blank lines were removed
2022-06-03 12:29:29,793 - INFO - A group of 1 redundant blank lines were removed
2022-06-03 12:29:29,793 - INFO - A group of 1 redundant blank lines were removed
2022-06-03 12:29:29,793 - INFO - A group of 1 redundant blank lines were removed
2022-06-03 12:29:29,793 - INFO - A group of 1 redundant blank lines were removed
2022-06-03 12:29:29,793 - INFO - A group of 1 redundant blank lines were removed
2022-06-03 12:29:29,793 - INFO - A group of 1 redundant blank lines were removed
2022-06-03 12:29:29,793 - INFO - A group of 1 redundant blank lines were removed
2022-06-03 12:29:29,793 - INFO - A group of 1 redundant blank lines were removed
2022-06-03 12:29:29,793 - INFO - A group of 1 redundant blank lines were removed
2022-06-03 12:29:29,793 - INFO - A group of 1 redundant blank lines were removed
2022-06-03 12:29:29,793 - INFO - A group of 1 redundant blank lines were removed
2022-06-03 12:29:29,793 - INFO - A group of 1 redundant blank lines were removed
2022-06-03 12:29:29,793 - INFO - A group of 1 redundant blank lines were removed
2022-06-03 12:29:29,793 - INFO - A group of 1 redundant blank lines were removed
2022-06-03 12:29:29,793 - INFO - A group of 1 redundant blank lines were removed
2022-06-03 12:29:29,793 - INFO - A group of 1 redundant blank lines were removed
2022-06-03 12:29:29,794 - INFO - A group of 1 redundant blank lines were removed
2022-06-03 12:29:29,794 - INFO - A group of 1 redundant blank lines were removed
2022-06-03 12:29:29,794 - INFO - A group of 1 redundant blank lines were removed
2022-06-03 12:29:29,794 - INFO - A group of 1 redundant blank lines were removed
2022-06-03 12:29:29,794 - INFO - A group of 1 redundant blank lines were removed
2022-06-03 12:29:29,794 - INFO - A group of 1 redundant blank lines were removed
2022-06-03 12:29:29,794 - INFO - A group of 1 redundant blank lines were removed
2022-06-03 12:29:29,794 - INFO - A group of 1 redundant blank lines were removed
2022-06-03 12:29:29,794 - INFO - A group of 1 redundant blank lines were removed
2022-06-03 12:29:29,794 - INFO - A group of 3 redundant blank lines were removed
2022-06-03 12:29:29,794 - INFO - Removed page header line 'Where is Industrial Agriculture Taking Rural Iowa? | Ikerd'
2022-06-03 12:29:29,794 - INFO - Removed page header line 'Rootstalk | Volume I, Issue I, Spring 2015'
2022-06-03 12:29:29,794 - INFO - Removed page header line 'Where is Industrial Agriculture Taking Rural Iowa? | Ikerd'
2022-06-03 12:29:29,794 - INFO - Removed page header line 'Rootstalk | Volume I, Issue I, Spring 2015'
2022-06-03 12:29:29,794 - INFO - Removed page header line 'Where is Industrial Agriculture Taking Rural Iowa? | Ikerd'
2022-06-03 12:29:29,794 - INFO - A group of 36 redundant blank lines were removed
2022-06-03 12:29:29,794 - INFO - A group of 1 redundant blank lines were removed
2022-06-03 12:29:29,794 - INFO - A group of 1 redundant blank lines were removed
2022-06-03 12:29:29,794 - INFO - A group of 1 redundant blank lines were removed
2022-06-03 12:29:29,794 - INFO - A group of 1 redundant blank lines were removed
2022-06-03 12:29:29,794 - INFO - A group of 1 redundant blank lines were removed
2022-06-03 12:29:29,794 - INFO - A group of 1 redundant blank lines were removed
2022-06-03 12:29:29,794 - INFO - A group of 1 redundant blank lines were removed
2022-06-03 12:29:29,794 - INFO - A group of 1 redundant blank lines were removed
2022-06-03 12:29:29,794 - INFO - Removed page header line 'Rootstalk | Volume I, Issue I, Spring 2015'
2022-06-03 12:29:29,794 - INFO - Removed page header line 'Where is Industrial Agriculture Taking Rural Iowa? | Ikerd'
2022-06-03 12:29:29,794 - INFO - A group of 21 redundant blank lines were removed
2022-06-03 12:29:29,794 - INFO - Replaced image reference '![](2015-spring-web-resources/image/MO11-11_32698.jpg)' with new line '{{% figure_azure pid="MO11-11_32698.jpg" caption="" %}}'
2022-06-03 12:29:29,794 - INFO - A group of 3 redundant blank lines were removed
2022-06-03 12:29:29,795 - INFO - Removed page header line 'Rootstalk | Volume I, Issue I, Spring 2015'
2022-06-03 12:29:29,795 - INFO - A group of 18 redundant blank lines were removed
2022-06-03 12:29:29,795 - INFO - A group of 1 redundant blank lines were removed
2022-06-03 12:29:29,795 - INFO - Replaced image reference '![](2015-spring-web-resources/image/Mary_Swander_081409-6print.jpg)' with new line '{{% figure_azure pid="Mary_Swander_081409-6print.jpg" caption="" %}}'
2022-06-03 12:29:29,795 - INFO - A group of 5 redundant blank lines were removed
2022-06-03 12:29:29,795 - INFO - A group of 1 redundant blank lines were removed
2022-06-03 12:29:29,795 - INFO - A group of 5 redundant blank lines were removed
2022-06-03 12:29:29,795 - INFO - A group of 1 redundant blank lines were removed
2022-06-03 12:29:29,795 - INFO - A group of 3 redundant blank lines were removed
2022-06-03 12:29:29,795 - INFO - A group of 3 redundant blank lines were removed
2022-06-03 12:29:29,795 - INFO - A group of 1 redundant blank lines were removed
2022-06-03 12:29:29,795 - INFO - A group of 1 redundant blank lines were removed
2022-06-03 12:29:29,795 - INFO - A group of 1 redundant blank lines were removed
2022-06-03 12:29:29,795 - INFO - A group of 1 redundant blank lines were removed
2022-06-03 12:29:29,795 - INFO - A group of 1 redundant blank lines were removed
2022-06-03 12:29:29,795 - INFO - A group of 1 redundant blank lines were removed
2022-06-03 12:29:29,795 - INFO - A group of 1 redundant blank lines were removed
2022-06-03 12:29:29,795 - INFO - A group of 1 redundant blank lines were removed
2022-06-03 12:29:29,795 - INFO - Removed page header line 'Belltower Triptych Part I | Swander'
2022-06-03 12:29:29,795 - INFO - Replaced image reference '![](2015-spring-web-resources/image/Swander3.jpg)' with new line '{{% figure_azure pid="Swander3.jpg" caption="" %}}'
2022-06-03 12:29:29,795 - INFO - A group of 10 redundant blank lines were removed
2022-06-03 12:29:29,795 - INFO - A group of 1 redundant blank lines were removed
2022-06-03 12:29:29,795 - INFO - Removed page header line 'Rootstalk | Volume I, Issue I, Spring 2015'
2022-06-03 12:29:29,795 - INFO - Replaced image reference '![](2015-spring-web-resources/image/NE9-13_51208.jpg)' with new line '{{% figure_azure pid="NE9-13_51208.jpg" caption="" %}}'
2022-06-03 12:29:29,795 - INFO - A group of 20 redundant blank lines were removed
2022-06-03 12:29:29,795 - INFO - A group of 1 redundant blank lines were removed
2022-06-03 12:29:29,795 - INFO - Removed page header line 'Photography | Ottenstein'
2022-06-03 12:29:29,795 - INFO - Replaced image reference '![](2015-spring-web-resources/image/Farmhouse_On_Hill__1.jpg)' with new line '{{% figure_azure pid="Farmhouse_On_Hill__1.jpg" caption="" %}}'
2022-06-03 12:29:29,795 - INFO - A group of 12 redundant blank lines were removed
2022-06-03 12:29:29,795 - INFO - A group of 1 redundant blank lines were removed
2022-06-03 12:29:29,796 - INFO - Removed page header line 'Rootstalk | Volume I, Issue I, Spring 2015'
2022-06-03 12:29:29,796 - INFO - Replaced image reference '![](2015-spring-web-resources/image/2.png)' with new line '{{% figure_azure pid="2.png" caption="" %}}'
2022-06-03 12:29:29,796 - INFO - A group of 16 redundant blank lines were removed
2022-06-03 12:29:29,796 - INFO - A group of 1 redundant blank lines were removed
2022-06-03 12:29:29,796 - INFO - Replaced image reference '![](2015-spring-web-resources/image/3.png)' with new line '{{% figure_azure pid="3.png" caption="" %}}'
2022-06-03 12:29:29,796 - INFO - A group of 9 redundant blank lines were removed
2022-06-03 12:29:29,796 - INFO - A group of 1 redundant blank lines were removed
2022-06-03 12:29:29,796 - INFO - A group of 5 redundant blank lines were removed
2022-06-03 12:29:29,796 - INFO - A group of 1 redundant blank lines were removed
2022-06-03 12:29:29,796 - INFO - A group of 3 redundant blank lines were removed
2022-06-03 12:29:29,796 - INFO - A group of 3 redundant blank lines were removed
2022-06-03 12:29:29,796 - INFO - A group of 1 redundant blank lines were removed
2022-06-03 12:29:29,796 - INFO - A group of 3 redundant blank lines were removed
2022-06-03 12:29:29,796 - INFO - A group of 3 redundant blank lines were removed
2022-06-03 12:29:29,796 - INFO - A group of 1 redundant blank lines were removed
2022-06-03 12:29:29,796 - INFO - A group of 1 redundant blank lines were removed
2022-06-03 12:29:29,796 - INFO - A group of 1 redundant blank lines were removed
2022-06-03 12:29:29,796 - INFO - A group of 1 redundant blank lines were removed
2022-06-03 12:29:29,796 - INFO - A group of 1 redundant blank lines were removed
2022-06-03 12:29:29,796 - INFO - A group of 1 redundant blank lines were removed
2022-06-03 12:29:29,796 - INFO - A group of 1 redundant blank lines were removed
2022-06-03 12:29:29,796 - INFO - A group of 1 redundant blank lines were removed
2022-06-03 12:29:29,796 - INFO - A group of 1 redundant blank lines were removed
2022-06-03 12:29:29,796 - INFO - A group of 1 redundant blank lines were removed
2022-06-03 12:29:29,796 - INFO - A group of 1 redundant blank lines were removed
2022-06-03 12:29:29,796 - INFO - A group of 1 redundant blank lines were removed
2022-06-03 12:29:29,796 - INFO - A group of 1 redundant blank lines were removed
2022-06-03 12:29:29,796 - INFO - A group of 1 redundant blank lines were removed
2022-06-03 12:29:29,796 - INFO - A group of 1 redundant blank lines were removed
2022-06-03 12:29:29,797 - INFO - A group of 1 redundant blank lines were removed
2022-06-03 12:29:29,797 - INFO - A group of 1 redundant blank lines were removed
2022-06-03 12:29:29,797 - INFO - A group of 1 redundant blank lines were removed
2022-06-03 12:29:29,797 - INFO - A group of 1 redundant blank lines were removed
2022-06-03 12:29:29,797 - INFO - A group of 1 redundant blank lines were removed
2022-06-03 12:29:29,797 - INFO - A group of 1 redundant blank lines were removed
2022-06-03 12:29:29,797 - INFO - A group of 1 redundant blank lines were removed
2022-06-03 12:29:29,797 - INFO - A group of 1 redundant blank lines were removed
2022-06-03 12:29:29,797 - INFO - A group of 1 redundant blank lines were removed
2022-06-03 12:29:29,797 - INFO - A group of 1 redundant blank lines were removed
2022-06-03 12:29:29,797 - INFO - A group of 1 redundant blank lines were removed
2022-06-03 12:29:29,797 - INFO - A group of 1 redundant blank lines were removed
2022-06-03 12:29:29,797 - INFO - A group of 1 redundant blank lines were removed
2022-06-03 12:29:29,797 - INFO - A group of 1 redundant blank lines were removed
2022-06-03 12:29:29,797 - INFO - A group of 1 redundant blank lines were removed
2022-06-03 12:29:29,797 - INFO - A group of 1 redundant blank lines were removed
2022-06-03 12:29:29,797 - INFO - A group of 1 redundant blank lines were removed
2022-06-03 12:29:29,797 - INFO - A group of 1 redundant blank lines were removed
2022-06-03 12:29:29,797 - INFO - Removed page header line 'Traditional Lakota Governance | Howe & Katz'
2022-06-03 12:29:29,797 - INFO - Removed page header line 'Rootstalk | Volume I, Issue I, Spring 2015'
2022-06-03 12:29:29,797 - INFO - Removed page header line 'Traditional Lakota Governance | Howe & Katz'
2022-06-03 12:29:29,797 - INFO - Replaced image reference '![](2015-spring-web-resources/image/4.png)' with new line '{{% figure_azure pid="4.png" caption="" %}}'
2022-06-03 12:29:29,797 - INFO - A group of 22 redundant blank lines were removed
2022-06-03 12:29:29,797 - INFO - A group of 1 redundant blank lines were removed
2022-06-03 12:29:29,797 - INFO - Removed page header line 'Rootstalk | Volume I, Issue I, Spring 2015'
2022-06-03 12:29:29,797 - INFO - Removed page header line 'Traditional Lakota Governance | Howe & Katz'
2022-06-03 12:29:29,797 - INFO - Replaced image reference '![](2015-spring-web-resources/image/SchulteLisa.jpg)' with new line '{{% figure_azure pid="SchulteLisa.jpg" caption="" %}}'
2022-06-03 12:29:29,797 - INFO - A group of 26 redundant blank lines were removed
2022-06-03 12:29:29,797 - INFO - Removed page header line 'Rootstalk | Volume I, Issue I, Spring 2015'
2022-06-03 12:29:29,798 - INFO - A group of 9 redundant blank lines were removed
2022-06-03 12:29:29,798 - INFO - A group of 1 redundant blank lines were removed
2022-06-03 12:29:29,798 - INFO - Replaced image reference '![](2015-spring-web-resources/image/LarsenDrake.jpg)' with new line '{{% figure_azure pid="LarsenDrake.jpg" caption="" %}}'
2022-06-03 12:29:29,798 - INFO - A group of 5 redundant blank lines were removed
2022-06-03 12:29:29,798 - INFO - A group of 1 redundant blank lines were removed
2022-06-03 12:29:29,798 - INFO - Replaced image reference '![](2015-spring-web-resources/image/TyndallJohn.jpg)' with new line '{{% figure_azure pid="TyndallJohn.jpg" caption="" %}}'
2022-06-03 12:29:29,798 - INFO - A group of 6 redundant blank lines were removed
2022-06-03 12:29:29,798 - INFO - A group of 2 redundant blank lines were removed
2022-06-03 12:29:29,798 - INFO - A group of 1 redundant blank lines were removed
2022-06-03 12:29:29,798 - INFO - A group of 3 redundant blank lines were removed
2022-06-03 12:29:29,798 - INFO - A group of 1 redundant blank lines were removed
2022-06-03 12:29:29,798 - INFO - A group of 3 redundant blank lines were removed
2022-06-03 12:29:29,798 - INFO - A group of 1 redundant blank lines were removed
2022-06-03 12:29:29,798 - INFO - A group of 1 redundant blank lines were removed
2022-06-03 12:29:29,798 - INFO - A group of 1 redundant blank lines were removed
2022-06-03 12:29:29,798 - INFO - A group of 1 redundant blank lines were removed
2022-06-03 12:29:29,798 - INFO - A group of 1 redundant blank lines were removed
2022-06-03 12:29:29,798 - INFO - A group of 1 redundant blank lines were removed
2022-06-03 12:29:29,798 - INFO - A group of 1 redundant blank lines were removed
2022-06-03 12:29:29,798 - INFO - A group of 1 redundant blank lines were removed
2022-06-03 12:29:29,798 - INFO - Removed page header line 'How Should Iowa’s Agricultural Landscape Look? | Larsen et al.'
2022-06-03 12:29:29,798 - INFO - Removed page header line 'Rootstalk | Volume I, Issue I, Spring 2015'
2022-06-03 12:29:29,798 - INFO - A group of 21 redundant blank lines were removed
2022-06-03 12:29:29,798 - INFO - A group of 1 redundant blank lines were removed
2022-06-03 12:29:29,798 - INFO - A group of 3 redundant blank lines were removed
2022-06-03 12:29:29,798 - INFO - A group of 1 redundant blank lines were removed
2022-06-03 12:29:29,798 - INFO - Replaced image reference '![](2015-spring-web-resources/image/Image2027.png)' with new line '{{% figure_azure pid="Image2027.png" caption="" %}}'
2022-06-03 12:29:29,799 - INFO - A group of 6 redundant blank lines were removed
2022-06-03 12:29:29,799 - INFO - Replaced image reference '![](2015-spring-web-resources/image/Image2018.png)' with new line '{{% figure_azure pid="Image2018.png" caption="" %}}'
2022-06-03 12:29:29,799 - INFO - A group of 3 redundant blank lines were removed
2022-06-03 12:29:29,799 - INFO - Removed page header line 'How Should Iowa’s Agricultural Landscape Look? | Larsen et al.'
2022-06-03 12:29:29,799 - INFO - A group of 11 redundant blank lines were removed
2022-06-03 12:29:29,799 - INFO - A group of 1 redundant blank lines were removed
2022-06-03 12:29:29,799 - INFO - A group of 3 redundant blank lines were removed
2022-06-03 12:29:29,799 - INFO - A group of 1 redundant blank lines were removed
2022-06-03 12:29:29,799 - INFO - Replaced image reference '![](2015-spring-web-resources/image/5.png)' with new line '{{% figure_azure pid="5.png" caption="" %}}'
2022-06-03 12:29:29,799 - INFO - A group of 4 redundant blank lines were removed
2022-06-03 12:29:29,799 - INFO - Replaced image reference '![](2015-spring-web-resources/image/6.png)' with new line '{{% figure_azure pid="6.png" caption="" %}}'
2022-06-03 12:29:29,799 - INFO - A group of 3 redundant blank lines were removed
2022-06-03 12:29:29,799 - INFO - Removed page header line 'Rootstalk | Volume I, Issue I, Spring 2015'
2022-06-03 12:29:29,799 - INFO - A group of 11 redundant blank lines were removed
2022-06-03 12:29:29,799 - INFO - A group of 1 redundant blank lines were removed
2022-06-03 12:29:29,799 - INFO - A group of 3 redundant blank lines were removed
2022-06-03 12:29:29,799 - INFO - A group of 1 redundant blank lines were removed
2022-06-03 12:29:29,799 - INFO - A group of 1 redundant blank lines were removed
2022-06-03 12:29:29,799 - INFO - A group of 1 redundant blank lines were removed
2022-06-03 12:29:29,799 - INFO - A group of 3 redundant blank lines were removed
2022-06-03 12:29:29,799 - INFO - Replaced image reference '![](2015-spring-web-resources/image/7.png)' with new line '{{% figure_azure pid="7.png" caption="" %}}'
2022-06-03 12:29:29,799 - INFO - A group of 6 redundant blank lines were removed
2022-06-03 12:29:29,799 - INFO - Replaced image reference '![](2015-spring-web-resources/image/8.png)' with new line '{{% figure_azure pid="8.png" caption="" %}}'
2022-06-03 12:29:29,799 - INFO - A group of 3 redundant blank lines were removed
2022-06-03 12:29:29,799 - INFO - Replaced image reference '![](2015-spring-web-resources/image/Crowley_Germination1.jpg)' with new line '{{% figure_azure pid="Crowley_Germination1.jpg" caption="" %}}'
2022-06-03 12:29:29,799 - INFO - A group of 8 redundant blank lines were removed
2022-06-03 12:29:29,799 - INFO - A group of 1 redundant blank lines were removed
2022-06-03 12:29:29,799 - INFO - Removed page header line 'Germination | Crowley'
2022-06-03 12:29:29,799 - INFO - Replaced image reference '![](2015-spring-web-resources/image/Crowley_Storm1.jpg)' with new line '{{% figure_azure pid="Crowley_Storm1.jpg" caption="" %}}'
2022-06-03 12:29:29,800 - INFO - A group of 18 redundant blank lines were removed
2022-06-03 12:29:29,800 - INFO - A group of 1 redundant blank lines were removed
2022-06-03 12:29:29,800 - INFO - Removed page header line 'Rootstalk | Volume I, Issue I, Spring 2015'
2022-06-03 12:29:29,800 - INFO - Removed page header line 'Belltower Triptych Part II | Swander'
2022-06-03 12:29:29,800 - INFO - A group of 21 redundant blank lines were removed
2022-06-03 12:29:29,800 - INFO - A group of 1 redundant blank lines were removed
2022-06-03 12:29:29,800 - INFO - A group of 3 redundant blank lines were removed
2022-06-03 12:29:29,800 - INFO - A group of 3 redundant blank lines were removed
2022-06-03 12:29:29,800 - INFO - A group of 1 redundant blank lines were removed
2022-06-03 12:29:29,800 - INFO - A group of 1 redundant blank lines were removed
2022-06-03 12:29:29,800 - INFO - A group of 1 redundant blank lines were removed
2022-06-03 12:29:29,800 - INFO - A group of 1 redundant blank lines were removed
2022-06-03 12:29:29,800 - INFO - A group of 1 redundant blank lines were removed
2022-06-03 12:29:29,800 - INFO - A group of 1 redundant blank lines were removed
2022-06-03 12:29:29,800 - INFO - A group of 1 redundant blank lines were removed
2022-06-03 12:29:29,800 - INFO - A group of 1 redundant blank lines were removed
2022-06-03 12:29:29,800 - INFO - A group of 1 redundant blank lines were removed
2022-06-03 12:29:29,800 - INFO - A group of 1 redundant blank lines were removed
2022-06-03 12:29:29,800 - INFO - A group of 1 redundant blank lines were removed
2022-06-03 12:29:29,800 - INFO - A group of 1 redundant blank lines were removed
2022-06-03 12:29:29,800 - INFO - A group of 1 redundant blank lines were removed
2022-06-03 12:29:29,800 - INFO - A group of 1 redundant blank lines were removed
2022-06-03 12:29:29,800 - INFO - Replaced image reference '![](2015-spring-web-resources/image/Swnader8.jpg)' with new line '{{% figure_azure pid="Swnader8.jpg" caption="" %}}'
2022-06-03 12:29:29,800 - INFO - A group of 11 redundant blank lines were removed
2022-06-03 12:29:29,800 - INFO - A group of 1 redundant blank lines were removed
2022-06-03 12:29:29,800 - INFO - Removed page header line 'Rootstalk | Volume I, Issue I, Spring 2015'
2022-06-03 12:29:29,800 - INFO - Removed page header line 'Iowa’s Bison | Koether'
2022-06-03 12:29:29,800 - INFO - A group of 21 redundant blank lines were removed
2022-06-03 12:29:29,800 - INFO - A group of 1 redundant blank lines were removed
2022-06-03 12:29:29,800 - INFO - Replaced image reference '![](2015-spring-web-resources/image/Koether_photo.jpg)' with new line '{{% figure_azure pid="Koether_photo.jpg" caption="" %}}'
2022-06-03 12:29:29,801 - INFO - A group of 5 redundant blank lines were removed
2022-06-03 12:29:29,801 - INFO - A group of 1 redundant blank lines were removed
2022-06-03 12:29:29,801 - INFO - A group of 5 redundant blank lines were removed
2022-06-03 12:29:29,801 - INFO - A group of 1 redundant blank lines were removed
2022-06-03 12:29:29,801 - INFO - A group of 1 redundant blank lines were removed
2022-06-03 12:29:29,801 - INFO - A group of 1 redundant blank lines were removed
2022-06-03 12:29:29,801 - INFO - A group of 3 redundant blank lines were removed
2022-06-03 12:29:29,801 - INFO - A group of 3 redundant blank lines were removed
2022-06-03 12:29:29,801 - INFO - A group of 1 redundant blank lines were removed
2022-06-03 12:29:29,801 - INFO - A group of 1 redundant blank lines were removed
2022-06-03 12:29:29,801 - INFO - A group of 1 redundant blank lines were removed
2022-06-03 12:29:29,801 - INFO - A group of 1 redundant blank lines were removed
2022-06-03 12:29:29,801 - INFO - A group of 1 redundant blank lines were removed
2022-06-03 12:29:29,801 - INFO - A group of 1 redundant blank lines were removed
2022-06-03 12:29:29,801 - INFO - A group of 1 redundant blank lines were removed
2022-06-03 12:29:29,801 - INFO - A group of 1 redundant blank lines were removed
2022-06-03 12:29:29,801 - INFO - A group of 1 redundant blank lines were removed
2022-06-03 12:29:29,801 - INFO - A group of 1 redundant blank lines were removed
2022-06-03 12:29:29,801 - INFO - A group of 1 redundant blank lines were removed
2022-06-03 12:29:29,801 - INFO - A group of 1 redundant blank lines were removed
2022-06-03 12:29:29,801 - INFO - A group of 1 redundant blank lines were removed
2022-06-03 12:29:29,801 - INFO - A group of 1 redundant blank lines were removed
2022-06-03 12:29:29,801 - INFO - A group of 1 redundant blank lines were removed
2022-06-03 12:29:29,801 - INFO - A group of 1 redundant blank lines were removed
2022-06-03 12:29:29,801 - INFO - A group of 1 redundant blank lines were removed
2022-06-03 12:29:29,801 - INFO - A group of 1 redundant blank lines were removed
2022-06-03 12:29:29,801 - INFO - A group of 4 redundant blank lines were removed
2022-06-03 12:29:29,801 - INFO - A group of 1 redundant blank lines were removed
2022-06-03 12:29:29,802 - INFO - A group of 1 redundant blank lines were removed
2022-06-03 12:29:29,802 - INFO - A group of 1 redundant blank lines were removed
2022-06-03 12:29:29,802 - INFO - A group of 1 redundant blank lines were removed
2022-06-03 12:29:29,802 - INFO - A group of 1 redundant blank lines were removed
2022-06-03 12:29:29,802 - INFO - A group of 1 redundant blank lines were removed
2022-06-03 12:29:29,802 - INFO - A group of 1 redundant blank lines were removed
2022-06-03 12:29:29,802 - INFO - A group of 1 redundant blank lines were removed
2022-06-03 12:29:29,802 - INFO - A group of 1 redundant blank lines were removed
2022-06-03 12:29:29,802 - INFO - A group of 1 redundant blank lines were removed
2022-06-03 12:29:29,802 - INFO - A group of 1 redundant blank lines were removed
2022-06-03 12:29:29,802 - INFO - A group of 1 redundant blank lines were removed
2022-06-03 12:29:29,802 - INFO - A group of 1 redundant blank lines were removed
2022-06-03 12:29:29,802 - INFO - A group of 1 redundant blank lines were removed
2022-06-03 12:29:29,802 - INFO - A group of 1 redundant blank lines were removed
2022-06-03 12:29:29,802 - INFO - A group of 1 redundant blank lines were removed
2022-06-03 12:29:29,802 - INFO - A group of 1 redundant blank lines were removed
2022-06-03 12:29:29,802 - INFO - A group of 1 redundant blank lines were removed
2022-06-03 12:29:29,802 - INFO - A group of 4 redundant blank lines were removed
2022-06-03 12:29:29,802 - INFO - A group of 1 redundant blank lines were removed
2022-06-03 12:29:29,802 - INFO - A group of 1 redundant blank lines were removed
2022-06-03 12:29:29,802 - INFO - A group of 1 redundant blank lines were removed
2022-06-03 12:29:29,802 - INFO - A group of 1 redundant blank lines were removed
2022-06-03 12:29:29,802 - INFO - A group of 1 redundant blank lines were removed
2022-06-03 12:29:29,802 - INFO - A group of 1 redundant blank lines were removed
2022-06-03 12:29:29,802 - INFO - A group of 1 redundant blank lines were removed
2022-06-03 12:29:29,802 - INFO - A group of 1 redundant blank lines were removed
2022-06-03 12:29:29,802 - INFO - A group of 1 redundant blank lines were removed
2022-06-03 12:29:29,802 - INFO - A group of 1 redundant blank lines were removed
2022-06-03 12:29:29,803 - INFO - A group of 1 redundant blank lines were removed
2022-06-03 12:29:29,803 - INFO - A group of 1 redundant blank lines were removed
2022-06-03 12:29:29,803 - INFO - A group of 1 redundant blank lines were removed
2022-06-03 12:29:29,803 - INFO - A group of 1 redundant blank lines were removed
2022-06-03 12:29:29,803 - INFO - A group of 1 redundant blank lines were removed
2022-06-03 12:29:29,803 - INFO - A group of 1 redundant blank lines were removed
2022-06-03 12:29:29,803 - INFO - A group of 1 redundant blank lines were removed
2022-06-03 12:29:29,803 - INFO - A group of 1 redundant blank lines were removed
2022-06-03 12:29:29,803 - INFO - A group of 1 redundant blank lines were removed
2022-06-03 12:29:29,803 - INFO - A group of 1 redundant blank lines were removed
2022-06-03 12:29:29,803 - INFO - A group of 1 redundant blank lines were removed
2022-06-03 12:29:29,803 - INFO - A group of 1 redundant blank lines were removed
2022-06-03 12:29:29,803 - INFO - A group of 1 redundant blank lines were removed
2022-06-03 12:29:29,803 - INFO - A group of 1 redundant blank lines were removed
2022-06-03 12:29:29,803 - INFO - A group of 1 redundant blank lines were removed
2022-06-03 12:29:29,803 - INFO - A group of 1 redundant blank lines were removed
2022-06-03 12:29:29,803 - INFO - A group of 1 redundant blank lines were removed
2022-06-03 12:29:29,803 - INFO - A group of 1 redundant blank lines were removed
2022-06-03 12:29:29,803 - INFO - A group of 1 redundant blank lines were removed
2022-06-03 12:29:29,803 - INFO - A group of 1 redundant blank lines were removed
2022-06-03 12:29:29,803 - INFO - A group of 1 redundant blank lines were removed
2022-06-03 12:29:29,803 - INFO - A group of 1 redundant blank lines were removed
2022-06-03 12:29:29,803 - INFO - A group of 1 redundant blank lines were removed
2022-06-03 12:29:29,803 - INFO - A group of 1 redundant blank lines were removed
2022-06-03 12:29:29,803 - INFO - A group of 1 redundant blank lines were removed
2022-06-03 12:29:29,803 - INFO - A group of 1 redundant blank lines were removed
2022-06-03 12:29:29,803 - INFO - A group of 1 redundant blank lines were removed
2022-06-03 12:29:29,803 - INFO - A group of 1 redundant blank lines were removed
2022-06-03 12:29:29,804 - INFO - A group of 1 redundant blank lines were removed
2022-06-03 12:29:29,804 - INFO - A group of 1 redundant blank lines were removed
2022-06-03 12:29:29,804 - INFO - A group of 1 redundant blank lines were removed
2022-06-03 12:29:29,804 - INFO - A group of 1 redundant blank lines were removed
2022-06-03 12:29:29,804 - INFO - A group of 1 redundant blank lines were removed
2022-06-03 12:29:29,804 - INFO - A group of 1 redundant blank lines were removed
2022-06-03 12:29:29,804 - INFO - A group of 1 redundant blank lines were removed
2022-06-03 12:29:29,804 - INFO - A group of 3 redundant blank lines were removed
2022-06-03 12:29:29,804 - INFO - Removed page header line 'Rootstalk | Volume I, Issue I, Spring 2015'
2022-06-03 12:29:29,804 - INFO - Replaced image reference '![](2015-spring-web-resources/image/Bison_skulls_2c_1880_50_ft._in_height.jpg)' with new line '{{% figure_azure pid="Bison_skulls_2c_1880_50_ft._in_height.jpg" caption="" %}}'
2022-06-03 12:29:29,804 - INFO - A group of 14 redundant blank lines were removed
2022-06-03 12:29:29,804 - INFO - A group of 1 redundant blank lines were removed
2022-06-03 12:29:29,804 - INFO - Removed page header line 'Iowa’s Bison | Koether'
2022-06-03 12:29:29,804 - INFO - Removed page header line 'Rootstalk | Volume I, Issue I, Spring 2015'
2022-06-03 12:29:29,804 - INFO - Replaced image reference '![](2015-spring-web-resources/image/cornfields_and_birds.jpg)' with new line '{{% figure_azure pid="cornfields_and_birds.jpg" caption="" %}}'
2022-06-03 12:29:29,804 - INFO - A group of 21 redundant blank lines were removed
2022-06-03 12:29:29,804 - INFO - A group of 1 redundant blank lines were removed
2022-06-03 12:29:29,804 - INFO - Removed page header line 'Iowa’s Bison | Koether'
2022-06-03 12:29:29,804 - INFO - Removed page header line 'Rootstalk | Volume I, Issue I, Spring 2015'
2022-06-03 12:29:29,804 - INFO - Removed page header line 'Iowa’s Bison | Koether'
2022-06-03 12:29:29,804 - INFO - Replaced image reference '![](2015-spring-web-resources/image/Bull_edit.jpg)' with new line '{{% figure_azure pid="Bull_edit.jpg" caption="" %}}'
2022-06-03 12:29:29,804 - INFO - A group of 26 redundant blank lines were removed
2022-06-03 12:29:29,804 - INFO - A group of 1 redundant blank lines were removed
2022-06-03 12:29:29,804 - INFO - Removed page header line 'Rootstalk | Volume I, Issue I, Spring 2015'
2022-06-03 12:29:29,804 - INFO - Removed page header line 'Iowa’s Bison | Koether'
2022-06-03 12:29:29,804 - INFO - Removed page header line 'Rootstalk | Volume I, Issue I, Spring 2015'
2022-06-03 12:29:29,804 - INFO - Removed page header line 'Iowa’s Bison | Koether'
2022-06-03 12:29:29,805 - INFO - Removed page header line 'Rootstalk | Volume I, Issue I, Spring 2015'
2022-06-03 12:29:29,805 - INFO - Replaced image reference '![](2015-spring-web-resources/image/BigBull.jpg)' with new line '{{% figure_azure pid="BigBull.jpg" caption="" %}}'
2022-06-03 12:29:29,805 - INFO - A group of 44 redundant blank lines were removed
2022-06-03 12:29:29,805 - INFO - A group of 1 redundant blank lines were removed
2022-06-03 12:29:29,805 - INFO - Removed page header line 'Iowa Ivaluktaktok | Andelson'
2022-06-03 12:29:29,805 - INFO - A group of 18 redundant blank lines were removed
2022-06-03 12:29:29,805 - INFO - A group of 3 redundant blank lines were removed
2022-06-03 12:29:29,805 - INFO - Replaced image reference '![](2015-spring-web-resources/image/Ivaluk_Screenshot.png)' with new line '{{% figure_azure pid="Ivaluk_Screenshot.png" caption="" %}}'
2022-06-03 12:29:29,805 - INFO - A group of 5 redundant blank lines were removed
2022-06-03 12:29:29,805 - INFO - A group of 1 redundant blank lines were removed
2022-06-03 12:29:29,805 - INFO - A group of 5 redundant blank lines were removed
2022-06-03 12:29:29,805 - INFO - Replaced image reference '![](2015-spring-web-resources/image/Andelson_photo.jpg)' with new line '{{% figure_azure pid="Andelson_photo.jpg" caption="" %}}'
2022-06-03 12:29:29,805 - INFO - A group of 5 redundant blank lines were removed
2022-06-03 12:29:29,805 - INFO - A group of 1 redundant blank lines were removed
2022-06-03 12:29:29,805 - INFO - A group of 5 redundant blank lines were removed
2022-06-03 12:29:29,805 - INFO - Removed page header line 'Rootstalk | Volume I, Issue I, Spring 2015'
2022-06-03 12:29:29,805 - INFO - Replaced image reference '![](2015-spring-web-resources/image/Williams_photo.jpg)' with new line '{{% figure_azure pid="Williams_photo.jpg" caption="" %}}'
2022-06-03 12:29:29,805 - INFO - A group of 20 redundant blank lines were removed
2022-06-03 12:29:29,805 - INFO - A group of 1 redundant blank lines were removed
2022-06-03 12:29:29,805 - INFO - Replaced image reference '![](2015-spring-web-resources/image/squirrel_flower_cover.png)' with new line '{{% figure_azure pid="squirrel_flower_cover.png" caption="" %}}'
2022-06-03 12:29:29,805 - INFO - A group of 6 redundant blank lines were removed
2022-06-03 12:29:29,805 - INFO - A group of 2 redundant blank lines were removed
2022-06-03 12:29:29,805 - INFO - A group of 5 redundant blank lines were removed
2022-06-03 12:29:29,805 - INFO - A group of 3 redundant blank lines were removed
2022-06-03 12:29:29,805 - INFO - A group of 3 redundant blank lines were removed
2022-06-03 12:29:29,805 - INFO - A group of 1 redundant blank lines were removed
2022-06-03 12:29:29,805 - INFO - A group of 3 redundant blank lines were removed
2022-06-03 12:29:29,805 - INFO - A group of 3 redundant blank lines were removed
2022-06-03 12:29:29,805 - INFO - A group of 1 redundant blank lines were removed
2022-06-03 12:29:29,806 - INFO - A group of 1 redundant blank lines were removed
2022-06-03 12:29:29,806 - INFO - A group of 1 redundant blank lines were removed
2022-06-03 12:29:29,806 - INFO - Removed page header line 'Photography | Ottenstein'
2022-06-03 12:29:29,806 - INFO - Replaced image reference '![](2015-spring-web-resources/image/DowneyGrainElev.jpg)' with new line '{{% figure_azure pid="DowneyGrainElev.jpg" caption="" %}}'
2022-06-03 12:29:29,806 - INFO - A group of 10 redundant blank lines were removed
2022-06-03 12:29:29,806 - INFO - A group of 1 redundant blank lines were removed
2022-06-03 12:29:29,806 - INFO - Removed page header line 'Rootstalk | Volume I, Issue I, Spring 2015'
2022-06-03 12:29:29,806 - INFO - A group of 18 redundant blank lines were removed
2022-06-03 12:29:29,806 - INFO - A group of 1 redundant blank lines were removed
2022-06-03 12:29:29,806 - INFO - A group of 1 redundant blank lines were removed
2022-06-03 12:29:29,806 - INFO - Replaced image reference '![](2015-spring-web-resources/image/Darrah_1.jpg)' with new line '{{% figure_azure pid="Darrah_1.jpg" caption="" %}}'
2022-06-03 12:29:29,806 - INFO - A group of 4 redundant blank lines were removed
2022-06-03 12:29:29,806 - INFO - A group of 2 redundant blank lines were removed
2022-06-03 12:29:29,806 - INFO - A group of 3 redundant blank lines were removed
2022-06-03 12:29:29,806 - INFO - A group of 3 redundant blank lines were removed
2022-06-03 12:29:29,806 - INFO - A group of 1 redundant blank lines were removed
2022-06-03 12:29:29,806 - INFO - A group of 1 redundant blank lines were removed
2022-06-03 12:29:29,806 - INFO - A group of 1 redundant blank lines were removed
2022-06-03 12:29:29,806 - INFO - A group of 1 redundant blank lines were removed
2022-06-03 12:29:29,806 - INFO - A group of 1 redundant blank lines were removed
2022-06-03 12:29:29,806 - INFO - A group of 1 redundant blank lines were removed
2022-06-03 12:29:29,806 - INFO - A group of 1 redundant blank lines were removed
2022-06-03 12:29:29,806 - INFO - A group of 1 redundant blank lines were removed
2022-06-03 12:29:29,806 - INFO - A group of 1 redundant blank lines were removed
2022-06-03 12:29:29,806 - INFO - A group of 1 redundant blank lines were removed
2022-06-03 12:29:29,806 - INFO - A group of 1 redundant blank lines were removed
2022-06-03 12:29:29,806 - INFO - A group of 1 redundant blank lines were removed
2022-06-03 12:29:29,806 - INFO - Removed page header line 'The Garbage Man | Darrah'
2022-06-03 12:29:29,807 - INFO - Removed page header line 'Rootstalk | Volume I, Issue I, Spring 2015'
2022-06-03 12:29:29,807 - INFO - Replaced image reference '![](2015-spring-web-resources/image/KS8-12_40012.jpg)' with new line '{{% figure_azure pid="KS8-12_40012.jpg" caption="" %}}'
2022-06-03 12:29:29,807 - INFO - A group of 23 redundant blank lines were removed
2022-06-03 12:29:29,807 - INFO - A group of 1 redundant blank lines were removed
2022-06-03 12:29:29,807 - INFO - Removed page header line 'Dear Diary | Ferrell'
2022-06-03 12:29:29,807 - INFO - A group of 14 redundant blank lines were removed
2022-06-03 12:29:29,807 - INFO - A group of 3 redundant blank lines were removed
2022-06-03 12:29:29,807 - INFO - A group of 3 redundant blank lines were removed
2022-06-03 12:29:29,807 - INFO - A group of 1 redundant blank lines were removed
2022-06-03 12:29:29,807 - INFO - A group of 1 redundant blank lines were removed
2022-06-03 12:29:29,807 - INFO - A group of 1 redundant blank lines were removed
2022-06-03 12:29:29,807 - INFO - A group of 1 redundant blank lines were removed
2022-06-03 12:29:29,807 - INFO - A group of 1 redundant blank lines were removed
2022-06-03 12:29:29,807 - INFO - A group of 1 redundant blank lines were removed
2022-06-03 12:29:29,807 - INFO - A group of 1 redundant blank lines were removed
2022-06-03 12:29:29,807 - INFO - A group of 1 redundant blank lines were removed
2022-06-03 12:29:29,807 - INFO - A group of 1 redundant blank lines were removed
2022-06-03 12:29:29,807 - INFO - Removed page header line 'Rootstalk | Volume I, Issue I, Spring 2015'
2022-06-03 12:29:29,807 - INFO - Replaced image reference '![](2015-spring-web-resources/image/Ferrell_photo.jpg)' with new line '{{% figure_azure pid="Ferrell_photo.jpg" caption="" %}}'
2022-06-03 12:29:29,807 - INFO - A group of 12 redundant blank lines were removed
2022-06-03 12:29:29,807 - INFO - A group of 1 redundant blank lines were removed
2022-06-03 12:29:29,807 - INFO - Replaced image reference '![](2015-spring-web-resources/image/IA6-11_22736.jpg)' with new line '{{% figure_azure pid="IA6-11_22736.jpg" caption="" %}}'
2022-06-03 12:29:29,807 - INFO - A group of 7 redundant blank lines were removed
2022-06-03 12:29:29,807 - INFO - A group of 1 redundant blank lines were removed
2022-06-03 12:29:29,807 - INFO - A group of 5 redundant blank lines were removed
2022-06-03 12:29:29,807 - INFO - Removed page header line 'Taking STEM Seriously in Iowa | Enshayan'
2022-06-03 12:29:29,807 - INFO - Replaced image reference '![](2015-spring-web-resources/image/Enshayan_Headshot.jpg)' with new line '{{% figure_azure pid="Enshayan_Headshot.jpg" caption="" %}}'
2022-06-03 12:29:29,807 - INFO - A group of 14 redundant blank lines were removed
2022-06-03 12:29:29,807 - INFO - A group of 1 redundant blank lines were removed
2022-06-03 12:29:29,808 - INFO - A group of 5 redundant blank lines were removed
2022-06-03 12:29:29,808 - INFO - A group of 3 redundant blank lines were removed
2022-06-03 12:29:29,808 - INFO - A group of 3 redundant blank lines were removed
2022-06-03 12:29:29,808 - INFO - A group of 3 redundant blank lines were removed
2022-06-03 12:29:29,808 - INFO - A group of 1 redundant blank lines were removed
2022-06-03 12:29:29,808 - INFO - A group of 1 redundant blank lines were removed
2022-06-03 12:29:29,808 - INFO - A group of 1 redundant blank lines were removed
2022-06-03 12:29:29,808 - INFO - A group of 1 redundant blank lines were removed
2022-06-03 12:29:29,808 - INFO - A group of 1 redundant blank lines were removed
2022-06-03 12:29:29,808 - INFO - A group of 1 redundant blank lines were removed
2022-06-03 12:29:29,808 - INFO - A group of 1 redundant blank lines were removed
2022-06-03 12:29:29,808 - INFO - A group of 1 redundant blank lines were removed
2022-06-03 12:29:29,808 - INFO - A group of 1 redundant blank lines were removed
2022-06-03 12:29:29,808 - INFO - A group of 1 redundant blank lines were removed
2022-06-03 12:29:29,808 - INFO - A group of 1 redundant blank lines were removed
2022-06-03 12:29:29,808 - INFO - A group of 1 redundant blank lines were removed
2022-06-03 12:29:29,808 - INFO - A group of 1 redundant blank lines were removed
2022-06-03 12:29:29,808 - INFO - A group of 1 redundant blank lines were removed
2022-06-03 12:29:29,808 - INFO - A group of 1 redundant blank lines were removed
2022-06-03 12:29:29,808 - INFO - A group of 1 redundant blank lines were removed
2022-06-03 12:29:29,808 - INFO - A group of 1 redundant blank lines were removed
2022-06-03 12:29:29,808 - INFO - A group of 1 redundant blank lines were removed
2022-06-03 12:29:29,808 - INFO - A group of 1 redundant blank lines were removed
2022-06-03 12:29:29,808 - INFO - A group of 1 redundant blank lines were removed
2022-06-03 12:29:29,808 - INFO - A group of 1 redundant blank lines were removed
2022-06-03 12:29:29,808 - INFO - A group of 1 redundant blank lines were removed
2022-06-03 12:29:29,808 - INFO - A group of 1 redundant blank lines were removed
2022-06-03 12:29:29,808 - INFO - A group of 1 redundant blank lines were removed
2022-06-03 12:29:29,808 - INFO - A group of 1 redundant blank lines were removed
2022-06-03 12:29:29,809 - INFO - A group of 1 redundant blank lines were removed
2022-06-03 12:29:29,809 - INFO - A group of 1 redundant blank lines were removed
2022-06-03 12:29:29,809 - INFO - Removed page header line 'Rootstalk | Volume I, Issue I, Spring 2015'
2022-06-03 12:29:29,809 - INFO - Removed page header line 'Taking STEM Seriously in Iowa | Enshayan'
2022-06-03 12:29:29,809 - INFO - A group of 17 redundant blank lines were removed
2022-06-03 12:29:29,809 - INFO - A group of 1 redundant blank lines were removed
2022-06-03 12:29:29,809 - INFO - A group of 1 redundant blank lines were removed
2022-06-03 12:29:29,809 - INFO - A group of 1 redundant blank lines were removed
2022-06-03 12:29:29,809 - INFO - Removed page header line 'Rootstalk | Volume I, Issue I, Spring 2015'
2022-06-03 12:29:29,809 - INFO - Removed page header line 'Belltower Triptych Part III | Swander'
2022-06-03 12:29:29,809 - INFO - Replaced image reference '![](2015-spring-web-resources/image/Swander1.jpg)' with new line '{{% figure_azure pid="Swander1.jpg" caption="" %}}'
2022-06-03 12:29:29,809 - INFO - A group of 35 redundant blank lines were removed
2022-06-03 12:29:29,809 - INFO - A group of 1 redundant blank lines were removed
2022-06-03 12:29:29,809 - INFO - A group of 5 redundant blank lines were removed
2022-06-03 12:29:29,809 - INFO - A group of 1 redundant blank lines were removed
2022-06-03 12:29:29,809 - INFO - A group of 3 redundant blank lines were removed
2022-06-03 12:29:29,809 - INFO - A group of 3 redundant blank lines were removed
2022-06-03 12:29:29,809 - INFO - A group of 1 redundant blank lines were removed
2022-06-03 12:29:29,809 - INFO - A group of 1 redundant blank lines were removed
2022-06-03 12:29:29,809 - INFO - A group of 1 redundant blank lines were removed
2022-06-03 12:29:29,809 - INFO - A group of 1 redundant blank lines were removed
2022-06-03 12:29:29,809 - INFO - A group of 1 redundant blank lines were removed
2022-06-03 12:29:29,809 - INFO - A group of 1 redundant blank lines were removed
2022-06-03 12:29:29,809 - INFO - A group of 1 redundant blank lines were removed
2022-06-03 12:29:29,809 - INFO - A group of 1 redundant blank lines were removed
2022-06-03 12:29:29,809 - INFO - A group of 1 redundant blank lines were removed
2022-06-03 12:29:29,809 - INFO - A group of 1 redundant blank lines were removed
2022-06-03 12:29:29,809 - INFO - A group of 1 redundant blank lines were removed
2022-06-03 12:29:29,809 - INFO - Removed page header line 'Rootstalk | Volume I, Issue I, Spring 2015'
2022-06-03 12:29:29,810 - INFO - Removed page header line 'Closeup | Stone'
2022-06-03 12:29:29,810 - INFO - Replaced image reference '![](2015-spring-web-resources/image/butterfl.jpg)' with new line '{{% figure_azure pid="butterfl.jpg" caption="" %}}'
2022-06-03 12:29:29,810 - INFO - A group of 31 redundant blank lines were removed
2022-06-03 12:29:29,810 - INFO - A group of 1 redundant blank lines were removed
2022-06-03 12:29:29,810 - INFO - Replaced image reference '![](2015-spring-web-resources/image/Stone_headshot.jpg)' with new line '{{% figure_azure pid="Stone_headshot.jpg" caption="" %}}'
2022-06-03 12:29:29,810 - INFO - A group of 7 redundant blank lines were removed
2022-06-03 12:29:29,810 - INFO - A group of 1 redundant blank lines were removed
2022-06-03 12:29:29,810 - INFO - A group of 5 redundant blank lines were removed
2022-06-03 12:29:29,810 - INFO - A group of 1 redundant blank lines were removed
2022-06-03 12:29:29,810 - INFO - A group of 1 redundant blank lines were removed
2022-06-03 12:29:29,810 - INFO - A group of 3 redundant blank lines were removed
2022-06-03 12:29:29,810 - INFO - A group of 3 redundant blank lines were removed
2022-06-03 12:29:29,810 - INFO - A group of 1 redundant blank lines were removed
2022-06-03 12:29:29,810 - INFO - Removed page header line 'Rootstalk | Volume I, Issue I, Spring 2015'
2022-06-03 12:29:29,810 - INFO - Replaced image reference '![](2015-spring-web-resources/image/purpleflower.jpg)' with new line '{{% figure_azure pid="purpleflower.jpg" caption="" %}}'
2022-06-03 12:29:29,810 - INFO - A group of 18 redundant blank lines were removed
2022-06-03 12:29:29,810 - INFO - A group of 1 redundant blank lines were removed
2022-06-03 12:29:29,810 - INFO - A group of 5 redundant blank lines were removed
2022-06-03 12:29:29,810 - INFO - A group of 1 redundant blank lines were removed
2022-06-03 12:29:29,810 - INFO - Removed page header line 'Closeup | Stone'
2022-06-03 12:29:29,810 - INFO - Replaced image reference '![](2015-spring-web-resources/image/clouds.jpg)' with new line '{{% figure_azure pid="clouds.jpg" caption="" %}}'
2022-06-03 12:29:29,810 - INFO - A group of 14 redundant blank lines were removed
2022-06-03 12:29:29,810 - INFO - A group of 1 redundant blank lines were removed
2022-06-03 12:29:29,810 - INFO - Removed page header line 'Rootstalk | Volume I, Issue I, Spring 2015'
2022-06-03 12:29:29,810 - INFO - A group of 18 redundant blank lines were removed
2022-06-03 12:29:29,810 - INFO - Replaced image reference '![](2015-spring-web-resources/image/McDonough_photo.jpg)' with new line '{{% figure_azure pid="McDonough_photo.jpg" caption="" %}}'
2022-06-03 12:29:29,810 - INFO - A group of 5 redundant blank lines were removed
2022-06-03 12:29:29,810 - INFO - A group of 1 redundant blank lines were removed
2022-06-03 12:29:29,810 - INFO - A group of 5 redundant blank lines were removed
2022-06-03 12:29:29,810 - INFO - A group of 3 redundant blank lines were removed
2022-06-03 12:29:29,811 - INFO - A group of 3 redundant blank lines were removed
2022-06-03 12:29:29,811 - INFO - A group of 1 redundant blank lines were removed
2022-06-03 12:29:29,811 - INFO - A group of 1 redundant blank lines were removed
2022-06-03 12:29:29,811 - INFO - A group of 1 redundant blank lines were removed
2022-06-03 12:29:29,811 - INFO - A group of 1 redundant blank lines were removed
2022-06-03 12:29:29,811 - INFO - A group of 1 redundant blank lines were removed
2022-06-03 12:29:29,811 - INFO - A group of 1 redundant blank lines were removed
2022-06-03 12:29:29,811 - INFO - A group of 1 redundant blank lines were removed
2022-06-03 12:29:29,811 - INFO - A group of 1 redundant blank lines were removed
2022-06-03 12:29:29,811 - INFO - A group of 1 redundant blank lines were removed
2022-06-03 12:29:29,811 - INFO - A group of 1 redundant blank lines were removed
2022-06-03 12:29:29,811 - INFO - A group of 1 redundant blank lines were removed
2022-06-03 12:29:29,811 - INFO - A group of 1 redundant blank lines were removed
2022-06-03 12:29:29,811 - INFO - A group of 1 redundant blank lines were removed
2022-06-03 12:29:29,811 - INFO - A group of 1 redundant blank lines were removed
2022-06-03 12:29:29,811 - INFO - A group of 1 redundant blank lines were removed
2022-06-03 12:29:29,811 - INFO - A group of 1 redundant blank lines were removed
2022-06-03 12:29:29,811 - INFO - A group of 1 redundant blank lines were removed
2022-06-03 12:29:29,811 - INFO - A group of 1 redundant blank lines were removed
2022-06-03 12:29:29,811 - INFO - Removed page header line 'The Tie That Binds | McDonough'
2022-06-03 12:29:29,811 - INFO - Replaced image reference '![](2015-spring-web-resources/image/howard_mcdonough_grandmother.jpg)' with new line '{{% figure_azure pid="howard_mcdonough_grandmother.jpg" caption="" %}}'
2022-06-03 12:29:29,811 - INFO - A group of 12 redundant blank lines were removed
2022-06-03 12:29:29,811 - INFO - A group of 2 redundant blank lines were removed
2022-06-03 12:29:29,811 - INFO - Removed page header line 'Rootstalk | Volume I, Issue I, Spring 2015'
2022-06-03 12:29:29,811 - INFO - A group of 12 redundant blank lines were removed
2022-06-03 12:29:29,811 - INFO - A group of 1 redundant blank lines were removed
2022-06-03 12:29:29,811 - INFO - A group of 1 redundant blank lines were removed
2022-06-03 12:29:29,811 - INFO - A group of 1 redundant blank lines were removed
2022-06-03 12:29:29,811 - INFO - Removed page header line 'The Tie That Binds | McDonough'
2022-06-03 12:29:29,812 - INFO - Removed page header line 'Rootstalk | Volume I, Issue I, Spring 2015'
2022-06-03 12:29:29,812 - INFO - Replaced image reference '![](2015-spring-web-resources/image/Farmhouse_near_Kinross1.jpg)' with new line '{{% figure_azure pid="Farmhouse_near_Kinross1.jpg" caption="" %}}'
2022-06-03 12:29:29,812 - INFO - A group of 27 redundant blank lines were removed
2022-06-03 12:29:29,812 - INFO - A group of 1 redundant blank lines were removed
2022-06-03 12:29:29,812 - INFO - Removed page header line 'Transformed | Crowley'
2022-06-03 12:29:29,812 - INFO - Replaced image reference '![](2015-spring-web-resources/image/Crowley_Transformed1.jpg)' with new line '{{% figure_azure pid="Crowley_Transformed1.jpg" caption="" %}}'
2022-06-03 12:29:29,812 - INFO - A group of 12 redundant blank lines were removed
2022-06-03 12:29:29,812 - INFO - A group of 1 redundant blank lines were removed
2022-06-03 12:29:29,812 - INFO - Removed page header line 'Rootstalk | Volume I, Issue I, Spring 2015'
2022-06-03 12:29:29,812 - INFO - A group of 16 redundant blank lines were removed
2022-06-03 12:29:29,812 - INFO - A group of 3 redundant blank lines were removed
2022-06-03 12:29:29,812 - INFO - A group of 1 redundant blank lines were removed
2022-06-03 12:29:29,812 - INFO - A group of 1 redundant blank lines were removed
2022-06-03 12:29:29,812 - INFO - A group of 1 redundant blank lines were removed
2022-06-03 12:29:29,812 - INFO - A group of 1 redundant blank lines were removed
2022-06-03 12:29:29,812 - INFO - A group of 1 redundant blank lines were removed
2022-06-03 12:29:29,812 - INFO - A group of 1 redundant blank lines were removed
2022-06-03 12:29:29,812 - INFO - A group of 1 redundant blank lines were removed
2022-06-03 12:29:29,812 - INFO - A group of 1 redundant blank lines were removed
2022-06-03 12:29:29,812 - INFO - A group of 1 redundant blank lines were removed
2022-06-03 12:29:29,812 - INFO - A group of 1 redundant blank lines were removed
2022-06-03 12:29:29,812 - INFO - A group of 3 redundant blank lines were removed
2022-06-03 12:29:29,812 - INFO - A group of 1 redundant blank lines were removed
2022-06-03 12:29:29,812 - INFO - A group of 1 redundant blank lines were removed
2022-06-03 12:29:29,812 - INFO - A group of 1 redundant blank lines were removed
2022-06-03 12:29:29,812 - INFO - A group of 1 redundant blank lines were removed
2022-06-03 12:29:29,812 - INFO - A group of 1 redundant blank lines were removed
2022-06-03 12:29:29,812 - INFO - A group of 1 redundant blank lines were removed
2022-06-03 12:29:29,812 - INFO - A group of 1 redundant blank lines were removed
2022-06-03 12:29:29,812 - INFO - A group of 1 redundant blank lines were removed
2022-06-03 12:29:29,812 - INFO - A group of 1 redundant blank lines were removed
2022-06-03 12:29:29,813 - INFO - A group of 1 redundant blank lines were removed
2022-06-03 12:29:29,813 - INFO - A group of 1 redundant blank lines were removed
2022-06-03 12:29:29,813 - INFO - A group of 1 redundant blank lines were removed
2022-06-03 12:29:29,813 - INFO - A group of 1 redundant blank lines were removed
2022-06-03 12:29:29,813 - INFO - A group of 1 redundant blank lines were removed
2022-06-03 12:29:29,813 - INFO - A group of 1 redundant blank lines were removed
2022-06-03 12:29:29,813 - INFO - A group of 1 redundant blank lines were removed
2022-06-03 12:29:29,813 - INFO - A group of 1 redundant blank lines were removed
2022-06-03 12:29:29,813 - INFO - A group of 1 redundant blank lines were removed
2022-06-03 12:29:29,813 - INFO - A group of 1 redundant blank lines were removed
2022-06-03 12:29:29,813 - INFO - A group of 1 redundant blank lines were removed
2022-06-03 12:29:29,813 - INFO - A group of 9 redundant blank lines were removed
2022-06-03 12:29:29,813 - INFO - Making article.md files for 2015-spring.
2022-06-03 12:29:29,815 - DEBUG - year: 2015
2022-06-03 12:29:29,815 - DEBUG - term: spring
2022-06-03 12:29:29,815 - DEBUG - title: Volume I, Issue 1, Spring 2015
2022-06-03 12:29:29,815 - DEBUG - articles: ['editorial-staff', 'andelson-note', 'crowley-images', 'dean', 'ottenstein', 'crowley-closeup', 'ikerd', 'swander', 'howe-katz', 'larsen-schulte-tyndall', 'swander-2', 'koether', 'andelson', 'williams', 'darrah', 'ferrell', 'enshayan', 'swander-3', 'stone-closeup', 'mcdonough', 'filler-material']
2022-06-03 12:29:29,815 - INFO - Creating article markdown file '2015-spring-web-resources/editorial-staff.md'...
2022-06-03 12:29:29,816 - INFO - Creating article markdown file '2015-spring-web-resources/andelson-note.md'...
2022-06-03 12:29:29,817 - INFO - Creating article markdown file '2015-spring-web-resources/crowley-images.md'...
2022-06-03 12:29:29,818 - INFO - Creating article markdown file '2015-spring-web-resources/dean.md'...
2022-06-03 12:29:29,818 - INFO - Creating article markdown file '2015-spring-web-resources/ottenstein.md'...
2022-06-03 12:29:29,819 - INFO - Creating article markdown file '2015-spring-web-resources/crowley-closeup.md'...
2022-06-03 12:29:29,820 - INFO - Creating article markdown file '2015-spring-web-resources/ikerd.md'...
2022-06-03 12:29:29,821 - INFO - Creating article markdown file '2015-spring-web-resources/swander.md'...
2022-06-03 12:29:29,821 - INFO - Creating article markdown file '2015-spring-web-resources/howe-katz.md'...
2022-06-03 12:29:29,822 - INFO - Creating article markdown file '2015-spring-web-resources/larsen-schulte-tyndall.md'...
2022-06-03 12:29:29,823 - INFO - Creating article markdown file '2015-spring-web-resources/swander-2.md'...
2022-06-03 12:29:29,823 - INFO - Creating article markdown file '2015-spring-web-resources/koether.md'...
2022-06-03 12:29:29,824 - INFO - Creating article markdown file '2015-spring-web-resources/andelson.md'...
2022-06-03 12:29:29,824 - INFO - Creating article markdown file '2015-spring-web-resources/williams.md'...
2022-06-03 12:29:29,825 - INFO - Creating article markdown file '2015-spring-web-resources/darrah.md'...
2022-06-03 12:29:29,825 - INFO - Creating article markdown file '2015-spring-web-resources/ferrell.md'...
2022-06-03 12:29:29,826 - INFO - Creating article markdown file '2015-spring-web-resources/enshayan.md'...
2022-06-03 12:29:29,826 - INFO - Creating article markdown file '2015-spring-web-resources/swander-3.md'...
2022-06-03 12:29:29,827 - INFO - Creating article markdown file '2015-spring-web-resources/stone-closeup.md'...
2022-06-03 12:29:29,827 - INFO - Creating article markdown file '2015-spring-web-resources/mcdonough.md'...
2022-06-03 12:29:29,828 - INFO - Creating article markdown file '2015-spring-web-resources/filler-material.md'...
INFO:root:Found .html file: 2015-spring/2015-spring.html
INFO:root:Creating new .md file: 2015-spring/2015-spring.md
INFO:root:Attempting to open markdown file: 2015-spring/2015-spring.md
INFO:root:Creating new Azure .md file at '2015-spring/2015-spring-azure.md'.
INFO:root:Processing the 2015-spring/2015-spring.yml file.
INFO:root:year: 2015
INFO:root:term: spring
INFO:root:title: Volume I, Issue 1, Spring 2015
INFO:root:articles: ['editorial-staff', 'andelson-note', 'crowley-images', 'dean', 'ottenstein', 'crowley-closeup', 'ikerd', 'swander', 'howe-katz', 'larsen-schulte-tyndall', 'swander-2', 'koether', 'andelson', 'williams', 'darrah', 'ferrell', 'enshayan', 'swander-3', 'stone-closeup', 'mcdonough', 'filler-material']
INFO:root:Creating article markdown file '2015-spring/2015-spring-web-resources/editorial-staff.md'...
INFO:root:Creating article markdown file '2015-spring/2015-spring-web-resources/andelson-note.md'...
INFO:root:Creating article markdown file '2015-spring/2015-spring-web-resources/crowley-images.md'...
INFO:root:Creating article markdown file '2015-spring/2015-spring-web-resources/dean.md'...
INFO:root:Creating article markdown file '2015-spring/2015-spring-web-resources/ottenstein.md'...
INFO:root:Creating article markdown file '2015-spring/2015-spring-web-resources/crowley-closeup.md'...
INFO:root:Creating article markdown file '2015-spring/2015-spring-web-resources/ikerd.md'...
INFO:root:Creating article markdown file '2015-spring/2015-spring-web-resources/swander.md'...
INFO:root:Creating article markdown file '2015-spring/2015-spring-web-resources/howe-katz.md'...
INFO:root:Creating article markdown file '2015-spring/2015-spring-web-resources/larsen-schulte-tyndall.md'...
INFO:root:Creating article markdown file '2015-spring/2015-spring-web-resources/swander-2.md'...
INFO:root:Creating article markdown file '2015-spring/2015-spring-web-resources/koether.md'...
INFO:root:Creating article markdown file '2015-spring/2015-spring-web-resources/andelson.md'...
INFO:root:Creating article markdown file '2015-spring/2015-spring-web-resources/williams.md'...
INFO:root:Creating article markdown file '2015-spring/2015-spring-web-resources/darrah.md'...
INFO:root:Creating article markdown file '2015-spring/2015-spring-web-resources/ferrell.md'...
INFO:root:Creating article markdown file '2015-spring/2015-spring-web-resources/enshayan.md'...
INFO:root:Creating article markdown file '2015-spring/2015-spring-web-resources/swander-3.md'...
INFO:root:Creating article markdown file '2015-spring/2015-spring-web-resources/stone-closeup.md'...
INFO:root:Creating article markdown file '2015-spring/2015-spring-web-resources/mcdonough.md'...
INFO:root:Creating article markdown file '2015-spring/2015-spring-web-resources/filler-material.md'...
