INFO:root:Found .html file: 2023-spring/2023-spring.html
INFO:root:Creating new .md file: 2023-spring/2023-spring.md
INFO:root:Attempting to open markdown file: 2023-spring/2023-spring.md
INFO:root:Creating new Azure .md file at '2023-spring/2023-spring-azure.md'.
INFO:root:Processing the 2023-spring/2023-spring.yml file.
INFO:root:year: 2023
INFO:root:term: spring
INFO:root:title: Volume IX, Issue 1, Spring 2023
INFO:root:articles: ['publisher', 'editors', 'martinez', 'sang-sang', 'klassen', 'tech-on-the-prarie', 'walsh', 'dejule', 'enshayan', 'fieser', 'clotfelter', 'schrager', 'weeks', 'edwards', 'podcast', 'larson', 'colbert', 'spindler-krage', 'downing', 'ulbrich', 'gresham', 'filler-material']
INFO:root:Creating article markdown file '2023-spring/2023-spring-web-resources/publisher.md'...
INFO:root:Creating article markdown file '2023-spring/2023-spring-web-resources/editors.md'...
INFO:root:Creating article markdown file '2023-spring/2023-spring-web-resources/martinez.md'...
INFO:root:Creating article markdown file '2023-spring/2023-spring-web-resources/sang-sang.md'...
INFO:root:Creating article markdown file '2023-spring/2023-spring-web-resources/klassen.md'...
INFO:root:Creating article markdown file '2023-spring/2023-spring-web-resources/tech-on-the-prarie.md'...
INFO:root:Creating article markdown file '2023-spring/2023-spring-web-resources/walsh.md'...
INFO:root:Creating article markdown file '2023-spring/2023-spring-web-resources/dejule.md'...
INFO:root:Creating article markdown file '2023-spring/2023-spring-web-resources/enshayan.md'...
INFO:root:Creating article markdown file '2023-spring/2023-spring-web-resources/fieser.md'...
INFO:root:Creating article markdown file '2023-spring/2023-spring-web-resources/clotfelter.md'...
INFO:root:Creating article markdown file '2023-spring/2023-spring-web-resources/schrager.md'...
INFO:root:Creating article markdown file '2023-spring/2023-spring-web-resources/weeks.md'...
INFO:root:Creating article markdown file '2023-spring/2023-spring-web-resources/edwards.md'...
INFO:root:Creating article markdown file '2023-spring/2023-spring-web-resources/podcast.md'...
INFO:root:Creating article markdown file '2023-spring/2023-spring-web-resources/larson.md'...
INFO:root:Creating article markdown file '2023-spring/2023-spring-web-resources/colbert.md'...
INFO:root:Creating article markdown file '2023-spring/2023-spring-web-resources/spindler-krage.md'...
INFO:root:Creating article markdown file '2023-spring/2023-spring-web-resources/downing.md'...
INFO:root:Creating article markdown file '2023-spring/2023-spring-web-resources/ulbrich.md'...
INFO:root:Creating article markdown file '2023-spring/2023-spring-web-resources/gresham.md'...
INFO:root:Creating article markdown file '2023-spring/2023-spring-web-resources/filler-material.md'...
