INFO:root:Found .html file: 2024-spring/sample-from-generic/converted/sample-from-generic.html
INFO:root:Creating new .md file: 2024-spring/sample-from-generic/converted/sample-from-generic.md
INFO:root:Found .html file: 2024-spring/sample-from-generic/converted/sample-from-generic.html
INFO:root:Creating new .md file: 2024-spring/sample-from-generic/converted/sample-from-generic.md
INFO:root:Found .html file: 2024-spring/sample-from-generic/converted/sample-from-generic.html
INFO:root:Creating new .md file: 2024-spring/sample-from-generic/converted/sample-from-generic.md
INFO:root:Found .html file: 2024-spring/sample-from-generic/converted/sample-from-generic.html
INFO:root:Creating new .md file: 2024-spring/sample-from-generic/converted/sample-from-generic.md
INFO:root:Found .html file: 2024-spring/sample-from-generic/converted/sample-from-generic.html
INFO:root:Creating new .md file: 2024-spring/sample-from-generic/converted/sample-from-generic.md
INFO:root:Attempting to open markdown file: 2024-spring/sample-from-generic/converted/sample-from-generic.md
INFO:root:Creating new Azure .md file at '2024-spring/sample-from-generic/converted/sample-from-generic-azure.md'.
ERROR:root:ERROR: No 2024-spring/sample-from-generic/converted/sample-from-generic.yml YAML file found! You need to create this file if you wish to proceed with the 2024-spring issue!
INFO:root:Found .html file: 2024-spring/sample-from-generic/converted/sample-from-generic.html
INFO:root:Creating new .md file: 2024-spring/sample-from-generic/converted/sample-from-generic.md
INFO:root:Found .html file: 2024-spring/sample-from-generic/converted/sample-from-generic.html
INFO:root:Creating new .md file: 2024-spring/sample-from-generic/converted/sample-from-generic.md
INFO:root:Found .html file: 2024-spring/sample-from-generic/converted/sample-from-generic.html
INFO:root:Creating new .md file: 2024-spring/sample-from-generic/converted/sample-from-generic.md
INFO:root:Found .html file: 2024-spring/sample-from-generic/converted/sample-from-generic.html
INFO:root:Creating new .md file: 2024-spring/sample-from-generic/converted/sample-from-generic.md
INFO:root:Found .html file: 2024-spring/sample-from-generic/converted/sample-from-generic.html
INFO:root:Creating new .md file: 2024-spring/sample-from-generic/converted/sample-from-generic.md
INFO:root:Found .html file: 2024-spring/sample-from-generic/converted/sample-from-generic.html
INFO:root:Creating new .md file: 2024-spring/sample-from-generic/converted/sample-from-generic.md
INFO:root:Found .html file: 2024-spring/sample-from-generic/converted/sample-from-generic.html
INFO:root:Creating new .md file: 2024-spring/sample-from-generic/converted/sample-from-generic.md
INFO:root:Found .html file: 2024-spring/sample-from-generic/converted/sample-from-generic.html
INFO:root:Creating new .md file: 2024-spring/sample-from-generic/converted/sample-from-generic.md
INFO:root:Found .html file: 2024-spring/sample-from-generic/converted/sample-from-generic.html
INFO:root:Found .html file: 2024-spring/sample-from-generic/converted/sample-from-generic.html
INFO:root:Creating new .md file: 2024-spring/sample-from-generic/converted/sample-from-generic.md
INFO:root:Found .html file: 2024-spring/sample-from-generic/converted/sample-from-generic.html
INFO:root:Creating new .md file: 2024-spring/sample-from-generic/converted/sample-from-generic.md
INFO:root:Found .html file: 2024-spring/sample-from-generic/converted/sample-from-generic.html
INFO:root:Creating new .md file: 2024-spring/sample-from-generic/converted/sample-from-generic.md
INFO:root:Found .html file: 2024-spring/sample-from-generic/converted/sample-from-generic.html
INFO:root:Creating new .md file: 2024-spring/sample-from-generic/converted/sample-from-generic.md
INFO:root:Found .html file: 2024-spring/sample-from-generic/converted/sample-from-generic.html
INFO:root:Found .html file: 2024-spring/sample-from-generic/converted/sample-from-generic.html
INFO:root:Creating new .md file: 2024-spring/sample-from-generic/converted/sample-from-generic.md
INFO:root:Attempting to open markdown file: 2024-spring/sample-from-generic/converted/sample-from-generic.md
INFO:root:Creating new Azure .md file at '2024-spring/sample-from-generic/converted/sample-from-generic-azure.md'.
INFO:root:Found .html file: 2024-spring/sample-from-generic/converted/sample-from-generic.html
INFO:root:Creating new .md file: 2024-spring/sample-from-generic/converted/sample-from-generic.md
INFO:root:Found .html file: 2024-spring/sample-from-generic/converted/sample-from-generic.html
INFO:root:Creating new .md file: 2024-spring/sample-from-generic/converted/sample-from-generic.md
INFO:root:Found .html file: 2024-spring/sample-from-generic/converted/sample-from-generic.html
INFO:root:Creating new .md file: 2024-spring/sample-from-generic/converted/sample-from-generic.md
INFO:root:Found .html file: 2024-spring/sample-from-generic/converted/sample-from-generic.html
INFO:root:Creating new .md file: 2024-spring/sample-from-generic/converted/sample-from-generic.md
INFO:root:Found .html file: 2024-spring/sample-from-generic/converted/sample-from-generic.html
INFO:root:Creating new .md file: 2024-spring/sample-from-generic/converted/sample-from-generic.md
INFO:root:Found .html file: 2024-spring/sample-from-generic/converted/sample-from-generic.html
INFO:root:Creating new .md file: 2024-spring/sample-from-generic/converted/sample-from-generic.md
INFO:root:Found .html file: 2024-spring/sample-from-generic/converted/sample-from-generic.html
INFO:root:Creating new .md file: 2024-spring/sample-from-generic/converted/sample-from-generic.md
INFO:root:Found .html file: 2024-spring/sample-from-generic/converted/sample-from-generic.html
INFO:root:Creating new .md file: 2024-spring/sample-from-generic/converted/sample-from-generic.md
INFO:root:Found .html file: 2024-spring/sample-from-generic/converted/sample-from-generic.html
INFO:root:Creating new .md file: 2024-spring/sample-from-generic/converted/sample-from-generic.md
INFO:root:Found .html file: 2024-spring/sample-from-generic/converted/sample-from-generic.html
INFO:root:Creating new .md file: 2024-spring/sample-from-generic/converted/sample-from-generic.md
INFO:root:Found .html file: 2024-spring/sample-from-generic/converted/sample-from-generic.html
INFO:root:Creating new .md file: 2024-spring/sample-from-generic/converted/sample-from-generic.md
INFO:root:Found .html file: 2024-spring/sample-from-generic/converted/sample-from-generic.html
INFO:root:Creating new .md file: 2024-spring/sample-from-generic/converted/sample-from-generic.md
INFO:root:Found .html file: 2024-spring/sample-from-generic/converted/sample-from-generic.html
INFO:root:Creating new .md file: 2024-spring/sample-from-generic/converted/sample-from-generic.md
INFO:root:Found .html file: 2024-spring/sample-from-generic/converted/sample-from-generic.html
INFO:root:Creating new .md file: 2024-spring/sample-from-generic/converted/sample-from-generic.md
INFO:root:Found .html file: 2024-spring/sample-from-generic/converted/sample-from-generic.html
INFO:root:Creating new .md file: 2024-spring/sample-from-generic/converted/sample-from-generic.md
INFO:root:Found .html file: 2024-spring/sample-from-generic/converted/sample-from-generic.html
INFO:root:Creating new .md file: 2024-spring/sample-from-generic/converted/sample-from-generic.md
INFO:root:Found .html file: 2024-spring/sample-from-generic/converted/sample-from-generic.html
INFO:root:Creating new .md file: 2024-spring/sample-from-generic/converted/sample-from-generic.md
INFO:root:Found .html file: 2024-spring/sample-from-generic/converted/sample-from-generic.html
INFO:root:Creating new .md file: 2024-spring/sample-from-generic/converted/sample-from-generic.md
INFO:root:Found .html file: 2024-spring/sample-from-generic/converted/sample-from-generic.html
INFO:root:Creating new .md file: 2024-spring/sample-from-generic/converted/sample-from-generic.md
INFO:root:Found .html file: 2024-spring/sample-from-generic/converted/sample-from-generic.html
INFO:root:Creating new .md file: 2024-spring/sample-from-generic/converted/sample-from-generic.md
INFO:root:Found .html file: 2024-spring/sample-from-generic/converted/sample-from-generic.html
INFO:root:Creating new .md file: 2024-spring/sample-from-generic/converted/sample-from-generic.md
INFO:root:Found .html file: 2024-spring/sample-from-generic/converted/sample-from-generic.html
INFO:root:Creating new .md file: 2024-spring/sample-from-generic/converted/sample-from-generic.md
