INFO:root:Found .html file: 2022-spring/2022-spring.html
INFO:root:Creating new .md file: 2022-spring/2022-spring.md
INFO:root:Attempting to open markdown file: 2022-spring/2022-spring.md
INFO:root:Creating new Azure .md file at '2022-spring/2022-spring-azure.md'.
INFO:root:Processing the 2022-spring/2022-spring.yml file.
INFO:root:year: 2022
INFO:root:term: spring
INFO:root:title: Volume VIII, Issue 1, Spring 2022
INFO:root:articles: ['publisher', 'agpoon', 'editors', 'munoz', 'thompson', 'macmoran', 'woodpeckers-of-the-prairie', 'obrien', 'chen', 'trissell', 'mcgary-adams-dubow-fay-stindt-schaefer', 'hootstein', 'horan', 'kessel', 'henry', 'buck', 'lewis-beck', 'burt', 'taylor', 'gaddis', 'bradley', 'burchit', 'filler-material']
INFO:root:Creating article markdown file '2022-spring/2022-spring-web-resources/publisher.md'...
INFO:root:Creating article markdown file '2022-spring/2022-spring-web-resources/agpoon.md'...
INFO:root:Creating article markdown file '2022-spring/2022-spring-web-resources/editors.md'...
INFO:root:Creating article markdown file '2022-spring/2022-spring-web-resources/munoz.md'...
INFO:root:Creating article markdown file '2022-spring/2022-spring-web-resources/thompson.md'...
INFO:root:Creating article markdown file '2022-spring/2022-spring-web-resources/macmoran.md'...
INFO:root:Creating article markdown file '2022-spring/2022-spring-web-resources/woodpeckers-of-the-prairie.md'...
INFO:root:Creating article markdown file '2022-spring/2022-spring-web-resources/obrien.md'...
INFO:root:Creating article markdown file '2022-spring/2022-spring-web-resources/chen.md'...
INFO:root:Creating article markdown file '2022-spring/2022-spring-web-resources/trissell.md'...
INFO:root:Creating article markdown file '2022-spring/2022-spring-web-resources/mcgary-adams-dubow-fay-stindt-schaefer.md'...
INFO:root:Creating article markdown file '2022-spring/2022-spring-web-resources/hootstein.md'...
INFO:root:Creating article markdown file '2022-spring/2022-spring-web-resources/horan.md'...
INFO:root:Creating article markdown file '2022-spring/2022-spring-web-resources/kessel.md'...
INFO:root:Creating article markdown file '2022-spring/2022-spring-web-resources/henry.md'...
INFO:root:Creating article markdown file '2022-spring/2022-spring-web-resources/buck.md'...
INFO:root:Creating article markdown file '2022-spring/2022-spring-web-resources/lewis-beck.md'...
INFO:root:Creating article markdown file '2022-spring/2022-spring-web-resources/burt.md'...
INFO:root:Creating article markdown file '2022-spring/2022-spring-web-resources/taylor.md'...
INFO:root:Creating article markdown file '2022-spring/2022-spring-web-resources/gaddis.md'...
INFO:root:Creating article markdown file '2022-spring/2022-spring-web-resources/bradley.md'...
INFO:root:Creating article markdown file '2022-spring/2022-spring-web-resources/burchit.md'...
INFO:root:Creating article markdown file '2022-spring/2022-spring-web-resources/filler-material.md'...
