INFO:root:Found .html file: 2024-spring/walsh/converted/walsh.html
INFO:root:Creating new .md file: 2024-spring/walsh/converted/walsh.md
INFO:azure.core.pipeline.policies.http_logging_policy:Request URL: 'https://rootstalk.blob.core.windows.net/rootstalk-2024-spring/walsh-1.jpeg'
Request method: 'HEAD'
Request headers:
    'x-ms-version': 'REDACTED'
    'Accept': 'application/xml'
    'User-Agent': 'azsdk-python-storage-blob/12.19.1 Python/3.9.5 (macOS-10.16-x86_64-i386-64bit)'
    'x-ms-date': 'REDACTED'
    'x-ms-client-request-id': 'c65ea328-fccc-11ee-bb94-9aa213ed91f9'
    'Authorization': 'REDACTED'
No body was attached to the request
DEBUG:urllib3.connectionpool:Starting new HTTPS connection (1): rootstalk.blob.core.windows.net:443
DEBUG:urllib3.connectionpool:https://rootstalk.blob.core.windows.net:443 "HEAD /rootstalk-2024-spring/walsh-1.jpeg HTTP/1.1" 200 0
INFO:azure.core.pipeline.policies.http_logging_policy:Response status: 200
Response headers:
    'Content-Length': '46527'
    'Content-Type': 'application/octet-stream'
    'Content-MD5': 'REDACTED'
    'Last-Modified': 'Tue, 16 Apr 2024 16:34:20 GMT'
    'Accept-Ranges': 'REDACTED'
    'ETag': '"0x8DC5E3310EC661D"'
    'Vary': 'REDACTED'
    'Server': 'Windows-Azure-Blob/1.0 Microsoft-HTTPAPI/2.0'
    'x-ms-request-id': 'df2ad5d8-d01e-00cd-4ed9-90feb0000000'
    'x-ms-client-request-id': 'c65ea328-fccc-11ee-bb94-9aa213ed91f9'
    'x-ms-version': 'REDACTED'
    'x-ms-creation-time': 'REDACTED'
    'x-ms-lease-status': 'REDACTED'
    'x-ms-lease-state': 'REDACTED'
    'x-ms-blob-type': 'REDACTED'
    'x-ms-server-encrypted': 'REDACTED'
    'x-ms-access-tier': 'REDACTED'
    'x-ms-access-tier-inferred': 'REDACTED'
    'Date': 'Wed, 17 Apr 2024 15:11:32 GMT'
INFO:azure.core.pipeline.policies.http_logging_policy:Request URL: 'https://rootstalk.blob.core.windows.net/rootstalk-2024-spring/walsh-3.png'
Request method: 'HEAD'
Request headers:
    'x-ms-version': 'REDACTED'
    'Accept': 'application/xml'
    'User-Agent': 'azsdk-python-storage-blob/12.19.1 Python/3.9.5 (macOS-10.16-x86_64-i386-64bit)'
    'x-ms-date': 'REDACTED'
    'x-ms-client-request-id': 'd28cb00e-fccc-11ee-bb94-9aa213ed91f9'
    'Authorization': 'REDACTED'
No body was attached to the request
DEBUG:urllib3.connectionpool:https://rootstalk.blob.core.windows.net:443 "HEAD /rootstalk-2024-spring/walsh-3.png HTTP/1.1" 200 0
INFO:azure.core.pipeline.policies.http_logging_policy:Response status: 200
Response headers:
    'Content-Length': '308349'
    'Content-Type': 'application/octet-stream'
    'Content-MD5': 'REDACTED'
    'Last-Modified': 'Wed, 17 Apr 2024 14:57:37 GMT'
    'Accept-Ranges': 'REDACTED'
    'ETag': '"0x8DC5EEEB8906BFC"'
    'Vary': 'REDACTED'
    'Server': 'Windows-Azure-Blob/1.0 Microsoft-HTTPAPI/2.0'
    'x-ms-request-id': 'df2b2863-d01e-00cd-1ad9-90feb0000000'
    'x-ms-client-request-id': 'd28cb00e-fccc-11ee-bb94-9aa213ed91f9'
    'x-ms-version': 'REDACTED'
    'x-ms-creation-time': 'REDACTED'
    'x-ms-lease-status': 'REDACTED'
    'x-ms-lease-state': 'REDACTED'
    'x-ms-blob-type': 'REDACTED'
    'x-ms-server-encrypted': 'REDACTED'
    'x-ms-access-tier': 'REDACTED'
    'x-ms-access-tier-inferred': 'REDACTED'
    'Date': 'Wed, 17 Apr 2024 15:11:52 GMT'
INFO:azure.core.pipeline.policies.http_logging_policy:Request URL: 'https://rootstalk.blob.core.windows.net/rootstalk-2024-spring/walsh-4.png'
Request method: 'HEAD'
Request headers:
    'x-ms-version': 'REDACTED'
    'Accept': 'application/xml'
    'User-Agent': 'azsdk-python-storage-blob/12.19.1 Python/3.9.5 (macOS-10.16-x86_64-i386-64bit)'
    'x-ms-date': 'REDACTED'
    'x-ms-client-request-id': 'e6cea0ea-fccc-11ee-bb94-9aa213ed91f9'
    'Authorization': 'REDACTED'
No body was attached to the request
DEBUG:urllib3.connectionpool:https://rootstalk.blob.core.windows.net:443 "HEAD /rootstalk-2024-spring/walsh-4.png HTTP/1.1" 200 0
INFO:azure.core.pipeline.policies.http_logging_policy:Response status: 200
Response headers:
    'Content-Length': '638185'
    'Content-Type': 'application/octet-stream'
    'Content-MD5': 'REDACTED'
    'Last-Modified': 'Wed, 17 Apr 2024 14:57:37 GMT'
    'Accept-Ranges': 'REDACTED'
    'ETag': '"0x8DC5EEEB8ABB830"'
    'Vary': 'REDACTED'
    'Server': 'Windows-Azure-Blob/1.0 Microsoft-HTTPAPI/2.0'
    'x-ms-request-id': 'df2b9718-d01e-00cd-20d9-90feb0000000'
    'x-ms-client-request-id': 'e6cea0ea-fccc-11ee-bb94-9aa213ed91f9'
    'x-ms-version': 'REDACTED'
    'x-ms-creation-time': 'REDACTED'
    'x-ms-lease-status': 'REDACTED'
    'x-ms-lease-state': 'REDACTED'
    'x-ms-blob-type': 'REDACTED'
    'x-ms-server-encrypted': 'REDACTED'
    'x-ms-access-tier': 'REDACTED'
    'x-ms-access-tier-inferred': 'REDACTED'
    'Date': 'Wed, 17 Apr 2024 15:12:26 GMT'
INFO:azure.core.pipeline.policies.http_logging_policy:Request URL: 'https://rootstalk.blob.core.windows.net/rootstalk-2024-spring/walsh-5.png'
Request method: 'HEAD'
Request headers:
    'x-ms-version': 'REDACTED'
    'Accept': 'application/xml'
    'User-Agent': 'azsdk-python-storage-blob/12.19.1 Python/3.9.5 (macOS-10.16-x86_64-i386-64bit)'
    'x-ms-date': 'REDACTED'
    'x-ms-client-request-id': 'f079b404-fccc-11ee-bb94-9aa213ed91f9'
    'Authorization': 'REDACTED'
No body was attached to the request
DEBUG:urllib3.connectionpool:https://rootstalk.blob.core.windows.net:443 "HEAD /rootstalk-2024-spring/walsh-5.png HTTP/1.1" 200 0
INFO:azure.core.pipeline.policies.http_logging_policy:Response status: 200
Response headers:
    'Content-Length': '303474'
    'Content-Type': 'application/octet-stream'
    'Content-MD5': 'REDACTED'
    'Last-Modified': 'Wed, 17 Apr 2024 14:57:37 GMT'
    'Accept-Ranges': 'REDACTED'
    'ETag': '"0x8DC5EEEB8C09CB1"'
    'Vary': 'REDACTED'
    'Server': 'Windows-Azure-Blob/1.0 Microsoft-HTTPAPI/2.0'
    'x-ms-request-id': 'df2bda04-d01e-00cd-42d9-90feb0000000'
    'x-ms-client-request-id': 'f079b404-fccc-11ee-bb94-9aa213ed91f9'
    'x-ms-version': 'REDACTED'
    'x-ms-creation-time': 'REDACTED'
    'x-ms-lease-status': 'REDACTED'
    'x-ms-lease-state': 'REDACTED'
    'x-ms-blob-type': 'REDACTED'
    'x-ms-server-encrypted': 'REDACTED'
    'x-ms-access-tier': 'REDACTED'
    'x-ms-access-tier-inferred': 'REDACTED'
    'Date': 'Wed, 17 Apr 2024 15:12:42 GMT'
INFO:root:Found .html file: 2024-spring/walsh/converted/walsh.html
INFO:root:Creating new .md file: 2024-spring/walsh/converted/walsh.md
INFO:azure.core.pipeline.policies.http_logging_policy:Request URL: 'https://rootstalk.blob.core.windows.net/rootstalk-2024-spring/walsh-1.jpeg'
Request method: 'HEAD'
Request headers:
    'x-ms-version': 'REDACTED'
    'Accept': 'application/xml'
    'User-Agent': 'azsdk-python-storage-blob/12.19.1 Python/3.9.5 (macOS-10.16-x86_64-i386-64bit)'
    'x-ms-date': 'REDACTED'
    'x-ms-client-request-id': '7938b0ec-fccd-11ee-9a64-9aa213ed91f9'
    'Authorization': 'REDACTED'
No body was attached to the request
DEBUG:urllib3.connectionpool:Starting new HTTPS connection (1): rootstalk.blob.core.windows.net:443
DEBUG:urllib3.connectionpool:https://rootstalk.blob.core.windows.net:443 "HEAD /rootstalk-2024-spring/walsh-1.jpeg HTTP/1.1" 200 0
INFO:azure.core.pipeline.policies.http_logging_policy:Response status: 200
Response headers:
    'Content-Length': '46527'
    'Content-Type': 'application/octet-stream'
    'Content-MD5': 'REDACTED'
    'Last-Modified': 'Tue, 16 Apr 2024 16:34:20 GMT'
    'Accept-Ranges': 'REDACTED'
    'ETag': '"0x8DC5E3310EC661D"'
    'Vary': 'REDACTED'
    'Server': 'Windows-Azure-Blob/1.0 Microsoft-HTTPAPI/2.0'
    'x-ms-request-id': '24fb66af-d01e-0066-2bda-90aceb000000'
    'x-ms-client-request-id': '7938b0ec-fccd-11ee-9a64-9aa213ed91f9'
    'x-ms-version': 'REDACTED'
    'x-ms-creation-time': 'REDACTED'
    'x-ms-lease-status': 'REDACTED'
    'x-ms-lease-state': 'REDACTED'
    'x-ms-blob-type': 'REDACTED'
    'x-ms-server-encrypted': 'REDACTED'
    'x-ms-access-tier': 'REDACTED'
    'x-ms-access-tier-inferred': 'REDACTED'
    'Date': 'Wed, 17 Apr 2024 15:16:32 GMT'
INFO:root:Found .html file: 2024-spring/walsh/converted/walsh.html
INFO:root:Creating new .md file: 2024-spring/walsh/converted/walsh.md
INFO:azure.core.pipeline.policies.http_logging_policy:Request URL: 'https://rootstalk.blob.core.windows.net/rootstalk-2024-spring/walsh-1.jpeg'
Request method: 'HEAD'
Request headers:
    'x-ms-version': 'REDACTED'
    'Accept': 'application/xml'
    'User-Agent': 'azsdk-python-storage-blob/12.19.1 Python/3.9.5 (macOS-10.16-x86_64-i386-64bit)'
    'x-ms-date': 'REDACTED'
    'x-ms-client-request-id': '2c340456-fcd0-11ee-8f3b-9aa213ed91f9'
    'Authorization': 'REDACTED'
No body was attached to the request
DEBUG:urllib3.connectionpool:Starting new HTTPS connection (1): rootstalk.blob.core.windows.net:443
DEBUG:urllib3.connectionpool:https://rootstalk.blob.core.windows.net:443 "HEAD /rootstalk-2024-spring/walsh-1.jpeg HTTP/1.1" 200 0
INFO:azure.core.pipeline.policies.http_logging_policy:Response status: 200
Response headers:
    'Content-Length': '46527'
    'Content-Type': 'application/octet-stream'
    'Content-MD5': 'REDACTED'
    'Last-Modified': 'Tue, 16 Apr 2024 16:34:20 GMT'
    'Accept-Ranges': 'REDACTED'
    'ETag': '"0x8DC5E3310EC661D"'
    'Vary': 'REDACTED'
    'Server': 'Windows-Azure-Blob/1.0 Microsoft-HTTPAPI/2.0'
    'x-ms-request-id': 'a45e668c-701e-0015-13dc-906250000000'
    'x-ms-client-request-id': '2c340456-fcd0-11ee-8f3b-9aa213ed91f9'
    'x-ms-version': 'REDACTED'
    'x-ms-creation-time': 'REDACTED'
    'x-ms-lease-status': 'REDACTED'
    'x-ms-lease-state': 'REDACTED'
    'x-ms-blob-type': 'REDACTED'
    'x-ms-server-encrypted': 'REDACTED'
    'x-ms-access-tier': 'REDACTED'
    'x-ms-access-tier-inferred': 'REDACTED'
    'Date': 'Wed, 17 Apr 2024 15:35:51 GMT'
INFO:azure.core.pipeline.policies.http_logging_policy:Request URL: 'https://rootstalk.blob.core.windows.net/rootstalk-2024-spring/walsh-3.png'
Request method: 'HEAD'
Request headers:
    'x-ms-version': 'REDACTED'
    'Accept': 'application/xml'
    'User-Agent': 'azsdk-python-storage-blob/12.19.1 Python/3.9.5 (macOS-10.16-x86_64-i386-64bit)'
    'x-ms-date': 'REDACTED'
    'x-ms-client-request-id': '2cded7e6-fcd0-11ee-8f3b-9aa213ed91f9'
    'Authorization': 'REDACTED'
No body was attached to the request
DEBUG:urllib3.connectionpool:https://rootstalk.blob.core.windows.net:443 "HEAD /rootstalk-2024-spring/walsh-3.png HTTP/1.1" 200 0
INFO:azure.core.pipeline.policies.http_logging_policy:Response status: 200
Response headers:
    'Content-Length': '308349'
    'Content-Type': 'application/octet-stream'
    'Content-MD5': 'REDACTED'
    'Last-Modified': 'Wed, 17 Apr 2024 14:57:37 GMT'
    'Accept-Ranges': 'REDACTED'
    'ETag': '"0x8DC5EEEB8906BFC"'
    'Vary': 'REDACTED'
    'Server': 'Windows-Azure-Blob/1.0 Microsoft-HTTPAPI/2.0'
    'x-ms-request-id': 'a45e6bc7-701e-0015-10dc-906250000000'
    'x-ms-client-request-id': '2cded7e6-fcd0-11ee-8f3b-9aa213ed91f9'
    'x-ms-version': 'REDACTED'
    'x-ms-creation-time': 'REDACTED'
    'x-ms-lease-status': 'REDACTED'
    'x-ms-lease-state': 'REDACTED'
    'x-ms-blob-type': 'REDACTED'
    'x-ms-server-encrypted': 'REDACTED'
    'x-ms-access-tier': 'REDACTED'
    'x-ms-access-tier-inferred': 'REDACTED'
    'Date': 'Wed, 17 Apr 2024 15:35:52 GMT'
INFO:azure.core.pipeline.policies.http_logging_policy:Request URL: 'https://rootstalk.blob.core.windows.net/rootstalk-2024-spring/walsh-4.png'
Request method: 'HEAD'
Request headers:
    'x-ms-version': 'REDACTED'
    'Accept': 'application/xml'
    'User-Agent': 'azsdk-python-storage-blob/12.19.1 Python/3.9.5 (macOS-10.16-x86_64-i386-64bit)'
    'x-ms-date': 'REDACTED'
    'x-ms-client-request-id': '2e0d1ce0-fcd0-11ee-8f3b-9aa213ed91f9'
    'Authorization': 'REDACTED'
No body was attached to the request
DEBUG:urllib3.connectionpool:https://rootstalk.blob.core.windows.net:443 "HEAD /rootstalk-2024-spring/walsh-4.png HTTP/1.1" 200 0
INFO:azure.core.pipeline.policies.http_logging_policy:Response status: 200
Response headers:
    'Content-Length': '638185'
    'Content-Type': 'application/octet-stream'
    'Content-MD5': 'REDACTED'
    'Last-Modified': 'Wed, 17 Apr 2024 14:57:37 GMT'
    'Accept-Ranges': 'REDACTED'
    'ETag': '"0x8DC5EEEB8ABB830"'
    'Vary': 'REDACTED'
    'Server': 'Windows-Azure-Blob/1.0 Microsoft-HTTPAPI/2.0'
    'x-ms-request-id': 'a45e75fa-701e-0015-3adc-906250000000'
    'x-ms-client-request-id': '2e0d1ce0-fcd0-11ee-8f3b-9aa213ed91f9'
    'x-ms-version': 'REDACTED'
    'x-ms-creation-time': 'REDACTED'
    'x-ms-lease-status': 'REDACTED'
    'x-ms-lease-state': 'REDACTED'
    'x-ms-blob-type': 'REDACTED'
    'x-ms-server-encrypted': 'REDACTED'
    'x-ms-access-tier': 'REDACTED'
    'x-ms-access-tier-inferred': 'REDACTED'
    'Date': 'Wed, 17 Apr 2024 15:35:54 GMT'
INFO:azure.core.pipeline.policies.http_logging_policy:Request URL: 'https://rootstalk.blob.core.windows.net/rootstalk-2024-spring/walsh-5.png'
Request method: 'HEAD'
Request headers:
    'x-ms-version': 'REDACTED'
    'Accept': 'application/xml'
    'User-Agent': 'azsdk-python-storage-blob/12.19.1 Python/3.9.5 (macOS-10.16-x86_64-i386-64bit)'
    'x-ms-date': 'REDACTED'
    'x-ms-client-request-id': '2ee83550-fcd0-11ee-8f3b-9aa213ed91f9'
    'Authorization': 'REDACTED'
No body was attached to the request
DEBUG:urllib3.connectionpool:https://rootstalk.blob.core.windows.net:443 "HEAD /rootstalk-2024-spring/walsh-5.png HTTP/1.1" 200 0
INFO:azure.core.pipeline.policies.http_logging_policy:Response status: 200
Response headers:
    'Content-Length': '303474'
    'Content-Type': 'application/octet-stream'
    'Content-MD5': 'REDACTED'
    'Last-Modified': 'Wed, 17 Apr 2024 14:57:37 GMT'
    'Accept-Ranges': 'REDACTED'
    'ETag': '"0x8DC5EEEB8C09CB1"'
    'Vary': 'REDACTED'
    'Server': 'Windows-Azure-Blob/1.0 Microsoft-HTTPAPI/2.0'
    'x-ms-request-id': 'a45e7eaa-701e-0015-71dc-906250000000'
    'x-ms-client-request-id': '2ee83550-fcd0-11ee-8f3b-9aa213ed91f9'
    'x-ms-version': 'REDACTED'
    'x-ms-creation-time': 'REDACTED'
    'x-ms-lease-status': 'REDACTED'
    'x-ms-lease-state': 'REDACTED'
    'x-ms-blob-type': 'REDACTED'
    'x-ms-server-encrypted': 'REDACTED'
    'x-ms-access-tier': 'REDACTED'
    'x-ms-access-tier-inferred': 'REDACTED'
    'Date': 'Wed, 17 Apr 2024 15:35:56 GMT'
INFO:root:Found .html file: 2024-spring/walsh/converted/walsh.html
INFO:root:Creating new .md file: 2024-spring/walsh/converted/walsh.md
INFO:azure.core.pipeline.policies.http_logging_policy:Request URL: 'https://rootstalk.blob.core.windows.net/rootstalk-2024-spring/walsh-1.jpeg'
Request method: 'HEAD'
Request headers:
    'x-ms-version': 'REDACTED'
    'Accept': 'application/xml'
    'User-Agent': 'azsdk-python-storage-blob/12.19.1 Python/3.9.5 (macOS-10.16-x86_64-i386-64bit)'
    'x-ms-date': 'REDACTED'
    'x-ms-client-request-id': '57683b74-fcd0-11ee-897a-9aa213ed91f9'
    'Authorization': 'REDACTED'
No body was attached to the request
DEBUG:urllib3.connectionpool:Starting new HTTPS connection (1): rootstalk.blob.core.windows.net:443
DEBUG:urllib3.connectionpool:https://rootstalk.blob.core.windows.net:443 "HEAD /rootstalk-2024-spring/walsh-1.jpeg HTTP/1.1" 200 0
INFO:azure.core.pipeline.policies.http_logging_policy:Response status: 200
Response headers:
    'Content-Length': '46527'
    'Content-Type': 'application/octet-stream'
    'Content-MD5': 'REDACTED'
    'Last-Modified': 'Tue, 16 Apr 2024 16:34:20 GMT'
    'Accept-Ranges': 'REDACTED'
    'ETag': '"0x8DC5E3310EC661D"'
    'Vary': 'REDACTED'
    'Server': 'Windows-Azure-Blob/1.0 Microsoft-HTTPAPI/2.0'
    'x-ms-request-id': 'e97a4750-d01e-0023-1ddd-9045e8000000'
    'x-ms-client-request-id': '57683b74-fcd0-11ee-897a-9aa213ed91f9'
    'x-ms-version': 'REDACTED'
    'x-ms-creation-time': 'REDACTED'
    'x-ms-lease-status': 'REDACTED'
    'x-ms-lease-state': 'REDACTED'
    'x-ms-blob-type': 'REDACTED'
    'x-ms-server-encrypted': 'REDACTED'
    'x-ms-access-tier': 'REDACTED'
    'x-ms-access-tier-inferred': 'REDACTED'
    'Date': 'Wed, 17 Apr 2024 15:37:04 GMT'
INFO:azure.core.pipeline.policies.http_logging_policy:Request URL: 'https://rootstalk.blob.core.windows.net/rootstalk-2024-spring/walsh-3.png'
Request method: 'HEAD'
Request headers:
    'x-ms-version': 'REDACTED'
    'Accept': 'application/xml'
    'User-Agent': 'azsdk-python-storage-blob/12.19.1 Python/3.9.5 (macOS-10.16-x86_64-i386-64bit)'
    'x-ms-date': 'REDACTED'
    'x-ms-client-request-id': '57ea6e46-fcd0-11ee-897a-9aa213ed91f9'
    'Authorization': 'REDACTED'
No body was attached to the request
DEBUG:urllib3.connectionpool:https://rootstalk.blob.core.windows.net:443 "HEAD /rootstalk-2024-spring/walsh-3.png HTTP/1.1" 200 0
INFO:azure.core.pipeline.policies.http_logging_policy:Response status: 200
Response headers:
    'Content-Length': '308349'
    'Content-Type': 'application/octet-stream'
    'Content-MD5': 'REDACTED'
    'Last-Modified': 'Wed, 17 Apr 2024 14:57:37 GMT'
    'Accept-Ranges': 'REDACTED'
    'ETag': '"0x8DC5EEEB8906BFC"'
    'Vary': 'REDACTED'
    'Server': 'Windows-Azure-Blob/1.0 Microsoft-HTTPAPI/2.0'
    'x-ms-request-id': 'e97a49c3-d01e-0023-50dd-9045e8000000'
    'x-ms-client-request-id': '57ea6e46-fcd0-11ee-897a-9aa213ed91f9'
    'x-ms-version': 'REDACTED'
    'x-ms-creation-time': 'REDACTED'
    'x-ms-lease-status': 'REDACTED'
    'x-ms-lease-state': 'REDACTED'
    'x-ms-blob-type': 'REDACTED'
    'x-ms-server-encrypted': 'REDACTED'
    'x-ms-access-tier': 'REDACTED'
    'x-ms-access-tier-inferred': 'REDACTED'
    'Date': 'Wed, 17 Apr 2024 15:37:05 GMT'
INFO:azure.core.pipeline.policies.http_logging_policy:Request URL: 'https://rootstalk.blob.core.windows.net/rootstalk-2024-spring/walsh-4.png'
Request method: 'HEAD'
Request headers:
    'x-ms-version': 'REDACTED'
    'Accept': 'application/xml'
    'User-Agent': 'azsdk-python-storage-blob/12.19.1 Python/3.9.5 (macOS-10.16-x86_64-i386-64bit)'
    'x-ms-date': 'REDACTED'
    'x-ms-client-request-id': '58b9ba5c-fcd0-11ee-897a-9aa213ed91f9'
    'Authorization': 'REDACTED'
No body was attached to the request
DEBUG:urllib3.connectionpool:https://rootstalk.blob.core.windows.net:443 "HEAD /rootstalk-2024-spring/walsh-4.png HTTP/1.1" 200 0
INFO:azure.core.pipeline.policies.http_logging_policy:Response status: 200
Response headers:
    'Content-Length': '638185'
    'Content-Type': 'application/octet-stream'
    'Content-MD5': 'REDACTED'
    'Last-Modified': 'Wed, 17 Apr 2024 14:57:37 GMT'
    'Accept-Ranges': 'REDACTED'
    'ETag': '"0x8DC5EEEB8ABB830"'
    'Vary': 'REDACTED'
    'Server': 'Windows-Azure-Blob/1.0 Microsoft-HTTPAPI/2.0'
    'x-ms-request-id': 'e97a4e27-d01e-0023-39dd-9045e8000000'
    'x-ms-client-request-id': '58b9ba5c-fcd0-11ee-897a-9aa213ed91f9'
    'x-ms-version': 'REDACTED'
    'x-ms-creation-time': 'REDACTED'
    'x-ms-lease-status': 'REDACTED'
    'x-ms-lease-state': 'REDACTED'
    'x-ms-blob-type': 'REDACTED'
    'x-ms-server-encrypted': 'REDACTED'
    'x-ms-access-tier': 'REDACTED'
    'x-ms-access-tier-inferred': 'REDACTED'
    'Date': 'Wed, 17 Apr 2024 15:37:06 GMT'
INFO:azure.core.pipeline.policies.http_logging_policy:Request URL: 'https://rootstalk.blob.core.windows.net/rootstalk-2024-spring/walsh-5.png'
Request method: 'HEAD'
Request headers:
    'x-ms-version': 'REDACTED'
    'Accept': 'application/xml'
    'User-Agent': 'azsdk-python-storage-blob/12.19.1 Python/3.9.5 (macOS-10.16-x86_64-i386-64bit)'
    'x-ms-date': 'REDACTED'
    'x-ms-client-request-id': '59744336-fcd0-11ee-897a-9aa213ed91f9'
    'Authorization': 'REDACTED'
No body was attached to the request
DEBUG:urllib3.connectionpool:https://rootstalk.blob.core.windows.net:443 "HEAD /rootstalk-2024-spring/walsh-5.png HTTP/1.1" 200 0
INFO:azure.core.pipeline.policies.http_logging_policy:Response status: 200
Response headers:
    'Content-Length': '303474'
    'Content-Type': 'application/octet-stream'
    'Content-MD5': 'REDACTED'
    'Last-Modified': 'Wed, 17 Apr 2024 14:57:37 GMT'
    'Accept-Ranges': 'REDACTED'
    'ETag': '"0x8DC5EEEB8C09CB1"'
    'Vary': 'REDACTED'
    'Server': 'Windows-Azure-Blob/1.0 Microsoft-HTTPAPI/2.0'
    'x-ms-request-id': 'e97a5213-d01e-0023-5add-9045e8000000'
    'x-ms-client-request-id': '59744336-fcd0-11ee-897a-9aa213ed91f9'
    'x-ms-version': 'REDACTED'
    'x-ms-creation-time': 'REDACTED'
    'x-ms-lease-status': 'REDACTED'
    'x-ms-lease-state': 'REDACTED'
    'x-ms-blob-type': 'REDACTED'
    'x-ms-server-encrypted': 'REDACTED'
    'x-ms-access-tier': 'REDACTED'
    'x-ms-access-tier-inferred': 'REDACTED'
    'Date': 'Wed, 17 Apr 2024 15:37:08 GMT'
INFO:root:Found .html file: 2024-spring/walsh/converted/walsh.html
INFO:root:Creating new .md file: 2024-spring/walsh/converted/walsh.md
INFO:azure.core.pipeline.policies.http_logging_policy:Request URL: 'https://rootstalk.blob.core.windows.net/rootstalk-2024-spring/walsh-1.jpeg'
Request method: 'HEAD'
Request headers:
    'x-ms-version': 'REDACTED'
    'Accept': 'application/xml'
    'User-Agent': 'azsdk-python-storage-blob/12.19.1 Python/3.9.5 (macOS-10.16-x86_64-i386-64bit)'
    'x-ms-date': 'REDACTED'
    'x-ms-client-request-id': '108412c0-fcd3-11ee-b349-9aa213ed91f9'
    'Authorization': 'REDACTED'
No body was attached to the request
DEBUG:urllib3.connectionpool:Starting new HTTPS connection (1): rootstalk.blob.core.windows.net:443
DEBUG:urllib3.connectionpool:https://rootstalk.blob.core.windows.net:443 "HEAD /rootstalk-2024-spring/walsh-1.jpeg HTTP/1.1" 200 0
INFO:azure.core.pipeline.policies.http_logging_policy:Response status: 200
Response headers:
    'Content-Length': '46527'
    'Content-Type': 'application/octet-stream'
    'Content-MD5': 'REDACTED'
    'Last-Modified': 'Tue, 16 Apr 2024 16:34:20 GMT'
    'Accept-Ranges': 'REDACTED'
    'ETag': '"0x8DC5E3310EC661D"'
    'Vary': 'REDACTED'
    'Server': 'Windows-Azure-Blob/1.0 Microsoft-HTTPAPI/2.0'
    'x-ms-request-id': '7077a964-601e-001f-56df-904812000000'
    'x-ms-client-request-id': '108412c0-fcd3-11ee-b349-9aa213ed91f9'
    'x-ms-version': 'REDACTED'
    'x-ms-creation-time': 'REDACTED'
    'x-ms-lease-status': 'REDACTED'
    'x-ms-lease-state': 'REDACTED'
    'x-ms-blob-type': 'REDACTED'
    'x-ms-server-encrypted': 'REDACTED'
    'x-ms-access-tier': 'REDACTED'
    'x-ms-access-tier-inferred': 'REDACTED'
    'Date': 'Wed, 17 Apr 2024 15:56:33 GMT'
INFO:azure.core.pipeline.policies.http_logging_policy:Request URL: 'https://rootstalk.blob.core.windows.net/rootstalk-2024-spring/walsh-3.png'
Request method: 'HEAD'
Request headers:
    'x-ms-version': 'REDACTED'
    'Accept': 'application/xml'
    'User-Agent': 'azsdk-python-storage-blob/12.19.1 Python/3.9.5 (macOS-10.16-x86_64-i386-64bit)'
    'x-ms-date': 'REDACTED'
    'x-ms-client-request-id': '114e1f20-fcd3-11ee-b349-9aa213ed91f9'
    'Authorization': 'REDACTED'
No body was attached to the request
DEBUG:urllib3.connectionpool:https://rootstalk.blob.core.windows.net:443 "HEAD /rootstalk-2024-spring/walsh-3.png HTTP/1.1" 200 0
INFO:azure.core.pipeline.policies.http_logging_policy:Response status: 200
Response headers:
    'Content-Length': '308349'
    'Content-Type': 'application/octet-stream'
    'Content-MD5': 'REDACTED'
    'Last-Modified': 'Wed, 17 Apr 2024 14:57:37 GMT'
    'Accept-Ranges': 'REDACTED'
    'ETag': '"0x8DC5EEEB8906BFC"'
    'Vary': 'REDACTED'
    'Server': 'Windows-Azure-Blob/1.0 Microsoft-HTTPAPI/2.0'
    'x-ms-request-id': '7077ab73-601e-001f-25df-904812000000'
    'x-ms-client-request-id': '114e1f20-fcd3-11ee-b349-9aa213ed91f9'
    'x-ms-version': 'REDACTED'
    'x-ms-creation-time': 'REDACTED'
    'x-ms-lease-status': 'REDACTED'
    'x-ms-lease-state': 'REDACTED'
    'x-ms-blob-type': 'REDACTED'
    'x-ms-server-encrypted': 'REDACTED'
    'x-ms-access-tier': 'REDACTED'
    'x-ms-access-tier-inferred': 'REDACTED'
    'Date': 'Wed, 17 Apr 2024 15:56:34 GMT'
INFO:azure.core.pipeline.policies.http_logging_policy:Request URL: 'https://rootstalk.blob.core.windows.net/rootstalk-2024-spring/walsh-4.png'
Request method: 'HEAD'
Request headers:
    'x-ms-version': 'REDACTED'
    'Accept': 'application/xml'
    'User-Agent': 'azsdk-python-storage-blob/12.19.1 Python/3.9.5 (macOS-10.16-x86_64-i386-64bit)'
    'x-ms-date': 'REDACTED'
    'x-ms-client-request-id': '12470ce8-fcd3-11ee-b349-9aa213ed91f9'
    'Authorization': 'REDACTED'
No body was attached to the request
DEBUG:urllib3.connectionpool:https://rootstalk.blob.core.windows.net:443 "HEAD /rootstalk-2024-spring/walsh-4.png HTTP/1.1" 200 0
INFO:azure.core.pipeline.policies.http_logging_policy:Response status: 200
Response headers:
    'Content-Length': '638185'
    'Content-Type': 'application/octet-stream'
    'Content-MD5': 'REDACTED'
    'Last-Modified': 'Wed, 17 Apr 2024 14:57:37 GMT'
    'Accept-Ranges': 'REDACTED'
    'ETag': '"0x8DC5EEEB8ABB830"'
    'Vary': 'REDACTED'
    'Server': 'Windows-Azure-Blob/1.0 Microsoft-HTTPAPI/2.0'
    'x-ms-request-id': '7077af4b-601e-001f-1edf-904812000000'
    'x-ms-client-request-id': '12470ce8-fcd3-11ee-b349-9aa213ed91f9'
    'x-ms-version': 'REDACTED'
    'x-ms-creation-time': 'REDACTED'
    'x-ms-lease-status': 'REDACTED'
    'x-ms-lease-state': 'REDACTED'
    'x-ms-blob-type': 'REDACTED'
    'x-ms-server-encrypted': 'REDACTED'
    'x-ms-access-tier': 'REDACTED'
    'x-ms-access-tier-inferred': 'REDACTED'
    'Date': 'Wed, 17 Apr 2024 15:56:36 GMT'
INFO:azure.core.pipeline.policies.http_logging_policy:Request URL: 'https://rootstalk.blob.core.windows.net/rootstalk-2024-spring/walsh-5.png'
Request method: 'HEAD'
Request headers:
    'x-ms-version': 'REDACTED'
    'Accept': 'application/xml'
    'User-Agent': 'azsdk-python-storage-blob/12.19.1 Python/3.9.5 (macOS-10.16-x86_64-i386-64bit)'
    'x-ms-date': 'REDACTED'
    'x-ms-client-request-id': '1316131c-fcd3-11ee-b349-9aa213ed91f9'
    'Authorization': 'REDACTED'
No body was attached to the request
DEBUG:urllib3.connectionpool:https://rootstalk.blob.core.windows.net:443 "HEAD /rootstalk-2024-spring/walsh-5.png HTTP/1.1" 200 0
INFO:azure.core.pipeline.policies.http_logging_policy:Response status: 200
Response headers:
    'Content-Length': '303474'
    'Content-Type': 'application/octet-stream'
    'Content-MD5': 'REDACTED'
    'Last-Modified': 'Wed, 17 Apr 2024 14:57:37 GMT'
    'Accept-Ranges': 'REDACTED'
    'ETag': '"0x8DC5EEEB8C09CB1"'
    'Vary': 'REDACTED'
    'Server': 'Windows-Azure-Blob/1.0 Microsoft-HTTPAPI/2.0'
    'x-ms-request-id': '7077b2ea-601e-001f-7fdf-904812000000'
    'x-ms-client-request-id': '1316131c-fcd3-11ee-b349-9aa213ed91f9'
    'x-ms-version': 'REDACTED'
    'x-ms-creation-time': 'REDACTED'
    'x-ms-lease-status': 'REDACTED'
    'x-ms-lease-state': 'REDACTED'
    'x-ms-blob-type': 'REDACTED'
    'x-ms-server-encrypted': 'REDACTED'
    'x-ms-access-tier': 'REDACTED'
    'x-ms-access-tier-inferred': 'REDACTED'
    'Date': 'Wed, 17 Apr 2024 15:56:37 GMT'
INFO:root:Found .html file: 2024-spring/walsh/converted/walsh.html
INFO:root:Creating new .md file: 2024-spring/walsh/converted/walsh.md
INFO:azure.core.pipeline.policies.http_logging_policy:Request URL: 'https://rootstalk.blob.core.windows.net/rootstalk-2024-spring/walsh-1.jpeg'
Request method: 'HEAD'
Request headers:
    'x-ms-version': 'REDACTED'
    'Accept': 'application/xml'
    'User-Agent': 'azsdk-python-storage-blob/12.19.1 Python/3.9.5 (macOS-10.16-x86_64-i386-64bit)'
    'x-ms-date': 'REDACTED'
    'x-ms-client-request-id': '5a954190-fcd3-11ee-9807-9aa213ed91f9'
    'Authorization': 'REDACTED'
No body was attached to the request
DEBUG:urllib3.connectionpool:Starting new HTTPS connection (1): rootstalk.blob.core.windows.net:443
DEBUG:urllib3.connectionpool:https://rootstalk.blob.core.windows.net:443 "HEAD /rootstalk-2024-spring/walsh-1.jpeg HTTP/1.1" 200 0
INFO:azure.core.pipeline.policies.http_logging_policy:Response status: 200
Response headers:
    'Content-Length': '46527'
    'Content-Type': 'application/octet-stream'
    'Content-MD5': 'REDACTED'
    'Last-Modified': 'Tue, 16 Apr 2024 16:34:20 GMT'
    'Accept-Ranges': 'REDACTED'
    'ETag': '"0x8DC5E3310EC661D"'
    'Vary': 'REDACTED'
    'Server': 'Windows-Azure-Blob/1.0 Microsoft-HTTPAPI/2.0'
    'x-ms-request-id': 'ded9cdd9-d01e-0002-51e0-90c5b4000000'
    'x-ms-client-request-id': '5a954190-fcd3-11ee-9807-9aa213ed91f9'
    'x-ms-version': 'REDACTED'
    'x-ms-creation-time': 'REDACTED'
    'x-ms-lease-status': 'REDACTED'
    'x-ms-lease-state': 'REDACTED'
    'x-ms-blob-type': 'REDACTED'
    'x-ms-server-encrypted': 'REDACTED'
    'x-ms-access-tier': 'REDACTED'
    'x-ms-access-tier-inferred': 'REDACTED'
    'Date': 'Wed, 17 Apr 2024 15:58:38 GMT'
INFO:azure.core.pipeline.policies.http_logging_policy:Request URL: 'https://rootstalk.blob.core.windows.net/rootstalk-2024-spring/walsh-3.png'
Request method: 'HEAD'
Request headers:
    'x-ms-version': 'REDACTED'
    'Accept': 'application/xml'
    'User-Agent': 'azsdk-python-storage-blob/12.19.1 Python/3.9.5 (macOS-10.16-x86_64-i386-64bit)'
    'x-ms-date': 'REDACTED'
    'x-ms-client-request-id': '5b49ad24-fcd3-11ee-9807-9aa213ed91f9'
    'Authorization': 'REDACTED'
No body was attached to the request
DEBUG:urllib3.connectionpool:https://rootstalk.blob.core.windows.net:443 "HEAD /rootstalk-2024-spring/walsh-3.png HTTP/1.1" 200 0
INFO:azure.core.pipeline.policies.http_logging_policy:Response status: 200
Response headers:
    'Content-Length': '308349'
    'Content-Type': 'application/octet-stream'
    'Content-MD5': 'REDACTED'
    'Last-Modified': 'Wed, 17 Apr 2024 14:57:37 GMT'
    'Accept-Ranges': 'REDACTED'
    'ETag': '"0x8DC5EEEB8906BFC"'
    'Vary': 'REDACTED'
    'Server': 'Windows-Azure-Blob/1.0 Microsoft-HTTPAPI/2.0'
    'x-ms-request-id': 'ded9cf8d-d01e-0002-45e0-90c5b4000000'
    'x-ms-client-request-id': '5b49ad24-fcd3-11ee-9807-9aa213ed91f9'
    'x-ms-version': 'REDACTED'
    'x-ms-creation-time': 'REDACTED'
    'x-ms-lease-status': 'REDACTED'
    'x-ms-lease-state': 'REDACTED'
    'x-ms-blob-type': 'REDACTED'
    'x-ms-server-encrypted': 'REDACTED'
    'x-ms-access-tier': 'REDACTED'
    'x-ms-access-tier-inferred': 'REDACTED'
    'Date': 'Wed, 17 Apr 2024 15:58:39 GMT'
INFO:azure.core.pipeline.policies.http_logging_policy:Request URL: 'https://rootstalk.blob.core.windows.net/rootstalk-2024-spring/walsh-4.png'
Request method: 'HEAD'
Request headers:
    'x-ms-version': 'REDACTED'
    'Accept': 'application/xml'
    'User-Agent': 'azsdk-python-storage-blob/12.19.1 Python/3.9.5 (macOS-10.16-x86_64-i386-64bit)'
    'x-ms-date': 'REDACTED'
    'x-ms-client-request-id': '5c6049b6-fcd3-11ee-9807-9aa213ed91f9'
    'Authorization': 'REDACTED'
No body was attached to the request
DEBUG:urllib3.connectionpool:https://rootstalk.blob.core.windows.net:443 "HEAD /rootstalk-2024-spring/walsh-4.png HTTP/1.1" 200 0
INFO:azure.core.pipeline.policies.http_logging_policy:Response status: 200
Response headers:
    'Content-Length': '638185'
    'Content-Type': 'application/octet-stream'
    'Content-MD5': 'REDACTED'
    'Last-Modified': 'Wed, 17 Apr 2024 14:57:37 GMT'
    'Accept-Ranges': 'REDACTED'
    'ETag': '"0x8DC5EEEB8ABB830"'
    'Vary': 'REDACTED'
    'Server': 'Windows-Azure-Blob/1.0 Microsoft-HTTPAPI/2.0'
    'x-ms-request-id': 'ded9d233-d01e-0002-06e0-90c5b4000000'
    'x-ms-client-request-id': '5c6049b6-fcd3-11ee-9807-9aa213ed91f9'
    'x-ms-version': 'REDACTED'
    'x-ms-creation-time': 'REDACTED'
    'x-ms-lease-status': 'REDACTED'
    'x-ms-lease-state': 'REDACTED'
    'x-ms-blob-type': 'REDACTED'
    'x-ms-server-encrypted': 'REDACTED'
    'x-ms-access-tier': 'REDACTED'
    'x-ms-access-tier-inferred': 'REDACTED'
    'Date': 'Wed, 17 Apr 2024 15:58:40 GMT'
INFO:azure.core.pipeline.policies.http_logging_policy:Request URL: 'https://rootstalk.blob.core.windows.net/rootstalk-2024-spring/walsh-5.png'
Request method: 'HEAD'
Request headers:
    'x-ms-version': 'REDACTED'
    'Accept': 'application/xml'
    'User-Agent': 'azsdk-python-storage-blob/12.19.1 Python/3.9.5 (macOS-10.16-x86_64-i386-64bit)'
    'x-ms-date': 'REDACTED'
    'x-ms-client-request-id': '5d27e3d6-fcd3-11ee-9807-9aa213ed91f9'
    'Authorization': 'REDACTED'
No body was attached to the request
DEBUG:urllib3.connectionpool:https://rootstalk.blob.core.windows.net:443 "HEAD /rootstalk-2024-spring/walsh-5.png HTTP/1.1" 200 0
INFO:azure.core.pipeline.policies.http_logging_policy:Response status: 200
Response headers:
    'Content-Length': '303474'
    'Content-Type': 'application/octet-stream'
    'Content-MD5': 'REDACTED'
    'Last-Modified': 'Wed, 17 Apr 2024 14:57:37 GMT'
    'Accept-Ranges': 'REDACTED'
    'ETag': '"0x8DC5EEEB8C09CB1"'
    'Vary': 'REDACTED'
    'Server': 'Windows-Azure-Blob/1.0 Microsoft-HTTPAPI/2.0'
    'x-ms-request-id': 'ded9d424-d01e-0002-34e0-90c5b4000000'
    'x-ms-client-request-id': '5d27e3d6-fcd3-11ee-9807-9aa213ed91f9'
    'x-ms-version': 'REDACTED'
    'x-ms-creation-time': 'REDACTED'
    'x-ms-lease-status': 'REDACTED'
    'x-ms-lease-state': 'REDACTED'
    'x-ms-blob-type': 'REDACTED'
    'x-ms-server-encrypted': 'REDACTED'
    'x-ms-access-tier': 'REDACTED'
    'x-ms-access-tier-inferred': 'REDACTED'
    'Date': 'Wed, 17 Apr 2024 15:58:42 GMT'
INFO:root:Found .html file: 2024-spring/walsh/converted/walsh.html
INFO:root:Creating new .md file: 2024-spring/walsh/converted/walsh.md
INFO:azure.core.pipeline.policies.http_logging_policy:Request URL: 'https://rootstalk.blob.core.windows.net/rootstalk-2024-spring/walsh-1.jpeg'
Request method: 'HEAD'
Request headers:
    'x-ms-version': 'REDACTED'
    'Accept': 'application/xml'
    'User-Agent': 'azsdk-python-storage-blob/12.19.1 Python/3.9.5 (macOS-10.16-x86_64-i386-64bit)'
    'x-ms-date': 'REDACTED'
    'x-ms-client-request-id': 'a5bd3c86-fcd3-11ee-940b-9aa213ed91f9'
    'Authorization': 'REDACTED'
No body was attached to the request
DEBUG:urllib3.connectionpool:Starting new HTTPS connection (1): rootstalk.blob.core.windows.net:443
DEBUG:urllib3.connectionpool:https://rootstalk.blob.core.windows.net:443 "HEAD /rootstalk-2024-spring/walsh-1.jpeg HTTP/1.1" 200 0
INFO:azure.core.pipeline.policies.http_logging_policy:Response status: 200
Response headers:
    'Content-Length': '46527'
    'Content-Type': 'application/octet-stream'
    'Content-MD5': 'REDACTED'
    'Last-Modified': 'Tue, 16 Apr 2024 16:34:20 GMT'
    'Accept-Ranges': 'REDACTED'
    'ETag': '"0x8DC5E3310EC661D"'
    'Vary': 'REDACTED'
    'Server': 'Windows-Azure-Blob/1.0 Microsoft-HTTPAPI/2.0'
    'x-ms-request-id': '30bbab44-501e-00c8-3ae0-90eb11000000'
    'x-ms-client-request-id': 'a5bd3c86-fcd3-11ee-940b-9aa213ed91f9'
    'x-ms-version': 'REDACTED'
    'x-ms-creation-time': 'REDACTED'
    'x-ms-lease-status': 'REDACTED'
    'x-ms-lease-state': 'REDACTED'
    'x-ms-blob-type': 'REDACTED'
    'x-ms-server-encrypted': 'REDACTED'
    'x-ms-access-tier': 'REDACTED'
    'x-ms-access-tier-inferred': 'REDACTED'
    'Date': 'Wed, 17 Apr 2024 16:00:43 GMT'
INFO:azure.core.pipeline.policies.http_logging_policy:Request URL: 'https://rootstalk.blob.core.windows.net/rootstalk-2024-spring/walsh-3.png'
Request method: 'HEAD'
Request headers:
    'x-ms-version': 'REDACTED'
    'Accept': 'application/xml'
    'User-Agent': 'azsdk-python-storage-blob/12.19.1 Python/3.9.5 (macOS-10.16-x86_64-i386-64bit)'
    'x-ms-date': 'REDACTED'
    'x-ms-client-request-id': 'a606caa4-fcd3-11ee-940b-9aa213ed91f9'
    'Authorization': 'REDACTED'
No body was attached to the request
DEBUG:urllib3.connectionpool:https://rootstalk.blob.core.windows.net:443 "HEAD /rootstalk-2024-spring/walsh-3.png HTTP/1.1" 200 0
INFO:azure.core.pipeline.policies.http_logging_policy:Response status: 200
Response headers:
    'Content-Length': '308349'
    'Content-Type': 'application/octet-stream'
    'Content-MD5': 'REDACTED'
    'Last-Modified': 'Wed, 17 Apr 2024 14:57:37 GMT'
    'Accept-Ranges': 'REDACTED'
    'ETag': '"0x8DC5EEEB8906BFC"'
    'Vary': 'REDACTED'
    'Server': 'Windows-Azure-Blob/1.0 Microsoft-HTTPAPI/2.0'
    'x-ms-request-id': '30bbac89-501e-00c8-61e0-90eb11000000'
    'x-ms-client-request-id': 'a606caa4-fcd3-11ee-940b-9aa213ed91f9'
    'x-ms-version': 'REDACTED'
    'x-ms-creation-time': 'REDACTED'
    'x-ms-lease-status': 'REDACTED'
    'x-ms-lease-state': 'REDACTED'
    'x-ms-blob-type': 'REDACTED'
    'x-ms-server-encrypted': 'REDACTED'
    'x-ms-access-tier': 'REDACTED'
    'x-ms-access-tier-inferred': 'REDACTED'
    'Date': 'Wed, 17 Apr 2024 16:00:44 GMT'
INFO:azure.core.pipeline.policies.http_logging_policy:Request URL: 'https://rootstalk.blob.core.windows.net/rootstalk-2024-spring/walsh-4.png'
Request method: 'HEAD'
Request headers:
    'x-ms-version': 'REDACTED'
    'Accept': 'application/xml'
    'User-Agent': 'azsdk-python-storage-blob/12.19.1 Python/3.9.5 (macOS-10.16-x86_64-i386-64bit)'
    'x-ms-date': 'REDACTED'
    'x-ms-client-request-id': 'a706ced6-fcd3-11ee-940b-9aa213ed91f9'
    'Authorization': 'REDACTED'
No body was attached to the request
DEBUG:urllib3.connectionpool:https://rootstalk.blob.core.windows.net:443 "HEAD /rootstalk-2024-spring/walsh-4.png HTTP/1.1" 200 0
INFO:azure.core.pipeline.policies.http_logging_policy:Response status: 200
Response headers:
    'Content-Length': '638185'
    'Content-Type': 'application/octet-stream'
    'Content-MD5': 'REDACTED'
    'Last-Modified': 'Wed, 17 Apr 2024 14:57:37 GMT'
    'Accept-Ranges': 'REDACTED'
    'ETag': '"0x8DC5EEEB8ABB830"'
    'Vary': 'REDACTED'
    'Server': 'Windows-Azure-Blob/1.0 Microsoft-HTTPAPI/2.0'
    'x-ms-request-id': '30bbb4f5-501e-00c8-3fe0-90eb11000000'
    'x-ms-client-request-id': 'a706ced6-fcd3-11ee-940b-9aa213ed91f9'
    'x-ms-version': 'REDACTED'
    'x-ms-creation-time': 'REDACTED'
    'x-ms-lease-status': 'REDACTED'
    'x-ms-lease-state': 'REDACTED'
    'x-ms-blob-type': 'REDACTED'
    'x-ms-server-encrypted': 'REDACTED'
    'x-ms-access-tier': 'REDACTED'
    'x-ms-access-tier-inferred': 'REDACTED'
    'Date': 'Wed, 17 Apr 2024 16:00:45 GMT'
INFO:azure.core.pipeline.policies.http_logging_policy:Request URL: 'https://rootstalk.blob.core.windows.net/rootstalk-2024-spring/walsh-5.png'
Request method: 'HEAD'
Request headers:
    'x-ms-version': 'REDACTED'
    'Accept': 'application/xml'
    'User-Agent': 'azsdk-python-storage-blob/12.19.1 Python/3.9.5 (macOS-10.16-x86_64-i386-64bit)'
    'x-ms-date': 'REDACTED'
    'x-ms-client-request-id': 'a7d8dfb6-fcd3-11ee-940b-9aa213ed91f9'
    'Authorization': 'REDACTED'
No body was attached to the request
DEBUG:urllib3.connectionpool:https://rootstalk.blob.core.windows.net:443 "HEAD /rootstalk-2024-spring/walsh-5.png HTTP/1.1" 200 0
INFO:azure.core.pipeline.policies.http_logging_policy:Response status: 200
Response headers:
    'Content-Length': '303474'
    'Content-Type': 'application/octet-stream'
    'Content-MD5': 'REDACTED'
    'Last-Modified': 'Wed, 17 Apr 2024 14:57:37 GMT'
    'Accept-Ranges': 'REDACTED'
    'ETag': '"0x8DC5EEEB8C09CB1"'
    'Vary': 'REDACTED'
    'Server': 'Windows-Azure-Blob/1.0 Microsoft-HTTPAPI/2.0'
    'x-ms-request-id': '30bbbca5-501e-00c8-56e0-90eb11000000'
    'x-ms-client-request-id': 'a7d8dfb6-fcd3-11ee-940b-9aa213ed91f9'
    'x-ms-version': 'REDACTED'
    'x-ms-creation-time': 'REDACTED'
    'x-ms-lease-status': 'REDACTED'
    'x-ms-lease-state': 'REDACTED'
    'x-ms-blob-type': 'REDACTED'
    'x-ms-server-encrypted': 'REDACTED'
    'x-ms-access-tier': 'REDACTED'
    'x-ms-access-tier-inferred': 'REDACTED'
    'Date': 'Wed, 17 Apr 2024 16:00:47 GMT'
INFO:root:Found .html file: 2024-spring/walsh/converted/walsh.html
INFO:root:Creating new .md file: 2024-spring/walsh/converted/walsh.md
INFO:azure.core.pipeline.policies.http_logging_policy:Request URL: 'https://rootstalk.blob.core.windows.net/rootstalk-2024-spring/walsh-1.jpeg'
Request method: 'HEAD'
Request headers:
    'x-ms-version': 'REDACTED'
    'Accept': 'application/xml'
    'User-Agent': 'azsdk-python-storage-blob/12.19.1 Python/3.9.5 (macOS-10.16-x86_64-i386-64bit)'
    'x-ms-date': 'REDACTED'
    'x-ms-client-request-id': 'cfa06e9c-fcd3-11ee-9fda-9aa213ed91f9'
    'Authorization': 'REDACTED'
No body was attached to the request
DEBUG:urllib3.connectionpool:Starting new HTTPS connection (1): rootstalk.blob.core.windows.net:443
DEBUG:urllib3.connectionpool:https://rootstalk.blob.core.windows.net:443 "HEAD /rootstalk-2024-spring/walsh-1.jpeg HTTP/1.1" 200 0
INFO:azure.core.pipeline.policies.http_logging_policy:Response status: 200
Response headers:
    'Content-Length': '46527'
    'Content-Type': 'application/octet-stream'
    'Content-MD5': 'REDACTED'
    'Last-Modified': 'Tue, 16 Apr 2024 16:34:20 GMT'
    'Accept-Ranges': 'REDACTED'
    'ETag': '"0x8DC5E3310EC661D"'
    'Vary': 'REDACTED'
    'Server': 'Windows-Azure-Blob/1.0 Microsoft-HTTPAPI/2.0'
    'x-ms-request-id': '8c0dff41-201e-00f3-6ee0-90fe27000000'
    'x-ms-client-request-id': 'cfa06e9c-fcd3-11ee-9fda-9aa213ed91f9'
    'x-ms-version': 'REDACTED'
    'x-ms-creation-time': 'REDACTED'
    'x-ms-lease-status': 'REDACTED'
    'x-ms-lease-state': 'REDACTED'
    'x-ms-blob-type': 'REDACTED'
    'x-ms-server-encrypted': 'REDACTED'
    'x-ms-access-tier': 'REDACTED'
    'x-ms-access-tier-inferred': 'REDACTED'
    'Date': 'Wed, 17 Apr 2024 16:01:54 GMT'
INFO:azure.core.pipeline.policies.http_logging_policy:Request URL: 'https://rootstalk.blob.core.windows.net/rootstalk-2024-spring/walsh-3.png'
Request method: 'HEAD'
Request headers:
    'x-ms-version': 'REDACTED'
    'Accept': 'application/xml'
    'User-Agent': 'azsdk-python-storage-blob/12.19.1 Python/3.9.5 (macOS-10.16-x86_64-i386-64bit)'
    'x-ms-date': 'REDACTED'
    'x-ms-client-request-id': 'd1d1e538-fcd3-11ee-9fda-9aa213ed91f9'
    'Authorization': 'REDACTED'
No body was attached to the request
DEBUG:urllib3.connectionpool:https://rootstalk.blob.core.windows.net:443 "HEAD /rootstalk-2024-spring/walsh-3.png HTTP/1.1" 200 0
INFO:azure.core.pipeline.policies.http_logging_policy:Response status: 200
Response headers:
    'Content-Length': '308349'
    'Content-Type': 'application/octet-stream'
    'Content-MD5': 'REDACTED'
    'Last-Modified': 'Wed, 17 Apr 2024 14:57:37 GMT'
    'Accept-Ranges': 'REDACTED'
    'ETag': '"0x8DC5EEEB8906BFC"'
    'Vary': 'REDACTED'
    'Server': 'Windows-Azure-Blob/1.0 Microsoft-HTTPAPI/2.0'
    'x-ms-request-id': '8c0e1f87-201e-00f3-7ae0-90fe27000000'
    'x-ms-client-request-id': 'd1d1e538-fcd3-11ee-9fda-9aa213ed91f9'
    'x-ms-version': 'REDACTED'
    'x-ms-creation-time': 'REDACTED'
    'x-ms-lease-status': 'REDACTED'
    'x-ms-lease-state': 'REDACTED'
    'x-ms-blob-type': 'REDACTED'
    'x-ms-server-encrypted': 'REDACTED'
    'x-ms-access-tier': 'REDACTED'
    'x-ms-access-tier-inferred': 'REDACTED'
    'Date': 'Wed, 17 Apr 2024 16:01:58 GMT'
INFO:azure.core.pipeline.policies.http_logging_policy:Request URL: 'https://rootstalk.blob.core.windows.net/rootstalk-2024-spring/walsh-4.png'
Request method: 'HEAD'
Request headers:
    'x-ms-version': 'REDACTED'
    'Accept': 'application/xml'
    'User-Agent': 'azsdk-python-storage-blob/12.19.1 Python/3.9.5 (macOS-10.16-x86_64-i386-64bit)'
    'x-ms-date': 'REDACTED'
    'x-ms-client-request-id': 'd3f7ca62-fcd3-11ee-9fda-9aa213ed91f9'
    'Authorization': 'REDACTED'
No body was attached to the request
DEBUG:urllib3.connectionpool:https://rootstalk.blob.core.windows.net:443 "HEAD /rootstalk-2024-spring/walsh-4.png HTTP/1.1" 200 0
INFO:azure.core.pipeline.policies.http_logging_policy:Response status: 200
Response headers:
    'Content-Length': '638185'
    'Content-Type': 'application/octet-stream'
    'Content-MD5': 'REDACTED'
    'Last-Modified': 'Wed, 17 Apr 2024 14:57:37 GMT'
    'Accept-Ranges': 'REDACTED'
    'ETag': '"0x8DC5EEEB8ABB830"'
    'Vary': 'REDACTED'
    'Server': 'Windows-Azure-Blob/1.0 Microsoft-HTTPAPI/2.0'
    'x-ms-request-id': '8c0e40c9-201e-00f3-7de0-90fe27000000'
    'x-ms-client-request-id': 'd3f7ca62-fcd3-11ee-9fda-9aa213ed91f9'
    'x-ms-version': 'REDACTED'
    'x-ms-creation-time': 'REDACTED'
    'x-ms-lease-status': 'REDACTED'
    'x-ms-lease-state': 'REDACTED'
    'x-ms-blob-type': 'REDACTED'
    'x-ms-server-encrypted': 'REDACTED'
    'x-ms-access-tier': 'REDACTED'
    'x-ms-access-tier-inferred': 'REDACTED'
    'Date': 'Wed, 17 Apr 2024 16:02:01 GMT'
INFO:azure.core.pipeline.policies.http_logging_policy:Request URL: 'https://rootstalk.blob.core.windows.net/rootstalk-2024-spring/walsh-5.png'
Request method: 'HEAD'
Request headers:
    'x-ms-version': 'REDACTED'
    'Accept': 'application/xml'
    'User-Agent': 'azsdk-python-storage-blob/12.19.1 Python/3.9.5 (macOS-10.16-x86_64-i386-64bit)'
    'x-ms-date': 'REDACTED'
    'x-ms-client-request-id': 'd40552fe-fcd3-11ee-9fda-9aa213ed91f9'
    'Authorization': 'REDACTED'
No body was attached to the request
DEBUG:urllib3.connectionpool:https://rootstalk.blob.core.windows.net:443 "HEAD /rootstalk-2024-spring/walsh-5.png HTTP/1.1" 200 0
INFO:azure.core.pipeline.policies.http_logging_policy:Response status: 200
Response headers:
    'Content-Length': '303474'
    'Content-Type': 'application/octet-stream'
    'Content-MD5': 'REDACTED'
    'Last-Modified': 'Wed, 17 Apr 2024 14:57:37 GMT'
    'Accept-Ranges': 'REDACTED'
    'ETag': '"0x8DC5EEEB8C09CB1"'
    'Vary': 'REDACTED'
    'Server': 'Windows-Azure-Blob/1.0 Microsoft-HTTPAPI/2.0'
    'x-ms-request-id': '8c0e4161-201e-00f3-49e0-90fe27000000'
    'x-ms-client-request-id': 'd40552fe-fcd3-11ee-9fda-9aa213ed91f9'
    'x-ms-version': 'REDACTED'
    'x-ms-creation-time': 'REDACTED'
    'x-ms-lease-status': 'REDACTED'
    'x-ms-lease-state': 'REDACTED'
    'x-ms-blob-type': 'REDACTED'
    'x-ms-server-encrypted': 'REDACTED'
    'x-ms-access-tier': 'REDACTED'
    'x-ms-access-tier-inferred': 'REDACTED'
    'Date': 'Wed, 17 Apr 2024 16:02:01 GMT'
INFO:root:Found .html file: 2024-spring/walsh/converted/walsh.html
INFO:root:Creating new .md file: 2024-spring/walsh/converted/walsh.md
INFO:azure.core.pipeline.policies.http_logging_policy:Request URL: 'https://rootstalk.blob.core.windows.net/rootstalk-2024-spring/walsh-1.jpeg'
Request method: 'HEAD'
Request headers:
    'x-ms-version': 'REDACTED'
    'Accept': 'application/xml'
    'User-Agent': 'azsdk-python-storage-blob/12.19.1 Python/3.9.5 (macOS-10.16-x86_64-i386-64bit)'
    'x-ms-date': 'REDACTED'
    'x-ms-client-request-id': '258da3d8-fcd4-11ee-bd5e-9aa213ed91f9'
    'Authorization': 'REDACTED'
No body was attached to the request
DEBUG:urllib3.connectionpool:Starting new HTTPS connection (1): rootstalk.blob.core.windows.net:443
DEBUG:urllib3.connectionpool:https://rootstalk.blob.core.windows.net:443 "HEAD /rootstalk-2024-spring/walsh-1.jpeg HTTP/1.1" 200 0
INFO:azure.core.pipeline.policies.http_logging_policy:Response status: 200
Response headers:
    'Content-Length': '46527'
    'Content-Type': 'application/octet-stream'
    'Content-MD5': 'REDACTED'
    'Last-Modified': 'Tue, 16 Apr 2024 16:34:20 GMT'
    'Accept-Ranges': 'REDACTED'
    'ETag': '"0x8DC5E3310EC661D"'
    'Vary': 'REDACTED'
    'Server': 'Windows-Azure-Blob/1.0 Microsoft-HTTPAPI/2.0'
    'x-ms-request-id': '31ce0c6c-001e-00c0-1ce0-90cc3e000000'
    'x-ms-client-request-id': '258da3d8-fcd4-11ee-bd5e-9aa213ed91f9'
    'x-ms-version': 'REDACTED'
    'x-ms-creation-time': 'REDACTED'
    'x-ms-lease-status': 'REDACTED'
    'x-ms-lease-state': 'REDACTED'
    'x-ms-blob-type': 'REDACTED'
    'x-ms-server-encrypted': 'REDACTED'
    'x-ms-access-tier': 'REDACTED'
    'x-ms-access-tier-inferred': 'REDACTED'
    'Date': 'Wed, 17 Apr 2024 16:04:18 GMT'
INFO:azure.core.pipeline.policies.http_logging_policy:Request URL: 'https://rootstalk.blob.core.windows.net/rootstalk-2024-spring/walsh-2.jpeg'
Request method: 'HEAD'
Request headers:
    'x-ms-version': 'REDACTED'
    'Accept': 'application/xml'
    'User-Agent': 'azsdk-python-storage-blob/12.19.1 Python/3.9.5 (macOS-10.16-x86_64-i386-64bit)'
    'x-ms-date': 'REDACTED'
    'x-ms-client-request-id': '25b67f9c-fcd4-11ee-bd5e-9aa213ed91f9'
    'Authorization': 'REDACTED'
No body was attached to the request
DEBUG:urllib3.connectionpool:https://rootstalk.blob.core.windows.net:443 "HEAD /rootstalk-2024-spring/walsh-2.jpeg HTTP/1.1" 404 0
INFO:azure.core.pipeline.policies.http_logging_policy:Response status: 404
Response headers:
    'Transfer-Encoding': 'chunked'
    'Vary': 'REDACTED'
    'Server': 'Windows-Azure-Blob/1.0 Microsoft-HTTPAPI/2.0'
    'x-ms-request-id': '31ce0cb8-001e-00c0-60e0-90cc3e000000'
    'x-ms-client-request-id': '25b67f9c-fcd4-11ee-bd5e-9aa213ed91f9'
    'x-ms-version': 'REDACTED'
    'x-ms-error-code': 'BlobNotFound'
    'Date': 'Wed, 17 Apr 2024 16:04:18 GMT'
INFO:azure.core.pipeline.policies.http_logging_policy:Request URL: 'https://rootstalk.blob.core.windows.net/rootstalk-2024-spring/walsh-2.jpeg'
Request method: 'PUT'
Request headers:
    'Content-Length': '4705191'
    'x-ms-blob-type': 'REDACTED'
    'If-None-Match': '*'
    'x-ms-version': 'REDACTED'
    'Content-Type': 'application/octet-stream'
    'Accept': 'application/xml'
    'User-Agent': 'azsdk-python-storage-blob/12.19.1 Python/3.9.5 (macOS-10.16-x86_64-i386-64bit)'
    'x-ms-date': 'REDACTED'
    'x-ms-client-request-id': '25bf0680-fcd4-11ee-bd5e-9aa213ed91f9'
    'Authorization': 'REDACTED'
A body is sent with the request
DEBUG:urllib3.connectionpool:https://rootstalk.blob.core.windows.net:443 "PUT /rootstalk-2024-spring/walsh-2.jpeg HTTP/1.1" 201 0
INFO:azure.core.pipeline.policies.http_logging_policy:Response status: 201
Response headers:
    'Content-Length': '0'
    'Content-MD5': 'REDACTED'
    'Last-Modified': 'Wed, 17 Apr 2024 16:04:19 GMT'
    'ETag': '"0x8DC5EF80A4A8D27"'
    'Server': 'Windows-Azure-Blob/1.0 Microsoft-HTTPAPI/2.0'
    'x-ms-request-id': '31ce0cdd-001e-00c0-03e0-90cc3e000000'
    'x-ms-client-request-id': '25bf0680-fcd4-11ee-bd5e-9aa213ed91f9'
    'x-ms-version': 'REDACTED'
    'x-ms-content-crc64': 'REDACTED'
    'x-ms-request-server-encrypted': 'REDACTED'
    'Date': 'Wed, 17 Apr 2024 16:04:19 GMT'
INFO:azure.core.pipeline.policies.http_logging_policy:Request URL: 'https://rootstalk.blob.core.windows.net/rootstalk-2024-spring/walsh-3.png'
Request method: 'HEAD'
Request headers:
    'x-ms-version': 'REDACTED'
    'Accept': 'application/xml'
    'User-Agent': 'azsdk-python-storage-blob/12.19.1 Python/3.9.5 (macOS-10.16-x86_64-i386-64bit)'
    'x-ms-date': 'REDACTED'
    'x-ms-client-request-id': '26e23f64-fcd4-11ee-bd5e-9aa213ed91f9'
    'Authorization': 'REDACTED'
No body was attached to the request
DEBUG:urllib3.connectionpool:https://rootstalk.blob.core.windows.net:443 "HEAD /rootstalk-2024-spring/walsh-3.png HTTP/1.1" 200 0
INFO:azure.core.pipeline.policies.http_logging_policy:Response status: 200
Response headers:
    'Content-Length': '308349'
    'Content-Type': 'application/octet-stream'
    'Content-MD5': 'REDACTED'
    'Last-Modified': 'Wed, 17 Apr 2024 14:57:37 GMT'
    'Accept-Ranges': 'REDACTED'
    'ETag': '"0x8DC5EEEB8906BFC"'
    'Vary': 'REDACTED'
    'Server': 'Windows-Azure-Blob/1.0 Microsoft-HTTPAPI/2.0'
    'x-ms-request-id': '31ce13a3-001e-00c0-34e0-90cc3e000000'
    'x-ms-client-request-id': '26e23f64-fcd4-11ee-bd5e-9aa213ed91f9'
    'x-ms-version': 'REDACTED'
    'x-ms-creation-time': 'REDACTED'
    'x-ms-lease-status': 'REDACTED'
    'x-ms-lease-state': 'REDACTED'
    'x-ms-blob-type': 'REDACTED'
    'x-ms-server-encrypted': 'REDACTED'
    'x-ms-access-tier': 'REDACTED'
    'x-ms-access-tier-inferred': 'REDACTED'
    'Date': 'Wed, 17 Apr 2024 16:04:20 GMT'
INFO:azure.core.pipeline.policies.http_logging_policy:Request URL: 'https://rootstalk.blob.core.windows.net/rootstalk-2024-spring/walsh-4.png'
Request method: 'HEAD'
Request headers:
    'x-ms-version': 'REDACTED'
    'Accept': 'application/xml'
    'User-Agent': 'azsdk-python-storage-blob/12.19.1 Python/3.9.5 (macOS-10.16-x86_64-i386-64bit)'
    'x-ms-date': 'REDACTED'
    'x-ms-client-request-id': '26eafc9e-fcd4-11ee-bd5e-9aa213ed91f9'
    'Authorization': 'REDACTED'
No body was attached to the request
DEBUG:urllib3.connectionpool:https://rootstalk.blob.core.windows.net:443 "HEAD /rootstalk-2024-spring/walsh-4.png HTTP/1.1" 200 0
INFO:azure.core.pipeline.policies.http_logging_policy:Response status: 200
Response headers:
    'Content-Length': '638185'
    'Content-Type': 'application/octet-stream'
    'Content-MD5': 'REDACTED'
    'Last-Modified': 'Wed, 17 Apr 2024 14:57:37 GMT'
    'Accept-Ranges': 'REDACTED'
    'ETag': '"0x8DC5EEEB8ABB830"'
    'Vary': 'REDACTED'
    'Server': 'Windows-Azure-Blob/1.0 Microsoft-HTTPAPI/2.0'
    'x-ms-request-id': '31ce13d0-001e-00c0-5de0-90cc3e000000'
    'x-ms-client-request-id': '26eafc9e-fcd4-11ee-bd5e-9aa213ed91f9'
    'x-ms-version': 'REDACTED'
    'x-ms-creation-time': 'REDACTED'
    'x-ms-lease-status': 'REDACTED'
    'x-ms-lease-state': 'REDACTED'
    'x-ms-blob-type': 'REDACTED'
    'x-ms-server-encrypted': 'REDACTED'
    'x-ms-access-tier': 'REDACTED'
    'x-ms-access-tier-inferred': 'REDACTED'
    'Date': 'Wed, 17 Apr 2024 16:04:20 GMT'
INFO:azure.core.pipeline.policies.http_logging_policy:Request URL: 'https://rootstalk.blob.core.windows.net/rootstalk-2024-spring/walsh-5.png'
Request method: 'HEAD'
Request headers:
    'x-ms-version': 'REDACTED'
    'Accept': 'application/xml'
    'User-Agent': 'azsdk-python-storage-blob/12.19.1 Python/3.9.5 (macOS-10.16-x86_64-i386-64bit)'
    'x-ms-date': 'REDACTED'
    'x-ms-client-request-id': '26f2e35a-fcd4-11ee-bd5e-9aa213ed91f9'
    'Authorization': 'REDACTED'
No body was attached to the request
DEBUG:urllib3.connectionpool:https://rootstalk.blob.core.windows.net:443 "HEAD /rootstalk-2024-spring/walsh-5.png HTTP/1.1" 200 0
INFO:azure.core.pipeline.policies.http_logging_policy:Response status: 200
Response headers:
    'Content-Length': '303474'
    'Content-Type': 'application/octet-stream'
    'Content-MD5': 'REDACTED'
    'Last-Modified': 'Wed, 17 Apr 2024 14:57:37 GMT'
    'Accept-Ranges': 'REDACTED'
    'ETag': '"0x8DC5EEEB8C09CB1"'
    'Vary': 'REDACTED'
    'Server': 'Windows-Azure-Blob/1.0 Microsoft-HTTPAPI/2.0'
    'x-ms-request-id': '31ce1403-001e-00c0-07e0-90cc3e000000'
    'x-ms-client-request-id': '26f2e35a-fcd4-11ee-bd5e-9aa213ed91f9'
    'x-ms-version': 'REDACTED'
    'x-ms-creation-time': 'REDACTED'
    'x-ms-lease-status': 'REDACTED'
    'x-ms-lease-state': 'REDACTED'
    'x-ms-blob-type': 'REDACTED'
    'x-ms-server-encrypted': 'REDACTED'
    'x-ms-access-tier': 'REDACTED'
    'x-ms-access-tier-inferred': 'REDACTED'
    'Date': 'Wed, 17 Apr 2024 16:04:20 GMT'
INFO:root:Found .html file: 2024-spring/walsh/converted/walsh.html
INFO:root:Creating new .md file: 2024-spring/walsh/converted/walsh.md
INFO:azure.core.pipeline.policies.http_logging_policy:Request URL: 'https://rootstalk.blob.core.windows.net/rootstalk-2024-spring/walsh-1.jpeg'
Request method: 'HEAD'
Request headers:
    'x-ms-version': 'REDACTED'
    'Accept': 'application/xml'
    'User-Agent': 'azsdk-python-storage-blob/12.19.1 Python/3.9.5 (macOS-10.16-x86_64-i386-64bit)'
    'x-ms-date': 'REDACTED'
    'x-ms-client-request-id': 'fe2adc38-fcd4-11ee-894f-9aa213ed91f9'
    'Authorization': 'REDACTED'
No body was attached to the request
DEBUG:urllib3.connectionpool:Starting new HTTPS connection (1): rootstalk.blob.core.windows.net:443
DEBUG:urllib3.connectionpool:https://rootstalk.blob.core.windows.net:443 "HEAD /rootstalk-2024-spring/walsh-1.jpeg HTTP/1.1" 200 0
INFO:azure.core.pipeline.policies.http_logging_policy:Response status: 200
Response headers:
    'Content-Length': '46527'
    'Content-Type': 'application/octet-stream'
    'Content-MD5': 'REDACTED'
    'Last-Modified': 'Tue, 16 Apr 2024 16:34:20 GMT'
    'Accept-Ranges': 'REDACTED'
    'ETag': '"0x8DC5E3310EC661D"'
    'Vary': 'REDACTED'
    'Server': 'Windows-Azure-Blob/1.0 Microsoft-HTTPAPI/2.0'
    'x-ms-request-id': '6354dbe5-401e-00a6-21e1-90a80c000000'
    'x-ms-client-request-id': 'fe2adc38-fcd4-11ee-894f-9aa213ed91f9'
    'x-ms-version': 'REDACTED'
    'x-ms-creation-time': 'REDACTED'
    'x-ms-lease-status': 'REDACTED'
    'x-ms-lease-state': 'REDACTED'
    'x-ms-blob-type': 'REDACTED'
    'x-ms-server-encrypted': 'REDACTED'
    'x-ms-access-tier': 'REDACTED'
    'x-ms-access-tier-inferred': 'REDACTED'
    'Date': 'Wed, 17 Apr 2024 16:10:22 GMT'
INFO:azure.core.pipeline.policies.http_logging_policy:Request URL: 'https://rootstalk.blob.core.windows.net/rootstalk-2024-spring/walsh-3.png'
Request method: 'HEAD'
Request headers:
    'x-ms-version': 'REDACTED'
    'Accept': 'application/xml'
    'User-Agent': 'azsdk-python-storage-blob/12.19.1 Python/3.9.5 (macOS-10.16-x86_64-i386-64bit)'
    'x-ms-date': 'REDACTED'
    'x-ms-client-request-id': 'fe52133e-fcd4-11ee-894f-9aa213ed91f9'
    'Authorization': 'REDACTED'
No body was attached to the request
DEBUG:urllib3.connectionpool:https://rootstalk.blob.core.windows.net:443 "HEAD /rootstalk-2024-spring/walsh-3.png HTTP/1.1" 200 0
INFO:azure.core.pipeline.policies.http_logging_policy:Response status: 200
Response headers:
    'Content-Length': '308349'
    'Content-Type': 'application/octet-stream'
    'Content-MD5': 'REDACTED'
    'Last-Modified': 'Wed, 17 Apr 2024 14:57:37 GMT'
    'Accept-Ranges': 'REDACTED'
    'ETag': '"0x8DC5EEEB8906BFC"'
    'Vary': 'REDACTED'
    'Server': 'Windows-Azure-Blob/1.0 Microsoft-HTTPAPI/2.0'
    'x-ms-request-id': '6354dbff-401e-00a6-38e1-90a80c000000'
    'x-ms-client-request-id': 'fe52133e-fcd4-11ee-894f-9aa213ed91f9'
    'x-ms-version': 'REDACTED'
    'x-ms-creation-time': 'REDACTED'
    'x-ms-lease-status': 'REDACTED'
    'x-ms-lease-state': 'REDACTED'
    'x-ms-blob-type': 'REDACTED'
    'x-ms-server-encrypted': 'REDACTED'
    'x-ms-access-tier': 'REDACTED'
    'x-ms-access-tier-inferred': 'REDACTED'
    'Date': 'Wed, 17 Apr 2024 16:10:22 GMT'
INFO:azure.core.pipeline.policies.http_logging_policy:Request URL: 'https://rootstalk.blob.core.windows.net/rootstalk-2024-spring/walsh-4.png'
Request method: 'HEAD'
Request headers:
    'x-ms-version': 'REDACTED'
    'Accept': 'application/xml'
    'User-Agent': 'azsdk-python-storage-blob/12.19.1 Python/3.9.5 (macOS-10.16-x86_64-i386-64bit)'
    'x-ms-date': 'REDACTED'
    'x-ms-client-request-id': 'fe5a245c-fcd4-11ee-894f-9aa213ed91f9'
    'Authorization': 'REDACTED'
No body was attached to the request
DEBUG:urllib3.connectionpool:https://rootstalk.blob.core.windows.net:443 "HEAD /rootstalk-2024-spring/walsh-4.png HTTP/1.1" 200 0
INFO:azure.core.pipeline.policies.http_logging_policy:Response status: 200
Response headers:
    'Content-Length': '638185'
    'Content-Type': 'application/octet-stream'
    'Content-MD5': 'REDACTED'
    'Last-Modified': 'Wed, 17 Apr 2024 14:57:37 GMT'
    'Accept-Ranges': 'REDACTED'
    'ETag': '"0x8DC5EEEB8ABB830"'
    'Vary': 'REDACTED'
    'Server': 'Windows-Azure-Blob/1.0 Microsoft-HTTPAPI/2.0'
    'x-ms-request-id': '6354dc12-401e-00a6-49e1-90a80c000000'
    'x-ms-client-request-id': 'fe5a245c-fcd4-11ee-894f-9aa213ed91f9'
    'x-ms-version': 'REDACTED'
    'x-ms-creation-time': 'REDACTED'
    'x-ms-lease-status': 'REDACTED'
    'x-ms-lease-state': 'REDACTED'
    'x-ms-blob-type': 'REDACTED'
    'x-ms-server-encrypted': 'REDACTED'
    'x-ms-access-tier': 'REDACTED'
    'x-ms-access-tier-inferred': 'REDACTED'
    'Date': 'Wed, 17 Apr 2024 16:10:22 GMT'
INFO:azure.core.pipeline.policies.http_logging_policy:Request URL: 'https://rootstalk.blob.core.windows.net/rootstalk-2024-spring/walsh-5.png'
Request method: 'HEAD'
Request headers:
    'x-ms-version': 'REDACTED'
    'Accept': 'application/xml'
    'User-Agent': 'azsdk-python-storage-blob/12.19.1 Python/3.9.5 (macOS-10.16-x86_64-i386-64bit)'
    'x-ms-date': 'REDACTED'
    'x-ms-client-request-id': 'fe625a5a-fcd4-11ee-894f-9aa213ed91f9'
    'Authorization': 'REDACTED'
No body was attached to the request
DEBUG:urllib3.connectionpool:https://rootstalk.blob.core.windows.net:443 "HEAD /rootstalk-2024-spring/walsh-5.png HTTP/1.1" 200 0
INFO:azure.core.pipeline.policies.http_logging_policy:Response status: 200
Response headers:
    'Content-Length': '303474'
    'Content-Type': 'application/octet-stream'
    'Content-MD5': 'REDACTED'
    'Last-Modified': 'Wed, 17 Apr 2024 14:57:37 GMT'
    'Accept-Ranges': 'REDACTED'
    'ETag': '"0x8DC5EEEB8C09CB1"'
    'Vary': 'REDACTED'
    'Server': 'Windows-Azure-Blob/1.0 Microsoft-HTTPAPI/2.0'
    'x-ms-request-id': '6354dc22-401e-00a6-58e1-90a80c000000'
    'x-ms-client-request-id': 'fe625a5a-fcd4-11ee-894f-9aa213ed91f9'
    'x-ms-version': 'REDACTED'
    'x-ms-creation-time': 'REDACTED'
    'x-ms-lease-status': 'REDACTED'
    'x-ms-lease-state': 'REDACTED'
    'x-ms-blob-type': 'REDACTED'
    'x-ms-server-encrypted': 'REDACTED'
    'x-ms-access-tier': 'REDACTED'
    'x-ms-access-tier-inferred': 'REDACTED'
    'Date': 'Wed, 17 Apr 2024 16:10:22 GMT'
INFO:root:Found .html file: 2024-spring/walsh/converted/walsh.html
INFO:root:Creating new .md file: 2024-spring/walsh/converted/walsh.md
INFO:azure.core.pipeline.policies.http_logging_policy:Request URL: 'https://rootstalk.blob.core.windows.net/rootstalk-2024-spring/walsh-1.jpeg'
Request method: 'HEAD'
Request headers:
    'x-ms-version': 'REDACTED'
    'Accept': 'application/xml'
    'User-Agent': 'azsdk-python-storage-blob/12.19.1 Python/3.9.5 (macOS-10.16-x86_64-i386-64bit)'
    'x-ms-date': 'REDACTED'
    'x-ms-client-request-id': '73694d18-fcd5-11ee-88ff-9aa213ed91f9'
    'Authorization': 'REDACTED'
No body was attached to the request
DEBUG:urllib3.connectionpool:Starting new HTTPS connection (1): rootstalk.blob.core.windows.net:443
DEBUG:urllib3.connectionpool:https://rootstalk.blob.core.windows.net:443 "HEAD /rootstalk-2024-spring/walsh-1.jpeg HTTP/1.1" 200 0
INFO:azure.core.pipeline.policies.http_logging_policy:Response status: 200
Response headers:
    'Content-Length': '46527'
    'Content-Type': 'application/octet-stream'
    'Content-MD5': 'REDACTED'
    'Last-Modified': 'Tue, 16 Apr 2024 16:34:20 GMT'
    'Accept-Ranges': 'REDACTED'
    'ETag': '"0x8DC5E3310EC661D"'
    'Vary': 'REDACTED'
    'Server': 'Windows-Azure-Blob/1.0 Microsoft-HTTPAPI/2.0'
    'x-ms-request-id': 'a6fe2dff-901e-00c9-42e2-90151c000000'
    'x-ms-client-request-id': '73694d18-fcd5-11ee-88ff-9aa213ed91f9'
    'x-ms-version': 'REDACTED'
    'x-ms-creation-time': 'REDACTED'
    'x-ms-lease-status': 'REDACTED'
    'x-ms-lease-state': 'REDACTED'
    'x-ms-blob-type': 'REDACTED'
    'x-ms-server-encrypted': 'REDACTED'
    'x-ms-access-tier': 'REDACTED'
    'x-ms-access-tier-inferred': 'REDACTED'
    'Date': 'Wed, 17 Apr 2024 16:13:38 GMT'
INFO:azure.core.pipeline.policies.http_logging_policy:Request URL: 'https://rootstalk.blob.core.windows.net/rootstalk-2024-spring/walsh-3.png'
Request method: 'HEAD'
Request headers:
    'x-ms-version': 'REDACTED'
    'Accept': 'application/xml'
    'User-Agent': 'azsdk-python-storage-blob/12.19.1 Python/3.9.5 (macOS-10.16-x86_64-i386-64bit)'
    'x-ms-date': 'REDACTED'
    'x-ms-client-request-id': '73941728-fcd5-11ee-88ff-9aa213ed91f9'
    'Authorization': 'REDACTED'
No body was attached to the request
DEBUG:urllib3.connectionpool:https://rootstalk.blob.core.windows.net:443 "HEAD /rootstalk-2024-spring/walsh-3.png HTTP/1.1" 200 0
INFO:azure.core.pipeline.policies.http_logging_policy:Response status: 200
Response headers:
    'Content-Length': '308349'
    'Content-Type': 'application/octet-stream'
    'Content-MD5': 'REDACTED'
    'Last-Modified': 'Wed, 17 Apr 2024 14:57:37 GMT'
    'Accept-Ranges': 'REDACTED'
    'ETag': '"0x8DC5EEEB8906BFC"'
    'Vary': 'REDACTED'
    'Server': 'Windows-Azure-Blob/1.0 Microsoft-HTTPAPI/2.0'
    'x-ms-request-id': 'a6fe2e83-901e-00c9-23e2-90151c000000'
    'x-ms-client-request-id': '73941728-fcd5-11ee-88ff-9aa213ed91f9'
    'x-ms-version': 'REDACTED'
    'x-ms-creation-time': 'REDACTED'
    'x-ms-lease-status': 'REDACTED'
    'x-ms-lease-state': 'REDACTED'
    'x-ms-blob-type': 'REDACTED'
    'x-ms-server-encrypted': 'REDACTED'
    'x-ms-access-tier': 'REDACTED'
    'x-ms-access-tier-inferred': 'REDACTED'
    'Date': 'Wed, 17 Apr 2024 16:13:38 GMT'
INFO:azure.core.pipeline.policies.http_logging_policy:Request URL: 'https://rootstalk.blob.core.windows.net/rootstalk-2024-spring/walsh-4.png'
Request method: 'HEAD'
Request headers:
    'x-ms-version': 'REDACTED'
    'Accept': 'application/xml'
    'User-Agent': 'azsdk-python-storage-blob/12.19.1 Python/3.9.5 (macOS-10.16-x86_64-i386-64bit)'
    'x-ms-date': 'REDACTED'
    'x-ms-client-request-id': '7b6654fc-fcd5-11ee-88ff-9aa213ed91f9'
    'Authorization': 'REDACTED'
No body was attached to the request
DEBUG:urllib3.connectionpool:https://rootstalk.blob.core.windows.net:443 "HEAD /rootstalk-2024-spring/walsh-4.png HTTP/1.1" 200 0
INFO:azure.core.pipeline.policies.http_logging_policy:Response status: 200
Response headers:
    'Content-Length': '638185'
    'Content-Type': 'application/octet-stream'
    'Content-MD5': 'REDACTED'
    'Last-Modified': 'Wed, 17 Apr 2024 14:57:37 GMT'
    'Accept-Ranges': 'REDACTED'
    'ETag': '"0x8DC5EEEB8ABB830"'
    'Vary': 'REDACTED'
    'Server': 'Windows-Azure-Blob/1.0 Microsoft-HTTPAPI/2.0'
    'x-ms-request-id': 'a6fe7f12-901e-00c9-3fe2-90151c000000'
    'x-ms-client-request-id': '7b6654fc-fcd5-11ee-88ff-9aa213ed91f9'
    'x-ms-version': 'REDACTED'
    'x-ms-creation-time': 'REDACTED'
    'x-ms-lease-status': 'REDACTED'
    'x-ms-lease-state': 'REDACTED'
    'x-ms-blob-type': 'REDACTED'
    'x-ms-server-encrypted': 'REDACTED'
    'x-ms-access-tier': 'REDACTED'
    'x-ms-access-tier-inferred': 'REDACTED'
    'Date': 'Wed, 17 Apr 2024 16:13:51 GMT'
INFO:azure.core.pipeline.policies.http_logging_policy:Request URL: 'https://rootstalk.blob.core.windows.net/rootstalk-2024-spring/walsh-5.png'
Request method: 'HEAD'
Request headers:
    'x-ms-version': 'REDACTED'
    'Accept': 'application/xml'
    'User-Agent': 'azsdk-python-storage-blob/12.19.1 Python/3.9.5 (macOS-10.16-x86_64-i386-64bit)'
    'x-ms-date': 'REDACTED'
    'x-ms-client-request-id': '86267a7a-fcd5-11ee-88ff-9aa213ed91f9'
    'Authorization': 'REDACTED'
No body was attached to the request
DEBUG:urllib3.connectionpool:https://rootstalk.blob.core.windows.net:443 "HEAD /rootstalk-2024-spring/walsh-5.png HTTP/1.1" 200 0
INFO:azure.core.pipeline.policies.http_logging_policy:Response status: 200
Response headers:
    'Content-Length': '303474'
    'Content-Type': 'application/octet-stream'
    'Content-MD5': 'REDACTED'
    'Last-Modified': 'Wed, 17 Apr 2024 14:57:37 GMT'
    'Accept-Ranges': 'REDACTED'
    'ETag': '"0x8DC5EEEB8C09CB1"'
    'Vary': 'REDACTED'
    'Server': 'Windows-Azure-Blob/1.0 Microsoft-HTTPAPI/2.0'
    'x-ms-request-id': 'a6fef8d3-901e-00c9-5de2-90151c000000'
    'x-ms-client-request-id': '86267a7a-fcd5-11ee-88ff-9aa213ed91f9'
    'x-ms-version': 'REDACTED'
    'x-ms-creation-time': 'REDACTED'
    'x-ms-lease-status': 'REDACTED'
    'x-ms-lease-state': 'REDACTED'
    'x-ms-blob-type': 'REDACTED'
    'x-ms-server-encrypted': 'REDACTED'
    'x-ms-access-tier': 'REDACTED'
    'x-ms-access-tier-inferred': 'REDACTED'
    'Date': 'Wed, 17 Apr 2024 16:14:09 GMT'
INFO:root:Found .html file: 2024-spring/walsh/converted/walsh.html
INFO:root:Creating new .md file: 2024-spring/walsh/converted/walsh.md
INFO:azure.core.pipeline.policies.http_logging_policy:Request URL: 'https://rootstalk.blob.core.windows.net/rootstalk-2024-spring/walsh-1.jpeg'
Request method: 'HEAD'
Request headers:
    'x-ms-version': 'REDACTED'
    'Accept': 'application/xml'
    'User-Agent': 'azsdk-python-storage-blob/12.19.1 Python/3.9.5 (macOS-10.16-x86_64-i386-64bit)'
    'x-ms-date': 'REDACTED'
    'x-ms-client-request-id': '9f6e6736-fcd5-11ee-8500-9aa213ed91f9'
    'Authorization': 'REDACTED'
No body was attached to the request
DEBUG:urllib3.connectionpool:Starting new HTTPS connection (1): rootstalk.blob.core.windows.net:443
DEBUG:urllib3.connectionpool:https://rootstalk.blob.core.windows.net:443 "HEAD /rootstalk-2024-spring/walsh-1.jpeg HTTP/1.1" 200 0
INFO:azure.core.pipeline.policies.http_logging_policy:Response status: 200
Response headers:
    'Content-Length': '46527'
    'Content-Type': 'application/octet-stream'
    'Content-MD5': 'REDACTED'
    'Last-Modified': 'Tue, 16 Apr 2024 16:34:20 GMT'
    'Accept-Ranges': 'REDACTED'
    'ETag': '"0x8DC5E3310EC661D"'
    'Vary': 'REDACTED'
    'Server': 'Windows-Azure-Blob/1.0 Microsoft-HTTPAPI/2.0'
    'x-ms-request-id': '1e8fcf2d-601e-007b-01e2-90214d000000'
    'x-ms-client-request-id': '9f6e6736-fcd5-11ee-8500-9aa213ed91f9'
    'x-ms-version': 'REDACTED'
    'x-ms-creation-time': 'REDACTED'
    'x-ms-lease-status': 'REDACTED'
    'x-ms-lease-state': 'REDACTED'
    'x-ms-blob-type': 'REDACTED'
    'x-ms-server-encrypted': 'REDACTED'
    'x-ms-access-tier': 'REDACTED'
    'x-ms-access-tier-inferred': 'REDACTED'
    'Date': 'Wed, 17 Apr 2024 16:14:53 GMT'
INFO:azure.core.pipeline.policies.http_logging_policy:Request URL: 'https://rootstalk.blob.core.windows.net/rootstalk-2024-spring/walsh-3.png'
Request method: 'HEAD'
Request headers:
    'x-ms-version': 'REDACTED'
    'Accept': 'application/xml'
    'User-Agent': 'azsdk-python-storage-blob/12.19.1 Python/3.9.5 (macOS-10.16-x86_64-i386-64bit)'
    'x-ms-date': 'REDACTED'
    'x-ms-client-request-id': '9f9179d8-fcd5-11ee-8500-9aa213ed91f9'
    'Authorization': 'REDACTED'
No body was attached to the request
DEBUG:urllib3.connectionpool:https://rootstalk.blob.core.windows.net:443 "HEAD /rootstalk-2024-spring/walsh-3.png HTTP/1.1" 200 0
INFO:azure.core.pipeline.policies.http_logging_policy:Response status: 200
Response headers:
    'Content-Length': '308349'
    'Content-Type': 'application/octet-stream'
    'Content-MD5': 'REDACTED'
    'Last-Modified': 'Wed, 17 Apr 2024 14:57:37 GMT'
    'Accept-Ranges': 'REDACTED'
    'ETag': '"0x8DC5EEEB8906BFC"'
    'Vary': 'REDACTED'
    'Server': 'Windows-Azure-Blob/1.0 Microsoft-HTTPAPI/2.0'
    'x-ms-request-id': '1e8fcf4e-601e-007b-1ee2-90214d000000'
    'x-ms-client-request-id': '9f9179d8-fcd5-11ee-8500-9aa213ed91f9'
    'x-ms-version': 'REDACTED'
    'x-ms-creation-time': 'REDACTED'
    'x-ms-lease-status': 'REDACTED'
    'x-ms-lease-state': 'REDACTED'
    'x-ms-blob-type': 'REDACTED'
    'x-ms-server-encrypted': 'REDACTED'
    'x-ms-access-tier': 'REDACTED'
    'x-ms-access-tier-inferred': 'REDACTED'
    'Date': 'Wed, 17 Apr 2024 16:14:53 GMT'
INFO:root:Found .html file: 2024-spring/walsh/converted/walsh.html
INFO:root:Creating new .md file: 2024-spring/walsh/converted/walsh.md
INFO:azure.core.pipeline.policies.http_logging_policy:Request URL: 'https://rootstalk.blob.core.windows.net/rootstalk-2024-spring/walsh-1.jpeg'
Request method: 'HEAD'
Request headers:
    'x-ms-version': 'REDACTED'
    'Accept': 'application/xml'
    'User-Agent': 'azsdk-python-storage-blob/12.19.1 Python/3.9.5 (macOS-10.16-x86_64-i386-64bit)'
    'x-ms-date': 'REDACTED'
    'x-ms-client-request-id': '059d2d9e-fcd6-11ee-8146-9aa213ed91f9'
    'Authorization': 'REDACTED'
No body was attached to the request
DEBUG:urllib3.connectionpool:Starting new HTTPS connection (1): rootstalk.blob.core.windows.net:443
DEBUG:urllib3.connectionpool:https://rootstalk.blob.core.windows.net:443 "HEAD /rootstalk-2024-spring/walsh-1.jpeg HTTP/1.1" 200 0
INFO:azure.core.pipeline.policies.http_logging_policy:Response status: 200
Response headers:
    'Content-Length': '46527'
    'Content-Type': 'application/octet-stream'
    'Content-MD5': 'REDACTED'
    'Last-Modified': 'Tue, 16 Apr 2024 16:34:20 GMT'
    'Accept-Ranges': 'REDACTED'
    'ETag': '"0x8DC5E3310EC661D"'
    'Vary': 'REDACTED'
    'Server': 'Windows-Azure-Blob/1.0 Microsoft-HTTPAPI/2.0'
    'x-ms-request-id': 'bfbcd97a-701e-0077-75e2-90edce000000'
    'x-ms-client-request-id': '059d2d9e-fcd6-11ee-8146-9aa213ed91f9'
    'x-ms-version': 'REDACTED'
    'x-ms-creation-time': 'REDACTED'
    'x-ms-lease-status': 'REDACTED'
    'x-ms-lease-state': 'REDACTED'
    'x-ms-blob-type': 'REDACTED'
    'x-ms-server-encrypted': 'REDACTED'
    'x-ms-access-tier': 'REDACTED'
    'x-ms-access-tier-inferred': 'REDACTED'
    'Date': 'Wed, 17 Apr 2024 16:17:43 GMT'
INFO:azure.core.pipeline.policies.http_logging_policy:Request URL: 'https://rootstalk.blob.core.windows.net/rootstalk-2024-spring/walsh-3.png'
Request method: 'HEAD'
Request headers:
    'x-ms-version': 'REDACTED'
    'Accept': 'application/xml'
    'User-Agent': 'azsdk-python-storage-blob/12.19.1 Python/3.9.5 (macOS-10.16-x86_64-i386-64bit)'
    'x-ms-date': 'REDACTED'
    'x-ms-client-request-id': '05c7c0f4-fcd6-11ee-8146-9aa213ed91f9'
    'Authorization': 'REDACTED'
No body was attached to the request
DEBUG:urllib3.connectionpool:https://rootstalk.blob.core.windows.net:443 "HEAD /rootstalk-2024-spring/walsh-3.png HTTP/1.1" 200 0
INFO:azure.core.pipeline.policies.http_logging_policy:Response status: 200
Response headers:
    'Content-Length': '308349'
    'Content-Type': 'application/octet-stream'
    'Content-MD5': 'REDACTED'
    'Last-Modified': 'Wed, 17 Apr 2024 14:57:37 GMT'
    'Accept-Ranges': 'REDACTED'
    'ETag': '"0x8DC5EEEB8906BFC"'
    'Vary': 'REDACTED'
    'Server': 'Windows-Azure-Blob/1.0 Microsoft-HTTPAPI/2.0'
    'x-ms-request-id': 'bfbcd9ac-701e-0077-23e2-90edce000000'
    'x-ms-client-request-id': '05c7c0f4-fcd6-11ee-8146-9aa213ed91f9'
    'x-ms-version': 'REDACTED'
    'x-ms-creation-time': 'REDACTED'
    'x-ms-lease-status': 'REDACTED'
    'x-ms-lease-state': 'REDACTED'
    'x-ms-blob-type': 'REDACTED'
    'x-ms-server-encrypted': 'REDACTED'
    'x-ms-access-tier': 'REDACTED'
    'x-ms-access-tier-inferred': 'REDACTED'
    'Date': 'Wed, 17 Apr 2024 16:17:43 GMT'
INFO:azure.core.pipeline.policies.http_logging_policy:Request URL: 'https://rootstalk.blob.core.windows.net/rootstalk-2024-spring/walsh-4.png'
Request method: 'HEAD'
Request headers:
    'x-ms-version': 'REDACTED'
    'Accept': 'application/xml'
    'User-Agent': 'azsdk-python-storage-blob/12.19.1 Python/3.9.5 (macOS-10.16-x86_64-i386-64bit)'
    'x-ms-date': 'REDACTED'
    'x-ms-client-request-id': '0631628e-fcd6-11ee-8146-9aa213ed91f9'
    'Authorization': 'REDACTED'
No body was attached to the request
DEBUG:urllib3.connectionpool:https://rootstalk.blob.core.windows.net:443 "HEAD /rootstalk-2024-spring/walsh-4.png HTTP/1.1" 200 0
INFO:azure.core.pipeline.policies.http_logging_policy:Response status: 200
Response headers:
    'Content-Length': '638185'
    'Content-Type': 'application/octet-stream'
    'Content-MD5': 'REDACTED'
    'Last-Modified': 'Wed, 17 Apr 2024 14:57:37 GMT'
    'Accept-Ranges': 'REDACTED'
    'ETag': '"0x8DC5EEEB8ABB830"'
    'Vary': 'REDACTED'
    'Server': 'Windows-Azure-Blob/1.0 Microsoft-HTTPAPI/2.0'
    'x-ms-request-id': 'bfbcdb33-701e-0077-0de2-90edce000000'
    'x-ms-client-request-id': '0631628e-fcd6-11ee-8146-9aa213ed91f9'
    'x-ms-version': 'REDACTED'
    'x-ms-creation-time': 'REDACTED'
    'x-ms-lease-status': 'REDACTED'
    'x-ms-lease-state': 'REDACTED'
    'x-ms-blob-type': 'REDACTED'
    'x-ms-server-encrypted': 'REDACTED'
    'x-ms-access-tier': 'REDACTED'
    'x-ms-access-tier-inferred': 'REDACTED'
    'Date': 'Wed, 17 Apr 2024 16:17:44 GMT'
INFO:azure.core.pipeline.policies.http_logging_policy:Request URL: 'https://rootstalk.blob.core.windows.net/rootstalk-2024-spring/walsh-5.png'
Request method: 'HEAD'
Request headers:
    'x-ms-version': 'REDACTED'
    'Accept': 'application/xml'
    'User-Agent': 'azsdk-python-storage-blob/12.19.1 Python/3.9.5 (macOS-10.16-x86_64-i386-64bit)'
    'x-ms-date': 'REDACTED'
    'x-ms-client-request-id': '0852dda4-fcd6-11ee-8146-9aa213ed91f9'
    'Authorization': 'REDACTED'
No body was attached to the request
DEBUG:urllib3.connectionpool:https://rootstalk.blob.core.windows.net:443 "HEAD /rootstalk-2024-spring/walsh-5.png HTTP/1.1" 200 0
INFO:azure.core.pipeline.policies.http_logging_policy:Response status: 200
Response headers:
    'Content-Length': '303474'
    'Content-Type': 'application/octet-stream'
    'Content-MD5': 'REDACTED'
    'Last-Modified': 'Wed, 17 Apr 2024 14:57:37 GMT'
    'Accept-Ranges': 'REDACTED'
    'ETag': '"0x8DC5EEEB8C09CB1"'
    'Vary': 'REDACTED'
    'Server': 'Windows-Azure-Blob/1.0 Microsoft-HTTPAPI/2.0'
    'x-ms-request-id': 'bfbce48f-701e-0077-14e2-90edce000000'
    'x-ms-client-request-id': '0852dda4-fcd6-11ee-8146-9aa213ed91f9'
    'x-ms-version': 'REDACTED'
    'x-ms-creation-time': 'REDACTED'
    'x-ms-lease-status': 'REDACTED'
    'x-ms-lease-state': 'REDACTED'
    'x-ms-blob-type': 'REDACTED'
    'x-ms-server-encrypted': 'REDACTED'
    'x-ms-access-tier': 'REDACTED'
    'x-ms-access-tier-inferred': 'REDACTED'
    'Date': 'Wed, 17 Apr 2024 16:17:48 GMT'
INFO:root:Found .html file: 2024-spring/walsh/converted/walsh.html
INFO:root:Creating new .md file: 2024-spring/walsh/converted/walsh.md
INFO:azure.core.pipeline.policies.http_logging_policy:Request URL: 'https://rootstalk.blob.core.windows.net/rootstalk-2024-spring/walsh-1.jpeg'
Request method: 'HEAD'
Request headers:
    'x-ms-version': 'REDACTED'
    'Accept': 'application/xml'
    'User-Agent': 'azsdk-python-storage-blob/12.19.1 Python/3.9.5 (macOS-10.16-x86_64-i386-64bit)'
    'x-ms-date': 'REDACTED'
    'x-ms-client-request-id': '30965926-fcd6-11ee-8173-9aa213ed91f9'
    'Authorization': 'REDACTED'
No body was attached to the request
DEBUG:urllib3.connectionpool:Starting new HTTPS connection (1): rootstalk.blob.core.windows.net:443
DEBUG:urllib3.connectionpool:https://rootstalk.blob.core.windows.net:443 "HEAD /rootstalk-2024-spring/walsh-1.jpeg HTTP/1.1" 200 0
INFO:azure.core.pipeline.policies.http_logging_policy:Response status: 200
Response headers:
    'Content-Length': '46527'
    'Content-Type': 'application/octet-stream'
    'Content-MD5': 'REDACTED'
    'Last-Modified': 'Tue, 16 Apr 2024 16:34:20 GMT'
    'Accept-Ranges': 'REDACTED'
    'ETag': '"0x8DC5E3310EC661D"'
    'Vary': 'REDACTED'
    'Server': 'Windows-Azure-Blob/1.0 Microsoft-HTTPAPI/2.0'
    'x-ms-request-id': 'a0c10e72-f01e-0016-0fe2-909130000000'
    'x-ms-client-request-id': '30965926-fcd6-11ee-8173-9aa213ed91f9'
    'x-ms-version': 'REDACTED'
    'x-ms-creation-time': 'REDACTED'
    'x-ms-lease-status': 'REDACTED'
    'x-ms-lease-state': 'REDACTED'
    'x-ms-blob-type': 'REDACTED'
    'x-ms-server-encrypted': 'REDACTED'
    'x-ms-access-tier': 'REDACTED'
    'x-ms-access-tier-inferred': 'REDACTED'
    'Date': 'Wed, 17 Apr 2024 16:18:56 GMT'
INFO:azure.core.pipeline.policies.http_logging_policy:Request URL: 'https://rootstalk.blob.core.windows.net/rootstalk-2024-spring/walsh-3.png'
Request method: 'HEAD'
Request headers:
    'x-ms-version': 'REDACTED'
    'Accept': 'application/xml'
    'User-Agent': 'azsdk-python-storage-blob/12.19.1 Python/3.9.5 (macOS-10.16-x86_64-i386-64bit)'
    'x-ms-date': 'REDACTED'
    'x-ms-client-request-id': '5a2be68e-fcd6-11ee-8173-9aa213ed91f9'
    'Authorization': 'REDACTED'
No body was attached to the request
DEBUG:urllib3.connectionpool:https://rootstalk.blob.core.windows.net:443 "HEAD /rootstalk-2024-spring/walsh-3.png HTTP/1.1" 200 0
INFO:azure.core.pipeline.policies.http_logging_policy:Response status: 200
Response headers:
    'Content-Length': '308349'
    'Content-Type': 'application/octet-stream'
    'Content-MD5': 'REDACTED'
    'Last-Modified': 'Wed, 17 Apr 2024 14:57:37 GMT'
    'Accept-Ranges': 'REDACTED'
    'ETag': '"0x8DC5EEEB8906BFC"'
    'Vary': 'REDACTED'
    'Server': 'Windows-Azure-Blob/1.0 Microsoft-HTTPAPI/2.0'
    'x-ms-request-id': 'a0c19458-f01e-0016-16e3-909130000000'
    'x-ms-client-request-id': '5a2be68e-fcd6-11ee-8173-9aa213ed91f9'
    'x-ms-version': 'REDACTED'
    'x-ms-creation-time': 'REDACTED'
    'x-ms-lease-status': 'REDACTED'
    'x-ms-lease-state': 'REDACTED'
    'x-ms-blob-type': 'REDACTED'
    'x-ms-server-encrypted': 'REDACTED'
    'x-ms-access-tier': 'REDACTED'
    'x-ms-access-tier-inferred': 'REDACTED'
    'Date': 'Wed, 17 Apr 2024 16:20:05 GMT'
INFO:azure.core.pipeline.policies.http_logging_policy:Request URL: 'https://rootstalk.blob.core.windows.net/rootstalk-2024-spring/walsh-4.png'
Request method: 'HEAD'
Request headers:
    'x-ms-version': 'REDACTED'
    'Accept': 'application/xml'
    'User-Agent': 'azsdk-python-storage-blob/12.19.1 Python/3.9.5 (macOS-10.16-x86_64-i386-64bit)'
    'x-ms-date': 'REDACTED'
    'x-ms-client-request-id': '6ca9482e-fcd6-11ee-8173-9aa213ed91f9'
    'Authorization': 'REDACTED'
No body was attached to the request
DEBUG:urllib3.connectionpool:https://rootstalk.blob.core.windows.net:443 "HEAD /rootstalk-2024-spring/walsh-4.png HTTP/1.1" 200 0
INFO:azure.core.pipeline.policies.http_logging_policy:Response status: 200
Response headers:
    'Content-Length': '638185'
    'Content-Type': 'application/octet-stream'
    'Content-MD5': 'REDACTED'
    'Last-Modified': 'Wed, 17 Apr 2024 14:57:37 GMT'
    'Accept-Ranges': 'REDACTED'
    'ETag': '"0x8DC5EEEB8ABB830"'
    'Vary': 'REDACTED'
    'Server': 'Windows-Azure-Blob/1.0 Microsoft-HTTPAPI/2.0'
    'x-ms-request-id': 'a0c1c894-f01e-0016-6ce3-909130000000'
    'x-ms-client-request-id': '6ca9482e-fcd6-11ee-8173-9aa213ed91f9'
    'x-ms-version': 'REDACTED'
    'x-ms-creation-time': 'REDACTED'
    'x-ms-lease-status': 'REDACTED'
    'x-ms-lease-state': 'REDACTED'
    'x-ms-blob-type': 'REDACTED'
    'x-ms-server-encrypted': 'REDACTED'
    'x-ms-access-tier': 'REDACTED'
    'x-ms-access-tier-inferred': 'REDACTED'
    'Date': 'Wed, 17 Apr 2024 16:20:36 GMT'
INFO:azure.core.pipeline.policies.http_logging_policy:Request URL: 'https://rootstalk.blob.core.windows.net/rootstalk-2024-spring/walsh-5.png'
Request method: 'HEAD'
Request headers:
    'x-ms-version': 'REDACTED'
    'Accept': 'application/xml'
    'User-Agent': 'azsdk-python-storage-blob/12.19.1 Python/3.9.5 (macOS-10.16-x86_64-i386-64bit)'
    'x-ms-date': 'REDACTED'
    'x-ms-client-request-id': '6d345040-fcd6-11ee-8173-9aa213ed91f9'
    'Authorization': 'REDACTED'
No body was attached to the request
DEBUG:urllib3.connectionpool:https://rootstalk.blob.core.windows.net:443 "HEAD /rootstalk-2024-spring/walsh-5.png HTTP/1.1" 200 0
INFO:azure.core.pipeline.policies.http_logging_policy:Response status: 200
Response headers:
    'Content-Length': '303474'
    'Content-Type': 'application/octet-stream'
    'Content-MD5': 'REDACTED'
    'Last-Modified': 'Wed, 17 Apr 2024 14:57:37 GMT'
    'Accept-Ranges': 'REDACTED'
    'ETag': '"0x8DC5EEEB8C09CB1"'
    'Vary': 'REDACTED'
    'Server': 'Windows-Azure-Blob/1.0 Microsoft-HTTPAPI/2.0'
    'x-ms-request-id': 'a0c1c9ea-f01e-0016-77e3-909130000000'
    'x-ms-client-request-id': '6d345040-fcd6-11ee-8173-9aa213ed91f9'
    'x-ms-version': 'REDACTED'
    'x-ms-creation-time': 'REDACTED'
    'x-ms-lease-status': 'REDACTED'
    'x-ms-lease-state': 'REDACTED'
    'x-ms-blob-type': 'REDACTED'
    'x-ms-server-encrypted': 'REDACTED'
    'x-ms-access-tier': 'REDACTED'
    'x-ms-access-tier-inferred': 'REDACTED'
    'Date': 'Wed, 17 Apr 2024 16:20:37 GMT'
INFO:root:Found .html file: 2024-spring/walsh/converted/walsh.html
INFO:root:Creating new .md file: 2024-spring/walsh/converted/walsh.md
INFO:azure.core.pipeline.policies.http_logging_policy:Request URL: 'https://rootstalk.blob.core.windows.net/rootstalk-2024-spring/walsh-1.jpeg'
Request method: 'HEAD'
Request headers:
    'x-ms-version': 'REDACTED'
    'Accept': 'application/xml'
    'User-Agent': 'azsdk-python-storage-blob/12.19.1 Python/3.9.5 (macOS-10.16-x86_64-i386-64bit)'
    'x-ms-date': 'REDACTED'
    'x-ms-client-request-id': '8b349748-fcd7-11ee-befd-9aa213ed91f9'
    'Authorization': 'REDACTED'
No body was attached to the request
DEBUG:urllib3.connectionpool:Starting new HTTPS connection (1): rootstalk.blob.core.windows.net:443
DEBUG:urllib3.connectionpool:https://rootstalk.blob.core.windows.net:443 "HEAD /rootstalk-2024-spring/walsh-1.jpeg HTTP/1.1" 200 0
INFO:azure.core.pipeline.policies.http_logging_policy:Response status: 200
Response headers:
    'Content-Length': '46527'
    'Content-Type': 'application/octet-stream'
    'Content-MD5': 'REDACTED'
    'Last-Modified': 'Tue, 16 Apr 2024 16:34:20 GMT'
    'Accept-Ranges': 'REDACTED'
    'ETag': '"0x8DC5E3310EC661D"'
    'Vary': 'REDACTED'
    'Server': 'Windows-Azure-Blob/1.0 Microsoft-HTTPAPI/2.0'
    'x-ms-request-id': '0bdf79d7-901e-00cf-7de4-90f3dd000000'
    'x-ms-client-request-id': '8b349748-fcd7-11ee-befd-9aa213ed91f9'
    'x-ms-version': 'REDACTED'
    'x-ms-creation-time': 'REDACTED'
    'x-ms-lease-status': 'REDACTED'
    'x-ms-lease-state': 'REDACTED'
    'x-ms-blob-type': 'REDACTED'
    'x-ms-server-encrypted': 'REDACTED'
    'x-ms-access-tier': 'REDACTED'
    'x-ms-access-tier-inferred': 'REDACTED'
    'Date': 'Wed, 17 Apr 2024 16:28:37 GMT'
INFO:azure.core.pipeline.policies.http_logging_policy:Request URL: 'https://rootstalk.blob.core.windows.net/rootstalk-2024-spring/walsh-2.jpeg'
Request method: 'HEAD'
Request headers:
    'x-ms-version': 'REDACTED'
    'Accept': 'application/xml'
    'User-Agent': 'azsdk-python-storage-blob/12.19.1 Python/3.9.5 (macOS-10.16-x86_64-i386-64bit)'
    'x-ms-date': 'REDACTED'
    'x-ms-client-request-id': '8c19d48e-fcd7-11ee-befd-9aa213ed91f9'
    'Authorization': 'REDACTED'
No body was attached to the request
DEBUG:urllib3.connectionpool:https://rootstalk.blob.core.windows.net:443 "HEAD /rootstalk-2024-spring/walsh-2.jpeg HTTP/1.1" 200 0
INFO:azure.core.pipeline.policies.http_logging_policy:Response status: 200
Response headers:
    'Content-Length': '4705191'
    'Content-Type': 'application/octet-stream'
    'Content-MD5': 'REDACTED'
    'Last-Modified': 'Wed, 17 Apr 2024 16:04:19 GMT'
    'Accept-Ranges': 'REDACTED'
    'ETag': '"0x8DC5EF80A4A8D27"'
    'Vary': 'REDACTED'
    'Server': 'Windows-Azure-Blob/1.0 Microsoft-HTTPAPI/2.0'
    'x-ms-request-id': '0bdf8181-901e-00cf-41e4-90f3dd000000'
    'x-ms-client-request-id': '8c19d48e-fcd7-11ee-befd-9aa213ed91f9'
    'x-ms-version': 'REDACTED'
    'x-ms-creation-time': 'REDACTED'
    'x-ms-lease-status': 'REDACTED'
    'x-ms-lease-state': 'REDACTED'
    'x-ms-blob-type': 'REDACTED'
    'x-ms-server-encrypted': 'REDACTED'
    'x-ms-access-tier': 'REDACTED'
    'x-ms-access-tier-inferred': 'REDACTED'
    'Date': 'Wed, 17 Apr 2024 16:28:39 GMT'
INFO:azure.core.pipeline.policies.http_logging_policy:Request URL: 'https://rootstalk.blob.core.windows.net/rootstalk-2024-spring/walsh-3.png'
Request method: 'HEAD'
Request headers:
    'x-ms-version': 'REDACTED'
    'Accept': 'application/xml'
    'User-Agent': 'azsdk-python-storage-blob/12.19.1 Python/3.9.5 (macOS-10.16-x86_64-i386-64bit)'
    'x-ms-date': 'REDACTED'
    'x-ms-client-request-id': '8c93aa5c-fcd7-11ee-befd-9aa213ed91f9'
    'Authorization': 'REDACTED'
No body was attached to the request
DEBUG:urllib3.connectionpool:https://rootstalk.blob.core.windows.net:443 "HEAD /rootstalk-2024-spring/walsh-3.png HTTP/1.1" 200 0
INFO:azure.core.pipeline.policies.http_logging_policy:Response status: 200
Response headers:
    'Content-Length': '308349'
    'Content-Type': 'application/octet-stream'
    'Content-MD5': 'REDACTED'
    'Last-Modified': 'Wed, 17 Apr 2024 14:57:37 GMT'
    'Accept-Ranges': 'REDACTED'
    'ETag': '"0x8DC5EEEB8906BFC"'
    'Vary': 'REDACTED'
    'Server': 'Windows-Azure-Blob/1.0 Microsoft-HTTPAPI/2.0'
    'x-ms-request-id': '0bdf85cc-901e-00cf-45e4-90f3dd000000'
    'x-ms-client-request-id': '8c93aa5c-fcd7-11ee-befd-9aa213ed91f9'
    'x-ms-version': 'REDACTED'
    'x-ms-creation-time': 'REDACTED'
    'x-ms-lease-status': 'REDACTED'
    'x-ms-lease-state': 'REDACTED'
    'x-ms-blob-type': 'REDACTED'
    'x-ms-server-encrypted': 'REDACTED'
    'x-ms-access-tier': 'REDACTED'
    'x-ms-access-tier-inferred': 'REDACTED'
    'Date': 'Wed, 17 Apr 2024 16:28:39 GMT'
INFO:azure.core.pipeline.policies.http_logging_policy:Request URL: 'https://rootstalk.blob.core.windows.net/rootstalk-2024-spring/walsh-4.png'
Request method: 'HEAD'
Request headers:
    'x-ms-version': 'REDACTED'
    'Accept': 'application/xml'
    'User-Agent': 'azsdk-python-storage-blob/12.19.1 Python/3.9.5 (macOS-10.16-x86_64-i386-64bit)'
    'x-ms-date': 'REDACTED'
    'x-ms-client-request-id': '8e543b40-fcd7-11ee-befd-9aa213ed91f9'
    'Authorization': 'REDACTED'
No body was attached to the request
DEBUG:urllib3.connectionpool:https://rootstalk.blob.core.windows.net:443 "HEAD /rootstalk-2024-spring/walsh-4.png HTTP/1.1" 200 0
INFO:azure.core.pipeline.policies.http_logging_policy:Response status: 200
Response headers:
    'Content-Length': '638185'
    'Content-Type': 'application/octet-stream'
    'Content-MD5': 'REDACTED'
    'Last-Modified': 'Wed, 17 Apr 2024 14:57:37 GMT'
    'Accept-Ranges': 'REDACTED'
    'ETag': '"0x8DC5EEEB8ABB830"'
    'Vary': 'REDACTED'
    'Server': 'Windows-Azure-Blob/1.0 Microsoft-HTTPAPI/2.0'
    'x-ms-request-id': '0bdf9529-901e-00cf-11e4-90f3dd000000'
    'x-ms-client-request-id': '8e543b40-fcd7-11ee-befd-9aa213ed91f9'
    'x-ms-version': 'REDACTED'
    'x-ms-creation-time': 'REDACTED'
    'x-ms-lease-status': 'REDACTED'
    'x-ms-lease-state': 'REDACTED'
    'x-ms-blob-type': 'REDACTED'
    'x-ms-server-encrypted': 'REDACTED'
    'x-ms-access-tier': 'REDACTED'
    'x-ms-access-tier-inferred': 'REDACTED'
    'Date': 'Wed, 17 Apr 2024 16:28:42 GMT'
INFO:azure.core.pipeline.policies.http_logging_policy:Request URL: 'https://rootstalk.blob.core.windows.net/rootstalk-2024-spring/walsh-5.png'
Request method: 'HEAD'
Request headers:
    'x-ms-version': 'REDACTED'
    'Accept': 'application/xml'
    'User-Agent': 'azsdk-python-storage-blob/12.19.1 Python/3.9.5 (macOS-10.16-x86_64-i386-64bit)'
    'x-ms-date': 'REDACTED'
    'x-ms-client-request-id': '8e5ec1a0-fcd7-11ee-befd-9aa213ed91f9'
    'Authorization': 'REDACTED'
No body was attached to the request
DEBUG:urllib3.connectionpool:https://rootstalk.blob.core.windows.net:443 "HEAD /rootstalk-2024-spring/walsh-5.png HTTP/1.1" 200 0
INFO:azure.core.pipeline.policies.http_logging_policy:Response status: 200
Response headers:
    'Content-Length': '303474'
    'Content-Type': 'application/octet-stream'
    'Content-MD5': 'REDACTED'
    'Last-Modified': 'Wed, 17 Apr 2024 14:57:37 GMT'
    'Accept-Ranges': 'REDACTED'
    'ETag': '"0x8DC5EEEB8C09CB1"'
    'Vary': 'REDACTED'
    'Server': 'Windows-Azure-Blob/1.0 Microsoft-HTTPAPI/2.0'
    'x-ms-request-id': '0bdf9567-901e-00cf-4fe4-90f3dd000000'
    'x-ms-client-request-id': '8e5ec1a0-fcd7-11ee-befd-9aa213ed91f9'
    'x-ms-version': 'REDACTED'
    'x-ms-creation-time': 'REDACTED'
    'x-ms-lease-status': 'REDACTED'
    'x-ms-lease-state': 'REDACTED'
    'x-ms-blob-type': 'REDACTED'
    'x-ms-server-encrypted': 'REDACTED'
    'x-ms-access-tier': 'REDACTED'
    'x-ms-access-tier-inferred': 'REDACTED'
    'Date': 'Wed, 17 Apr 2024 16:28:42 GMT'
