INFO:root:Found .html file: 2024-spring/weeks/converted/weeks.html
INFO:root:Creating new .md file: 2024-spring/weeks/converted/weeks.md
INFO:azure.core.pipeline.policies.http_logging_policy:Request URL: 'https://rootstalk.blob.core.windows.net/rootstalk-2024-spring/weeks-1.jpeg'
Request method: 'HEAD'
Request headers:
    'x-ms-version': 'REDACTED'
    'Accept': 'application/xml'
    'User-Agent': 'azsdk-python-storage-blob/12.19.1 Python/3.9.5 (macOS-10.16-x86_64-i386-64bit)'
    'x-ms-date': 'REDACTED'
    'x-ms-client-request-id': '4f2794c2-fb4b-11ee-986b-9aa213ed91f8'
    'Authorization': 'REDACTED'
No body was attached to the request
DEBUG:urllib3.connectionpool:Starting new HTTPS connection (1): rootstalk.blob.core.windows.net:443
DEBUG:urllib3.connectionpool:https://rootstalk.blob.core.windows.net:443 "HEAD /rootstalk-2024-spring/weeks-1.jpeg HTTP/1.1" 200 0
INFO:azure.core.pipeline.policies.http_logging_policy:Response status: 200
Response headers:
    'Content-Length': '720963'
    'Content-Type': 'application/octet-stream'
    'Content-MD5': 'REDACTED'
    'Last-Modified': 'Mon, 15 Apr 2024 15:43:39 GMT'
    'Accept-Ranges': 'REDACTED'
    'ETag': '"0x8DC5D62D2517179"'
    'Vary': 'REDACTED'
    'Server': 'Windows-Azure-Blob/1.0 Microsoft-HTTPAPI/2.0'
    'x-ms-request-id': '6ea7da85-201e-0097-3e58-8f9778000000'
    'x-ms-client-request-id': '4f2794c2-fb4b-11ee-986b-9aa213ed91f8'
    'x-ms-version': 'REDACTED'
    'x-ms-creation-time': 'REDACTED'
    'x-ms-lease-status': 'REDACTED'
    'x-ms-lease-state': 'REDACTED'
    'x-ms-blob-type': 'REDACTED'
    'x-ms-server-encrypted': 'REDACTED'
    'x-ms-access-tier': 'REDACTED'
    'x-ms-access-tier-inferred': 'REDACTED'
    'Date': 'Mon, 15 Apr 2024 17:12:16 GMT'
INFO:azure.core.pipeline.policies.http_logging_policy:Request URL: 'https://rootstalk.blob.core.windows.net/rootstalk-2024-spring/weeks-2.jpeg'
Request method: 'HEAD'
Request headers:
    'x-ms-version': 'REDACTED'
    'Accept': 'application/xml'
    'User-Agent': 'azsdk-python-storage-blob/12.19.1 Python/3.9.5 (macOS-10.16-x86_64-i386-64bit)'
    'x-ms-date': 'REDACTED'
    'x-ms-client-request-id': '4f4f1ec0-fb4b-11ee-986b-9aa213ed91f8'
    'Authorization': 'REDACTED'
No body was attached to the request
DEBUG:urllib3.connectionpool:https://rootstalk.blob.core.windows.net:443 "HEAD /rootstalk-2024-spring/weeks-2.jpeg HTTP/1.1" 200 0
INFO:azure.core.pipeline.policies.http_logging_policy:Response status: 200
Response headers:
    'Content-Length': '206842'
    'Content-Type': 'application/octet-stream'
    'Content-MD5': 'REDACTED'
    'Last-Modified': 'Mon, 15 Apr 2024 16:13:13 GMT'
    'Accept-Ranges': 'REDACTED'
    'ETag': '"0x8DC5D66F3B604D1"'
    'Vary': 'REDACTED'
    'Server': 'Windows-Azure-Blob/1.0 Microsoft-HTTPAPI/2.0'
    'x-ms-request-id': '6ea7db06-201e-0097-3958-8f9778000000'
    'x-ms-client-request-id': '4f4f1ec0-fb4b-11ee-986b-9aa213ed91f8'
    'x-ms-version': 'REDACTED'
    'x-ms-creation-time': 'REDACTED'
    'x-ms-lease-status': 'REDACTED'
    'x-ms-lease-state': 'REDACTED'
    'x-ms-blob-type': 'REDACTED'
    'x-ms-server-encrypted': 'REDACTED'
    'x-ms-access-tier': 'REDACTED'
    'x-ms-access-tier-inferred': 'REDACTED'
    'Date': 'Mon, 15 Apr 2024 17:12:16 GMT'
