INFO:root:Found .html file: 2024-spring/weeks/converted/weeks.html
INFO:root:Creating new .md file: 2024-spring/weeks/converted/weeks.md
INFO:azure.core.pipeline.policies.http_logging_policy:Request URL: 'https://rootstalk.blob.core.windows.net/rootstalk-2024-spring/weeks-1.jpeg'
Request method: 'HEAD'
Request headers:
    'x-ms-version': 'REDACTED'
    'Accept': 'application/xml'
    'User-Agent': 'azsdk-python-storage-blob/12.19.1 Python/3.9.5 (macOS-10.16-x86_64-i386-64bit)'
    'x-ms-date': 'REDACTED'
    'x-ms-client-request-id': '4f2794c2-fb4b-11ee-986b-9aa213ed91f8'
    'Authorization': 'REDACTED'
No body was attached to the request
DEBUG:urllib3.connectionpool:Starting new HTTPS connection (1): rootstalk.blob.core.windows.net:443
DEBUG:urllib3.connectionpool:https://rootstalk.blob.core.windows.net:443 "HEAD /rootstalk-2024-spring/weeks-1.jpeg HTTP/1.1" 200 0
INFO:azure.core.pipeline.policies.http_logging_policy:Response status: 200
Response headers:
    'Content-Length': '720963'
    'Content-Type': 'application/octet-stream'
    'Content-MD5': 'REDACTED'
    'Last-Modified': 'Mon, 15 Apr 2024 15:43:39 GMT'
    'Accept-Ranges': 'REDACTED'
    'ETag': '"0x8DC5D62D2517179"'
    'Vary': 'REDACTED'
    'Server': 'Windows-Azure-Blob/1.0 Microsoft-HTTPAPI/2.0'
    'x-ms-request-id': '6ea7da85-201e-0097-3e58-8f9778000000'
    'x-ms-client-request-id': '4f2794c2-fb4b-11ee-986b-9aa213ed91f8'
    'x-ms-version': 'REDACTED'
    'x-ms-creation-time': 'REDACTED'
    'x-ms-lease-status': 'REDACTED'
    'x-ms-lease-state': 'REDACTED'
    'x-ms-blob-type': 'REDACTED'
    'x-ms-server-encrypted': 'REDACTED'
    'x-ms-access-tier': 'REDACTED'
    'x-ms-access-tier-inferred': 'REDACTED'
    'Date': 'Mon, 15 Apr 2024 17:12:16 GMT'
INFO:azure.core.pipeline.policies.http_logging_policy:Request URL: 'https://rootstalk.blob.core.windows.net/rootstalk-2024-spring/weeks-2.jpeg'
Request method: 'HEAD'
Request headers:
    'x-ms-version': 'REDACTED'
    'Accept': 'application/xml'
    'User-Agent': 'azsdk-python-storage-blob/12.19.1 Python/3.9.5 (macOS-10.16-x86_64-i386-64bit)'
    'x-ms-date': 'REDACTED'
    'x-ms-client-request-id': '4f4f1ec0-fb4b-11ee-986b-9aa213ed91f8'
    'Authorization': 'REDACTED'
No body was attached to the request
DEBUG:urllib3.connectionpool:https://rootstalk.blob.core.windows.net:443 "HEAD /rootstalk-2024-spring/weeks-2.jpeg HTTP/1.1" 200 0
INFO:azure.core.pipeline.policies.http_logging_policy:Response status: 200
Response headers:
    'Content-Length': '206842'
    'Content-Type': 'application/octet-stream'
    'Content-MD5': 'REDACTED'
    'Last-Modified': 'Mon, 15 Apr 2024 16:13:13 GMT'
    'Accept-Ranges': 'REDACTED'
    'ETag': '"0x8DC5D66F3B604D1"'
    'Vary': 'REDACTED'
    'Server': 'Windows-Azure-Blob/1.0 Microsoft-HTTPAPI/2.0'
    'x-ms-request-id': '6ea7db06-201e-0097-3958-8f9778000000'
    'x-ms-client-request-id': '4f4f1ec0-fb4b-11ee-986b-9aa213ed91f8'
    'x-ms-version': 'REDACTED'
    'x-ms-creation-time': 'REDACTED'
    'x-ms-lease-status': 'REDACTED'
    'x-ms-lease-state': 'REDACTED'
    'x-ms-blob-type': 'REDACTED'
    'x-ms-server-encrypted': 'REDACTED'
    'x-ms-access-tier': 'REDACTED'
    'x-ms-access-tier-inferred': 'REDACTED'
    'Date': 'Mon, 15 Apr 2024 17:12:16 GMT'
INFO:root:Found .html file: 2024-spring/weeks/converted/weeks.html
INFO:root:Creating new .md file: 2024-spring/weeks/converted/weeks.md
INFO:azure.core.pipeline.policies.http_logging_policy:Request URL: 'https://rootstalk.blob.core.windows.net/rootstalk-2024-spring/weeks-1.jpeg'
Request method: 'HEAD'
Request headers:
    'x-ms-version': 'REDACTED'
    'Accept': 'application/xml'
    'User-Agent': 'azsdk-python-storage-blob/12.19.1 Python/3.9.5 (macOS-10.16-x86_64-i386-64bit)'
    'x-ms-date': 'REDACTED'
    'x-ms-client-request-id': 'b823c5b8-fc0e-11ee-887f-9aa213ed91f9'
    'Authorization': 'REDACTED'
No body was attached to the request
DEBUG:urllib3.connectionpool:Starting new HTTPS connection (1): rootstalk.blob.core.windows.net:443
DEBUG:urllib3.connectionpool:https://rootstalk.blob.core.windows.net:443 "HEAD /rootstalk-2024-spring/weeks-1.jpeg HTTP/1.1" 200 0
INFO:azure.core.pipeline.policies.http_logging_policy:Response status: 200
Response headers:
    'Content-Length': '720963'
    'Content-Type': 'application/octet-stream'
    'Content-MD5': 'REDACTED'
    'Last-Modified': 'Mon, 15 Apr 2024 15:43:39 GMT'
    'Accept-Ranges': 'REDACTED'
    'ETag': '"0x8DC5D62D2517179"'
    'Vary': 'REDACTED'
    'Server': 'Windows-Azure-Blob/1.0 Microsoft-HTTPAPI/2.0'
    'x-ms-request-id': '74a771b4-b01e-009e-021b-904e5a000000'
    'x-ms-client-request-id': 'b823c5b8-fc0e-11ee-887f-9aa213ed91f9'
    'x-ms-version': 'REDACTED'
    'x-ms-creation-time': 'REDACTED'
    'x-ms-lease-status': 'REDACTED'
    'x-ms-lease-state': 'REDACTED'
    'x-ms-blob-type': 'REDACTED'
    'x-ms-server-encrypted': 'REDACTED'
    'x-ms-access-tier': 'REDACTED'
    'x-ms-access-tier-inferred': 'REDACTED'
    'Date': 'Tue, 16 Apr 2024 16:31:04 GMT'
INFO:azure.core.pipeline.policies.http_logging_policy:Request URL: 'https://rootstalk.blob.core.windows.net/rootstalk-2024-spring/weeks-2.jpeg'
Request method: 'HEAD'
Request headers:
    'x-ms-version': 'REDACTED'
    'Accept': 'application/xml'
    'User-Agent': 'azsdk-python-storage-blob/12.19.1 Python/3.9.5 (macOS-10.16-x86_64-i386-64bit)'
    'x-ms-date': 'REDACTED'
    'x-ms-client-request-id': 'b8584176-fc0e-11ee-887f-9aa213ed91f9'
    'Authorization': 'REDACTED'
No body was attached to the request
DEBUG:urllib3.connectionpool:https://rootstalk.blob.core.windows.net:443 "HEAD /rootstalk-2024-spring/weeks-2.jpeg HTTP/1.1" 200 0
INFO:azure.core.pipeline.policies.http_logging_policy:Response status: 200
Response headers:
    'Content-Length': '206842'
    'Content-Type': 'application/octet-stream'
    'Content-MD5': 'REDACTED'
    'Last-Modified': 'Mon, 15 Apr 2024 16:13:13 GMT'
    'Accept-Ranges': 'REDACTED'
    'ETag': '"0x8DC5D66F3B604D1"'
    'Vary': 'REDACTED'
    'Server': 'Windows-Azure-Blob/1.0 Microsoft-HTTPAPI/2.0'
    'x-ms-request-id': '74a771fd-b01e-009e-451b-904e5a000000'
    'x-ms-client-request-id': 'b8584176-fc0e-11ee-887f-9aa213ed91f9'
    'x-ms-version': 'REDACTED'
    'x-ms-creation-time': 'REDACTED'
    'x-ms-lease-status': 'REDACTED'
    'x-ms-lease-state': 'REDACTED'
    'x-ms-blob-type': 'REDACTED'
    'x-ms-server-encrypted': 'REDACTED'
    'x-ms-access-tier': 'REDACTED'
    'x-ms-access-tier-inferred': 'REDACTED'
    'Date': 'Tue, 16 Apr 2024 16:31:04 GMT'
INFO:root:Found .html file: 2024-spring/weeks/converted/weeks.html
INFO:root:Creating new .md file: 2024-spring/weeks/converted/weeks.md
INFO:azure.core.pipeline.policies.http_logging_policy:Request URL: 'https://rootstalk.blob.core.windows.net/rootstalk-2024-spring/weeks-1.jpeg'
Request method: 'HEAD'
Request headers:
    'x-ms-version': 'REDACTED'
    'Accept': 'application/xml'
    'User-Agent': 'azsdk-python-storage-blob/12.19.1 Python/3.9.5 (macOS-10.16-x86_64-i386-64bit)'
    'x-ms-date': 'REDACTED'
    'x-ms-client-request-id': 'd8faccd2-fc0e-11ee-b3ae-9aa213ed91f9'
    'Authorization': 'REDACTED'
No body was attached to the request
DEBUG:urllib3.connectionpool:Starting new HTTPS connection (1): rootstalk.blob.core.windows.net:443
DEBUG:urllib3.connectionpool:https://rootstalk.blob.core.windows.net:443 "HEAD /rootstalk-2024-spring/weeks-1.jpeg HTTP/1.1" 200 0
INFO:azure.core.pipeline.policies.http_logging_policy:Response status: 200
Response headers:
    'Content-Length': '720963'
    'Content-Type': 'application/octet-stream'
    'Content-MD5': 'REDACTED'
    'Last-Modified': 'Mon, 15 Apr 2024 15:43:39 GMT'
    'Accept-Ranges': 'REDACTED'
    'ETag': '"0x8DC5D62D2517179"'
    'Vary': 'REDACTED'
    'Server': 'Windows-Azure-Blob/1.0 Microsoft-HTTPAPI/2.0'
    'x-ms-request-id': 'b36605ae-701e-0100-711b-90c924000000'
    'x-ms-client-request-id': 'd8faccd2-fc0e-11ee-b3ae-9aa213ed91f9'
    'x-ms-version': 'REDACTED'
    'x-ms-creation-time': 'REDACTED'
    'x-ms-lease-status': 'REDACTED'
    'x-ms-lease-state': 'REDACTED'
    'x-ms-blob-type': 'REDACTED'
    'x-ms-server-encrypted': 'REDACTED'
    'x-ms-access-tier': 'REDACTED'
    'x-ms-access-tier-inferred': 'REDACTED'
    'Date': 'Tue, 16 Apr 2024 16:31:59 GMT'
INFO:azure.core.pipeline.policies.http_logging_policy:Request URL: 'https://rootstalk.blob.core.windows.net/rootstalk-2024-spring/weeks-2.jpeg'
Request method: 'HEAD'
Request headers:
    'x-ms-version': 'REDACTED'
    'Accept': 'application/xml'
    'User-Agent': 'azsdk-python-storage-blob/12.19.1 Python/3.9.5 (macOS-10.16-x86_64-i386-64bit)'
    'x-ms-date': 'REDACTED'
    'x-ms-client-request-id': 'd92dbdfe-fc0e-11ee-b3ae-9aa213ed91f9'
    'Authorization': 'REDACTED'
No body was attached to the request
DEBUG:urllib3.connectionpool:https://rootstalk.blob.core.windows.net:443 "HEAD /rootstalk-2024-spring/weeks-2.jpeg HTTP/1.1" 200 0
INFO:azure.core.pipeline.policies.http_logging_policy:Response status: 200
Response headers:
    'Content-Length': '206842'
    'Content-Type': 'application/octet-stream'
    'Content-MD5': 'REDACTED'
    'Last-Modified': 'Mon, 15 Apr 2024 16:13:13 GMT'
    'Accept-Ranges': 'REDACTED'
    'ETag': '"0x8DC5D66F3B604D1"'
    'Vary': 'REDACTED'
    'Server': 'Windows-Azure-Blob/1.0 Microsoft-HTTPAPI/2.0'
    'x-ms-request-id': 'b3660650-701e-0100-0c1b-90c924000000'
    'x-ms-client-request-id': 'd92dbdfe-fc0e-11ee-b3ae-9aa213ed91f9'
    'x-ms-version': 'REDACTED'
    'x-ms-creation-time': 'REDACTED'
    'x-ms-lease-status': 'REDACTED'
    'x-ms-lease-state': 'REDACTED'
    'x-ms-blob-type': 'REDACTED'
    'x-ms-server-encrypted': 'REDACTED'
    'x-ms-access-tier': 'REDACTED'
    'x-ms-access-tier-inferred': 'REDACTED'
    'Date': 'Tue, 16 Apr 2024 16:31:59 GMT'
INFO:root:Found .html file: 2024-spring/weeks/converted/weeks.html
INFO:root:Creating new .md file: 2024-spring/weeks/converted/weeks.md
INFO:azure.core.pipeline.policies.http_logging_policy:Request URL: 'https://rootstalk.blob.core.windows.net/rootstalk-2024-spring/weeks-1.jpeg'
Request method: 'HEAD'
Request headers:
    'x-ms-version': 'REDACTED'
    'Accept': 'application/xml'
    'User-Agent': 'azsdk-python-storage-blob/12.19.1 Python/3.9.5 (macOS-10.16-x86_64-i386-64bit)'
    'x-ms-date': 'REDACTED'
    'x-ms-client-request-id': '1f0e098c-fc0f-11ee-b6c4-9aa213ed91f9'
    'Authorization': 'REDACTED'
No body was attached to the request
DEBUG:urllib3.connectionpool:Starting new HTTPS connection (1): rootstalk.blob.core.windows.net:443
DEBUG:urllib3.connectionpool:https://rootstalk.blob.core.windows.net:443 "HEAD /rootstalk-2024-spring/weeks-1.jpeg HTTP/1.1" 200 0
INFO:azure.core.pipeline.policies.http_logging_policy:Response status: 200
Response headers:
    'Content-Length': '720963'
    'Content-Type': 'application/octet-stream'
    'Content-MD5': 'REDACTED'
    'Last-Modified': 'Mon, 15 Apr 2024 15:43:39 GMT'
    'Accept-Ranges': 'REDACTED'
    'ETag': '"0x8DC5D62D2517179"'
    'Vary': 'REDACTED'
    'Server': 'Windows-Azure-Blob/1.0 Microsoft-HTTPAPI/2.0'
    'x-ms-request-id': '7a1321d2-501e-0001-5d1b-9036d4000000'
    'x-ms-client-request-id': '1f0e098c-fc0f-11ee-b6c4-9aa213ed91f9'
    'x-ms-version': 'REDACTED'
    'x-ms-creation-time': 'REDACTED'
    'x-ms-lease-status': 'REDACTED'
    'x-ms-lease-state': 'REDACTED'
    'x-ms-blob-type': 'REDACTED'
    'x-ms-server-encrypted': 'REDACTED'
    'x-ms-access-tier': 'REDACTED'
    'x-ms-access-tier-inferred': 'REDACTED'
    'Date': 'Tue, 16 Apr 2024 16:33:56 GMT'
INFO:azure.core.pipeline.policies.http_logging_policy:Request URL: 'https://rootstalk.blob.core.windows.net/rootstalk-2024-spring/weeks-2.jpeg'
Request method: 'HEAD'
Request headers:
    'x-ms-version': 'REDACTED'
    'Accept': 'application/xml'
    'User-Agent': 'azsdk-python-storage-blob/12.19.1 Python/3.9.5 (macOS-10.16-x86_64-i386-64bit)'
    'x-ms-date': 'REDACTED'
    'x-ms-client-request-id': '1f467f06-fc0f-11ee-b6c4-9aa213ed91f9'
    'Authorization': 'REDACTED'
No body was attached to the request
DEBUG:urllib3.connectionpool:https://rootstalk.blob.core.windows.net:443 "HEAD /rootstalk-2024-spring/weeks-2.jpeg HTTP/1.1" 200 0
INFO:azure.core.pipeline.policies.http_logging_policy:Response status: 200
Response headers:
    'Content-Length': '206842'
    'Content-Type': 'application/octet-stream'
    'Content-MD5': 'REDACTED'
    'Last-Modified': 'Mon, 15 Apr 2024 16:13:13 GMT'
    'Accept-Ranges': 'REDACTED'
    'ETag': '"0x8DC5D66F3B604D1"'
    'Vary': 'REDACTED'
    'Server': 'Windows-Azure-Blob/1.0 Microsoft-HTTPAPI/2.0'
    'x-ms-request-id': '7a1321fc-501e-0001-031b-9036d4000000'
    'x-ms-client-request-id': '1f467f06-fc0f-11ee-b6c4-9aa213ed91f9'
    'x-ms-version': 'REDACTED'
    'x-ms-creation-time': 'REDACTED'
    'x-ms-lease-status': 'REDACTED'
    'x-ms-lease-state': 'REDACTED'
    'x-ms-blob-type': 'REDACTED'
    'x-ms-server-encrypted': 'REDACTED'
    'x-ms-access-tier': 'REDACTED'
    'x-ms-access-tier-inferred': 'REDACTED'
    'Date': 'Tue, 16 Apr 2024 16:33:56 GMT'
INFO:root:Found .html file: 2024-spring/walsh/converted/walsh.html
INFO:root:Creating new .md file: 2024-spring/walsh/converted/walsh.md
INFO:azure.core.pipeline.policies.http_logging_policy:Request URL: 'https://rootstalk.blob.core.windows.net/rootstalk-2024-spring/walsh-1.jpeg'
Request method: 'HEAD'
Request headers:
    'x-ms-version': 'REDACTED'
    'Accept': 'application/xml'
    'User-Agent': 'azsdk-python-storage-blob/12.19.1 Python/3.9.5 (macOS-10.16-x86_64-i386-64bit)'
    'x-ms-date': 'REDACTED'
    'x-ms-client-request-id': '2c90bd20-fc0f-11ee-b6c4-9aa213ed91f9'
    'Authorization': 'REDACTED'
No body was attached to the request
DEBUG:urllib3.connectionpool:https://rootstalk.blob.core.windows.net:443 "HEAD /rootstalk-2024-spring/walsh-1.jpeg HTTP/1.1" 404 0
INFO:azure.core.pipeline.policies.http_logging_policy:Response status: 404
Response headers:
    'Transfer-Encoding': 'chunked'
    'Vary': 'REDACTED'
    'Server': 'Windows-Azure-Blob/1.0 Microsoft-HTTPAPI/2.0'
    'x-ms-request-id': '7a1355c1-501e-0001-371b-9036d4000000'
    'x-ms-client-request-id': '2c90bd20-fc0f-11ee-b6c4-9aa213ed91f9'
    'x-ms-version': 'REDACTED'
    'x-ms-error-code': 'BlobNotFound'
    'Date': 'Tue, 16 Apr 2024 16:34:19 GMT'
INFO:azure.core.pipeline.policies.http_logging_policy:Request URL: 'https://rootstalk.blob.core.windows.net/rootstalk-2024-spring/walsh-1.jpeg'
Request method: 'PUT'
Request headers:
    'Content-Length': '46527'
    'x-ms-blob-type': 'REDACTED'
    'If-None-Match': '*'
    'x-ms-version': 'REDACTED'
    'Content-Type': 'application/octet-stream'
    'Accept': 'application/xml'
    'User-Agent': 'azsdk-python-storage-blob/12.19.1 Python/3.9.5 (macOS-10.16-x86_64-i386-64bit)'
    'x-ms-date': 'REDACTED'
    'x-ms-client-request-id': '2c9d1a66-fc0f-11ee-b6c4-9aa213ed91f9'
    'Authorization': 'REDACTED'
A body is sent with the request
DEBUG:urllib3.connectionpool:https://rootstalk.blob.core.windows.net:443 "PUT /rootstalk-2024-spring/walsh-1.jpeg HTTP/1.1" 201 0
INFO:azure.core.pipeline.policies.http_logging_policy:Response status: 201
Response headers:
    'Content-Length': '0'
    'Content-MD5': 'REDACTED'
    'Last-Modified': 'Tue, 16 Apr 2024 16:34:20 GMT'
    'ETag': '"0x8DC5E3310EC661D"'
    'Server': 'Windows-Azure-Blob/1.0 Microsoft-HTTPAPI/2.0'
    'x-ms-request-id': '7a1355ef-501e-0001-601b-9036d4000000'
    'x-ms-client-request-id': '2c9d1a66-fc0f-11ee-b6c4-9aa213ed91f9'
    'x-ms-version': 'REDACTED'
    'x-ms-content-crc64': 'REDACTED'
    'x-ms-request-server-encrypted': 'REDACTED'
    'Date': 'Tue, 16 Apr 2024 16:34:19 GMT'
INFO:root:Found .html file: 2024-spring/sample-from-generic/converted/sample-from-generic.html
INFO:root:Creating new .md file: 2024-spring/sample-from-generic/converted/sample-from-generic.md
INFO:azure.core.pipeline.policies.http_logging_policy:Request URL: 'https://rootstalk.blob.core.windows.net/rootstalk-2024-spring/sample-from-generic-1.png'
Request method: 'HEAD'
Request headers:
    'x-ms-version': 'REDACTED'
    'Accept': 'application/xml'
    'User-Agent': 'azsdk-python-storage-blob/12.19.1 Python/3.9.5 (macOS-10.16-x86_64-i386-64bit)'
    'x-ms-date': 'REDACTED'
    'x-ms-client-request-id': '3e13fe68-fc0f-11ee-b6c4-9aa213ed91f9'
    'Authorization': 'REDACTED'
No body was attached to the request
DEBUG:urllib3.connectionpool:https://rootstalk.blob.core.windows.net:443 "HEAD /rootstalk-2024-spring/sample-from-generic-1.png HTTP/1.1" 200 0
INFO:azure.core.pipeline.policies.http_logging_policy:Response status: 200
Response headers:
    'Content-Length': '56999'
    'Content-Type': 'image/png'
    'Content-MD5': 'REDACTED'
    'Last-Modified': 'Thu, 11 Apr 2024 17:40:23 GMT'
    'Accept-Ranges': 'REDACTED'
    'ETag': '"0x8DC5A4E77952321"'
    'Vary': 'REDACTED'
    'Server': 'Windows-Azure-Blob/1.0 Microsoft-HTTPAPI/2.0'
    'x-ms-request-id': '7a13a069-501e-0001-441b-9036d4000000'
    'x-ms-client-request-id': '3e13fe68-fc0f-11ee-b6c4-9aa213ed91f9'
    'x-ms-version': 'REDACTED'
    'x-ms-creation-time': 'REDACTED'
    'x-ms-lease-status': 'REDACTED'
    'x-ms-lease-state': 'REDACTED'
    'x-ms-blob-type': 'REDACTED'
    'x-ms-server-encrypted': 'REDACTED'
    'x-ms-access-tier': 'REDACTED'
    'x-ms-access-tier-inferred': 'REDACTED'
    'Date': 'Tue, 16 Apr 2024 16:34:48 GMT'
INFO:azure.core.pipeline.policies.http_logging_policy:Request URL: 'https://rootstalk.blob.core.windows.net/rootstalk-2024-spring/sample-from-generic-2.png'
Request method: 'HEAD'
Request headers:
    'x-ms-version': 'REDACTED'
    'Accept': 'application/xml'
    'User-Agent': 'azsdk-python-storage-blob/12.19.1 Python/3.9.5 (macOS-10.16-x86_64-i386-64bit)'
    'x-ms-date': 'REDACTED'
    'x-ms-client-request-id': '3fa25b6c-fc0f-11ee-b6c4-9aa213ed91f9'
    'Authorization': 'REDACTED'
No body was attached to the request
DEBUG:urllib3.connectionpool:https://rootstalk.blob.core.windows.net:443 "HEAD /rootstalk-2024-spring/sample-from-generic-2.png HTTP/1.1" 200 0
INFO:azure.core.pipeline.policies.http_logging_policy:Response status: 200
Response headers:
    'Content-Length': '54206'
    'Content-Type': 'image/png'
    'Content-MD5': 'REDACTED'
    'Last-Modified': 'Thu, 11 Apr 2024 17:40:23 GMT'
    'Accept-Ranges': 'REDACTED'
    'ETag': '"0x8DC5A4E77939CC1"'
    'Vary': 'REDACTED'
    'Server': 'Windows-Azure-Blob/1.0 Microsoft-HTTPAPI/2.0'
    'x-ms-request-id': '7a13a663-501e-0001-1f1c-9036d4000000'
    'x-ms-client-request-id': '3fa25b6c-fc0f-11ee-b6c4-9aa213ed91f9'
    'x-ms-version': 'REDACTED'
    'x-ms-creation-time': 'REDACTED'
    'x-ms-lease-status': 'REDACTED'
    'x-ms-lease-state': 'REDACTED'
    'x-ms-blob-type': 'REDACTED'
    'x-ms-server-encrypted': 'REDACTED'
    'x-ms-access-tier': 'REDACTED'
    'x-ms-access-tier-inferred': 'REDACTED'
    'Date': 'Tue, 16 Apr 2024 16:34:51 GMT'
INFO:azure.core.pipeline.policies.http_logging_policy:Request URL: 'https://rootstalk.blob.core.windows.net/rootstalk-2024-spring/sample-from-generic-3.png'
Request method: 'HEAD'
Request headers:
    'x-ms-version': 'REDACTED'
    'Accept': 'application/xml'
    'User-Agent': 'azsdk-python-storage-blob/12.19.1 Python/3.9.5 (macOS-10.16-x86_64-i386-64bit)'
    'x-ms-date': 'REDACTED'
    'x-ms-client-request-id': '4146c444-fc0f-11ee-b6c4-9aa213ed91f9'
    'Authorization': 'REDACTED'
No body was attached to the request
DEBUG:urllib3.connectionpool:https://rootstalk.blob.core.windows.net:443 "HEAD /rootstalk-2024-spring/sample-from-generic-3.png HTTP/1.1" 200 0
INFO:azure.core.pipeline.policies.http_logging_policy:Response status: 200
Response headers:
    'Content-Length': '689751'
    'Content-Type': 'image/png'
    'Content-MD5': 'REDACTED'
    'Last-Modified': 'Thu, 11 Apr 2024 17:40:24 GMT'
    'Accept-Ranges': 'REDACTED'
    'ETag': '"0x8DC5A4E77B724FF"'
    'Vary': 'REDACTED'
    'Server': 'Windows-Azure-Blob/1.0 Microsoft-HTTPAPI/2.0'
    'x-ms-request-id': '7a13ad8c-501e-0001-211c-9036d4000000'
    'x-ms-client-request-id': '4146c444-fc0f-11ee-b6c4-9aa213ed91f9'
    'x-ms-version': 'REDACTED'
    'x-ms-creation-time': 'REDACTED'
    'x-ms-lease-status': 'REDACTED'
    'x-ms-lease-state': 'REDACTED'
    'x-ms-blob-type': 'REDACTED'
    'x-ms-server-encrypted': 'REDACTED'
    'x-ms-access-tier': 'REDACTED'
    'x-ms-access-tier-inferred': 'REDACTED'
    'Date': 'Tue, 16 Apr 2024 16:34:53 GMT'
INFO:azure.core.pipeline.policies.http_logging_policy:Request URL: 'https://rootstalk.blob.core.windows.net/rootstalk-2024-spring/sample-from-generic-4.png'
Request method: 'HEAD'
Request headers:
    'x-ms-version': 'REDACTED'
    'Accept': 'application/xml'
    'User-Agent': 'azsdk-python-storage-blob/12.19.1 Python/3.9.5 (macOS-10.16-x86_64-i386-64bit)'
    'x-ms-date': 'REDACTED'
    'x-ms-client-request-id': '41e0ec54-fc0f-11ee-b6c4-9aa213ed91f9'
    'Authorization': 'REDACTED'
No body was attached to the request
DEBUG:urllib3.connectionpool:https://rootstalk.blob.core.windows.net:443 "HEAD /rootstalk-2024-spring/sample-from-generic-4.png HTTP/1.1" 200 0
INFO:azure.core.pipeline.policies.http_logging_policy:Response status: 200
Response headers:
    'Content-Length': '4979'
    'Content-Type': 'image/png'
    'Content-MD5': 'REDACTED'
    'Last-Modified': 'Thu, 11 Apr 2024 17:40:23 GMT'
    'Accept-Ranges': 'REDACTED'
    'ETag': '"0x8DC5A4E7787B7A5"'
    'Vary': 'REDACTED'
    'Server': 'Windows-Azure-Blob/1.0 Microsoft-HTTPAPI/2.0'
    'x-ms-request-id': '7a13b095-501e-0001-7b1c-9036d4000000'
    'x-ms-client-request-id': '41e0ec54-fc0f-11ee-b6c4-9aa213ed91f9'
    'x-ms-version': 'REDACTED'
    'x-ms-creation-time': 'REDACTED'
    'x-ms-lease-status': 'REDACTED'
    'x-ms-lease-state': 'REDACTED'
    'x-ms-blob-type': 'REDACTED'
    'x-ms-server-encrypted': 'REDACTED'
    'x-ms-access-tier': 'REDACTED'
    'x-ms-access-tier-inferred': 'REDACTED'
    'Date': 'Tue, 16 Apr 2024 16:34:54 GMT'
INFO:azure.core.pipeline.policies.http_logging_policy:Request URL: 'https://rootstalk.blob.core.windows.net/rootstalk-2024-spring/sample-from-generic-5.png'
Request method: 'HEAD'
Request headers:
    'x-ms-version': 'REDACTED'
    'Accept': 'application/xml'
    'User-Agent': 'azsdk-python-storage-blob/12.19.1 Python/3.9.5 (macOS-10.16-x86_64-i386-64bit)'
    'x-ms-date': 'REDACTED'
    'x-ms-client-request-id': '428273d0-fc0f-11ee-b6c4-9aa213ed91f9'
    'Authorization': 'REDACTED'
No body was attached to the request
DEBUG:urllib3.connectionpool:https://rootstalk.blob.core.windows.net:443 "HEAD /rootstalk-2024-spring/sample-from-generic-5.png HTTP/1.1" 404 0
INFO:azure.core.pipeline.policies.http_logging_policy:Response status: 404
Response headers:
    'Transfer-Encoding': 'chunked'
    'Vary': 'REDACTED'
    'Server': 'Windows-Azure-Blob/1.0 Microsoft-HTTPAPI/2.0'
    'x-ms-request-id': '7a13b33c-501e-0001-691c-9036d4000000'
    'x-ms-client-request-id': '428273d0-fc0f-11ee-b6c4-9aa213ed91f9'
    'x-ms-version': 'REDACTED'
    'x-ms-error-code': 'BlobNotFound'
    'Date': 'Tue, 16 Apr 2024 16:34:55 GMT'
INFO:root:Found .html file: 2024-spring/weeks/converted/weeks.html
INFO:root:Creating new .md file: 2024-spring/weeks/converted/weeks.md
INFO:azure.core.pipeline.policies.http_logging_policy:Request URL: 'https://rootstalk.blob.core.windows.net/rootstalk-2024-spring/weeks-1.jpeg'
Request method: 'HEAD'
Request headers:
    'x-ms-version': 'REDACTED'
    'Accept': 'application/xml'
    'User-Agent': 'azsdk-python-storage-blob/12.19.1 Python/3.9.5 (macOS-10.16-x86_64-i386-64bit)'
    'x-ms-date': 'REDACTED'
    'x-ms-client-request-id': 'ce8f0ddc-fcca-11ee-aadc-9aa213ed91f9'
    'Authorization': 'REDACTED'
No body was attached to the request
DEBUG:urllib3.connectionpool:Starting new HTTPS connection (1): rootstalk.blob.core.windows.net:443
DEBUG:urllib3.connectionpool:https://rootstalk.blob.core.windows.net:443 "HEAD /rootstalk-2024-spring/weeks-1.jpeg HTTP/1.1" 200 0
INFO:azure.core.pipeline.policies.http_logging_policy:Response status: 200
Response headers:
    'Content-Length': '720963'
    'Content-Type': 'application/octet-stream'
    'Content-MD5': 'REDACTED'
    'Last-Modified': 'Mon, 15 Apr 2024 15:43:39 GMT'
    'Accept-Ranges': 'REDACTED'
    'ETag': '"0x8DC5D62D2517179"'
    'Vary': 'REDACTED'
    'Server': 'Windows-Azure-Blob/1.0 Microsoft-HTTPAPI/2.0'
    'x-ms-request-id': '7b97bd29-d01e-0047-06d7-902cb7000000'
    'x-ms-client-request-id': 'ce8f0ddc-fcca-11ee-aadc-9aa213ed91f9'
    'x-ms-version': 'REDACTED'
    'x-ms-creation-time': 'REDACTED'
    'x-ms-lease-status': 'REDACTED'
    'x-ms-lease-state': 'REDACTED'
    'x-ms-blob-type': 'REDACTED'
    'x-ms-server-encrypted': 'REDACTED'
    'x-ms-access-tier': 'REDACTED'
    'x-ms-access-tier-inferred': 'REDACTED'
    'Date': 'Wed, 17 Apr 2024 14:57:26 GMT'
INFO:azure.core.pipeline.policies.http_logging_policy:Request URL: 'https://rootstalk.blob.core.windows.net/rootstalk-2024-spring/weeks-2.jpeg'
Request method: 'HEAD'
Request headers:
    'x-ms-version': 'REDACTED'
    'Accept': 'application/xml'
    'User-Agent': 'azsdk-python-storage-blob/12.19.1 Python/3.9.5 (macOS-10.16-x86_64-i386-64bit)'
    'x-ms-date': 'REDACTED'
    'x-ms-client-request-id': 'cebb5018-fcca-11ee-aadc-9aa213ed91f9'
    'Authorization': 'REDACTED'
No body was attached to the request
DEBUG:urllib3.connectionpool:https://rootstalk.blob.core.windows.net:443 "HEAD /rootstalk-2024-spring/weeks-2.jpeg HTTP/1.1" 200 0
INFO:azure.core.pipeline.policies.http_logging_policy:Response status: 200
Response headers:
    'Content-Length': '206842'
    'Content-Type': 'application/octet-stream'
    'Content-MD5': 'REDACTED'
    'Last-Modified': 'Mon, 15 Apr 2024 16:13:13 GMT'
    'Accept-Ranges': 'REDACTED'
    'ETag': '"0x8DC5D66F3B604D1"'
    'Vary': 'REDACTED'
    'Server': 'Windows-Azure-Blob/1.0 Microsoft-HTTPAPI/2.0'
    'x-ms-request-id': '7b97bd86-d01e-0047-5cd7-902cb7000000'
    'x-ms-client-request-id': 'cebb5018-fcca-11ee-aadc-9aa213ed91f9'
    'x-ms-version': 'REDACTED'
    'x-ms-creation-time': 'REDACTED'
    'x-ms-lease-status': 'REDACTED'
    'x-ms-lease-state': 'REDACTED'
    'x-ms-blob-type': 'REDACTED'
    'x-ms-server-encrypted': 'REDACTED'
    'x-ms-access-tier': 'REDACTED'
    'x-ms-access-tier-inferred': 'REDACTED'
    'Date': 'Wed, 17 Apr 2024 14:57:26 GMT'
INFO:root:Found .html file: 2024-spring/walsh/converted/walsh.html
INFO:root:Creating new .md file: 2024-spring/walsh/converted/walsh.md
INFO:azure.core.pipeline.policies.http_logging_policy:Request URL: 'https://rootstalk.blob.core.windows.net/rootstalk-2024-spring/walsh-1.jpeg'
Request method: 'HEAD'
Request headers:
    'x-ms-version': 'REDACTED'
    'Accept': 'application/xml'
    'User-Agent': 'azsdk-python-storage-blob/12.19.1 Python/3.9.5 (macOS-10.16-x86_64-i386-64bit)'
    'x-ms-date': 'REDACTED'
    'x-ms-client-request-id': 'd429bc56-fcca-11ee-aadc-9aa213ed91f9'
    'Authorization': 'REDACTED'
No body was attached to the request
DEBUG:urllib3.connectionpool:https://rootstalk.blob.core.windows.net:443 "HEAD /rootstalk-2024-spring/walsh-1.jpeg HTTP/1.1" 200 0
INFO:azure.core.pipeline.policies.http_logging_policy:Response status: 200
Response headers:
    'Content-Length': '46527'
    'Content-Type': 'application/octet-stream'
    'Content-MD5': 'REDACTED'
    'Last-Modified': 'Tue, 16 Apr 2024 16:34:20 GMT'
    'Accept-Ranges': 'REDACTED'
    'ETag': '"0x8DC5E3310EC661D"'
    'Vary': 'REDACTED'
    'Server': 'Windows-Azure-Blob/1.0 Microsoft-HTTPAPI/2.0'
    'x-ms-request-id': '7b97ec32-d01e-0047-07d7-902cb7000000'
    'x-ms-client-request-id': 'd429bc56-fcca-11ee-aadc-9aa213ed91f9'
    'x-ms-version': 'REDACTED'
    'x-ms-creation-time': 'REDACTED'
    'x-ms-lease-status': 'REDACTED'
    'x-ms-lease-state': 'REDACTED'
    'x-ms-blob-type': 'REDACTED'
    'x-ms-server-encrypted': 'REDACTED'
    'x-ms-access-tier': 'REDACTED'
    'x-ms-access-tier-inferred': 'REDACTED'
    'Date': 'Wed, 17 Apr 2024 14:57:36 GMT'
INFO:azure.core.pipeline.policies.http_logging_policy:Request URL: 'https://rootstalk.blob.core.windows.net/rootstalk-2024-spring/walsh-3.png'
Request method: 'HEAD'
Request headers:
    'x-ms-version': 'REDACTED'
    'Accept': 'application/xml'
    'User-Agent': 'azsdk-python-storage-blob/12.19.1 Python/3.9.5 (macOS-10.16-x86_64-i386-64bit)'
    'x-ms-date': 'REDACTED'
    'x-ms-client-request-id': 'd433c048-fcca-11ee-aadc-9aa213ed91f9'
    'Authorization': 'REDACTED'
No body was attached to the request
DEBUG:urllib3.connectionpool:https://rootstalk.blob.core.windows.net:443 "HEAD /rootstalk-2024-spring/walsh-3.png HTTP/1.1" 404 0
INFO:azure.core.pipeline.policies.http_logging_policy:Response status: 404
Response headers:
    'Transfer-Encoding': 'chunked'
    'Vary': 'REDACTED'
    'Server': 'Windows-Azure-Blob/1.0 Microsoft-HTTPAPI/2.0'
    'x-ms-request-id': '7b97ec88-d01e-0047-57d7-902cb7000000'
    'x-ms-client-request-id': 'd433c048-fcca-11ee-aadc-9aa213ed91f9'
    'x-ms-version': 'REDACTED'
    'x-ms-error-code': 'BlobNotFound'
    'Date': 'Wed, 17 Apr 2024 14:57:36 GMT'
INFO:azure.core.pipeline.policies.http_logging_policy:Request URL: 'https://rootstalk.blob.core.windows.net/rootstalk-2024-spring/walsh-3.png'
Request method: 'PUT'
Request headers:
    'Content-Length': '308349'
    'x-ms-blob-type': 'REDACTED'
    'If-None-Match': '*'
    'x-ms-version': 'REDACTED'
    'Content-Type': 'application/octet-stream'
    'Accept': 'application/xml'
    'User-Agent': 'azsdk-python-storage-blob/12.19.1 Python/3.9.5 (macOS-10.16-x86_64-i386-64bit)'
    'x-ms-date': 'REDACTED'
    'x-ms-client-request-id': 'd43c24a4-fcca-11ee-aadc-9aa213ed91f9'
    'Authorization': 'REDACTED'
A body is sent with the request
DEBUG:urllib3.connectionpool:https://rootstalk.blob.core.windows.net:443 "PUT /rootstalk-2024-spring/walsh-3.png HTTP/1.1" 201 0
INFO:azure.core.pipeline.policies.http_logging_policy:Response status: 201
Response headers:
    'Content-Length': '0'
    'Content-MD5': 'REDACTED'
    'Last-Modified': 'Wed, 17 Apr 2024 14:57:37 GMT'
    'ETag': '"0x8DC5EEEB8906BFC"'
    'Server': 'Windows-Azure-Blob/1.0 Microsoft-HTTPAPI/2.0'
    'x-ms-request-id': '7b97eccc-d01e-0047-19d7-902cb7000000'
    'x-ms-client-request-id': 'd43c24a4-fcca-11ee-aadc-9aa213ed91f9'
    'x-ms-version': 'REDACTED'
    'x-ms-content-crc64': 'REDACTED'
    'x-ms-request-server-encrypted': 'REDACTED'
    'Date': 'Wed, 17 Apr 2024 14:57:36 GMT'
INFO:azure.core.pipeline.policies.http_logging_policy:Request URL: 'https://rootstalk.blob.core.windows.net/rootstalk-2024-spring/walsh-4.png'
Request method: 'HEAD'
Request headers:
    'x-ms-version': 'REDACTED'
    'Accept': 'application/xml'
    'User-Agent': 'azsdk-python-storage-blob/12.19.1 Python/3.9.5 (macOS-10.16-x86_64-i386-64bit)'
    'x-ms-date': 'REDACTED'
    'x-ms-client-request-id': 'd4609aaa-fcca-11ee-aadc-9aa213ed91f9'
    'Authorization': 'REDACTED'
No body was attached to the request
DEBUG:urllib3.connectionpool:https://rootstalk.blob.core.windows.net:443 "HEAD /rootstalk-2024-spring/walsh-4.png HTTP/1.1" 404 0
INFO:azure.core.pipeline.policies.http_logging_policy:Response status: 404
Response headers:
    'Transfer-Encoding': 'chunked'
    'Vary': 'REDACTED'
    'Server': 'Windows-Azure-Blob/1.0 Microsoft-HTTPAPI/2.0'
    'x-ms-request-id': '7b97ee57-d01e-0047-03d7-902cb7000000'
    'x-ms-client-request-id': 'd4609aaa-fcca-11ee-aadc-9aa213ed91f9'
    'x-ms-version': 'REDACTED'
    'x-ms-error-code': 'BlobNotFound'
    'Date': 'Wed, 17 Apr 2024 14:57:36 GMT'
INFO:azure.core.pipeline.policies.http_logging_policy:Request URL: 'https://rootstalk.blob.core.windows.net/rootstalk-2024-spring/walsh-4.png'
Request method: 'PUT'
Request headers:
    'Content-Length': '638185'
    'x-ms-blob-type': 'REDACTED'
    'If-None-Match': '*'
    'x-ms-version': 'REDACTED'
    'Content-Type': 'application/octet-stream'
    'Accept': 'application/xml'
    'User-Agent': 'azsdk-python-storage-blob/12.19.1 Python/3.9.5 (macOS-10.16-x86_64-i386-64bit)'
    'x-ms-date': 'REDACTED'
    'x-ms-client-request-id': 'd468c928-fcca-11ee-aadc-9aa213ed91f9'
    'Authorization': 'REDACTED'
A body is sent with the request
DEBUG:urllib3.connectionpool:https://rootstalk.blob.core.windows.net:443 "PUT /rootstalk-2024-spring/walsh-4.png HTTP/1.1" 201 0
INFO:azure.core.pipeline.policies.http_logging_policy:Response status: 201
Response headers:
    'Content-Length': '0'
    'Content-MD5': 'REDACTED'
    'Last-Modified': 'Wed, 17 Apr 2024 14:57:37 GMT'
    'ETag': '"0x8DC5EEEB8ABB830"'
    'Server': 'Windows-Azure-Blob/1.0 Microsoft-HTTPAPI/2.0'
    'x-ms-request-id': '7b97eeaf-d01e-0047-5ad7-902cb7000000'
    'x-ms-client-request-id': 'd468c928-fcca-11ee-aadc-9aa213ed91f9'
    'x-ms-version': 'REDACTED'
    'x-ms-content-crc64': 'REDACTED'
    'x-ms-request-server-encrypted': 'REDACTED'
    'Date': 'Wed, 17 Apr 2024 14:57:36 GMT'
INFO:azure.core.pipeline.policies.http_logging_policy:Request URL: 'https://rootstalk.blob.core.windows.net/rootstalk-2024-spring/walsh-5.png'
Request method: 'HEAD'
Request headers:
    'x-ms-version': 'REDACTED'
    'Accept': 'application/xml'
    'User-Agent': 'azsdk-python-storage-blob/12.19.1 Python/3.9.5 (macOS-10.16-x86_64-i386-64bit)'
    'x-ms-date': 'REDACTED'
    'x-ms-client-request-id': 'd47b661e-fcca-11ee-aadc-9aa213ed91f9'
    'Authorization': 'REDACTED'
No body was attached to the request
DEBUG:urllib3.connectionpool:https://rootstalk.blob.core.windows.net:443 "HEAD /rootstalk-2024-spring/walsh-5.png HTTP/1.1" 404 0
INFO:azure.core.pipeline.policies.http_logging_policy:Response status: 404
Response headers:
    'Transfer-Encoding': 'chunked'
    'Vary': 'REDACTED'
    'Server': 'Windows-Azure-Blob/1.0 Microsoft-HTTPAPI/2.0'
    'x-ms-request-id': '7b97ef62-d01e-0047-05d7-902cb7000000'
    'x-ms-client-request-id': 'd47b661e-fcca-11ee-aadc-9aa213ed91f9'
    'x-ms-version': 'REDACTED'
    'x-ms-error-code': 'BlobNotFound'
    'Date': 'Wed, 17 Apr 2024 14:57:36 GMT'
INFO:azure.core.pipeline.policies.http_logging_policy:Request URL: 'https://rootstalk.blob.core.windows.net/rootstalk-2024-spring/walsh-5.png'
Request method: 'PUT'
Request headers:
    'Content-Length': '303474'
    'x-ms-blob-type': 'REDACTED'
    'If-None-Match': '*'
    'x-ms-version': 'REDACTED'
    'Content-Type': 'application/octet-stream'
    'Accept': 'application/xml'
    'User-Agent': 'azsdk-python-storage-blob/12.19.1 Python/3.9.5 (macOS-10.16-x86_64-i386-64bit)'
    'x-ms-date': 'REDACTED'
    'x-ms-client-request-id': 'd48495d6-fcca-11ee-aadc-9aa213ed91f9'
    'Authorization': 'REDACTED'
A body is sent with the request
DEBUG:urllib3.connectionpool:https://rootstalk.blob.core.windows.net:443 "PUT /rootstalk-2024-spring/walsh-5.png HTTP/1.1" 201 0
INFO:azure.core.pipeline.policies.http_logging_policy:Response status: 201
Response headers:
    'Content-Length': '0'
    'Content-MD5': 'REDACTED'
    'Last-Modified': 'Wed, 17 Apr 2024 14:57:37 GMT'
    'ETag': '"0x8DC5EEEB8C09CB1"'
    'Server': 'Windows-Azure-Blob/1.0 Microsoft-HTTPAPI/2.0'
    'x-ms-request-id': '7b97efc2-d01e-0047-63d7-902cb7000000'
    'x-ms-client-request-id': 'd48495d6-fcca-11ee-aadc-9aa213ed91f9'
    'x-ms-version': 'REDACTED'
    'x-ms-content-crc64': 'REDACTED'
    'x-ms-request-server-encrypted': 'REDACTED'
    'Date': 'Wed, 17 Apr 2024 14:57:36 GMT'
INFO:root:Found .html file: 2024-spring/sample-from-generic/converted/sample-from-generic.html
INFO:root:Creating new .md file: 2024-spring/sample-from-generic/converted/sample-from-generic.md
INFO:azure.core.pipeline.policies.http_logging_policy:Request URL: 'https://rootstalk.blob.core.windows.net/rootstalk-2024-spring/sample-from-generic-1.png'
Request method: 'HEAD'
Request headers:
    'x-ms-version': 'REDACTED'
    'Accept': 'application/xml'
    'User-Agent': 'azsdk-python-storage-blob/12.19.1 Python/3.9.5 (macOS-10.16-x86_64-i386-64bit)'
    'x-ms-date': 'REDACTED'
    'x-ms-client-request-id': 'e08f2e22-fcca-11ee-aadc-9aa213ed91f9'
    'Authorization': 'REDACTED'
No body was attached to the request
DEBUG:urllib3.connectionpool:https://rootstalk.blob.core.windows.net:443 "HEAD /rootstalk-2024-spring/sample-from-generic-1.png HTTP/1.1" 200 0
INFO:azure.core.pipeline.policies.http_logging_policy:Response status: 200
Response headers:
    'Content-Length': '56999'
    'Content-Type': 'image/png'
    'Content-MD5': 'REDACTED'
    'Last-Modified': 'Thu, 11 Apr 2024 17:40:23 GMT'
    'Accept-Ranges': 'REDACTED'
    'ETag': '"0x8DC5A4E77952321"'
    'Vary': 'REDACTED'
    'Server': 'Windows-Azure-Blob/1.0 Microsoft-HTTPAPI/2.0'
    'x-ms-request-id': '7b985fc4-d01e-0047-6bd7-902cb7000000'
    'x-ms-client-request-id': 'e08f2e22-fcca-11ee-aadc-9aa213ed91f9'
    'x-ms-version': 'REDACTED'
    'x-ms-creation-time': 'REDACTED'
    'x-ms-lease-status': 'REDACTED'
    'x-ms-lease-state': 'REDACTED'
    'x-ms-blob-type': 'REDACTED'
    'x-ms-server-encrypted': 'REDACTED'
    'x-ms-access-tier': 'REDACTED'
    'x-ms-access-tier-inferred': 'REDACTED'
    'Date': 'Wed, 17 Apr 2024 14:57:56 GMT'
INFO:azure.core.pipeline.policies.http_logging_policy:Request URL: 'https://rootstalk.blob.core.windows.net/rootstalk-2024-spring/sample-from-generic-2.png'
Request method: 'HEAD'
Request headers:
    'x-ms-version': 'REDACTED'
    'Accept': 'application/xml'
    'User-Agent': 'azsdk-python-storage-blob/12.19.1 Python/3.9.5 (macOS-10.16-x86_64-i386-64bit)'
    'x-ms-date': 'REDACTED'
    'x-ms-client-request-id': 'e0988684-fcca-11ee-aadc-9aa213ed91f9'
    'Authorization': 'REDACTED'
No body was attached to the request
DEBUG:urllib3.connectionpool:https://rootstalk.blob.core.windows.net:443 "HEAD /rootstalk-2024-spring/sample-from-generic-2.png HTTP/1.1" 200 0
INFO:azure.core.pipeline.policies.http_logging_policy:Response status: 200
Response headers:
    'Content-Length': '54206'
    'Content-Type': 'image/png'
    'Content-MD5': 'REDACTED'
    'Last-Modified': 'Thu, 11 Apr 2024 17:40:23 GMT'
    'Accept-Ranges': 'REDACTED'
    'ETag': '"0x8DC5A4E77939CC1"'
    'Vary': 'REDACTED'
    'Server': 'Windows-Azure-Blob/1.0 Microsoft-HTTPAPI/2.0'
    'x-ms-request-id': '7b986019-d01e-0047-3cd7-902cb7000000'
    'x-ms-client-request-id': 'e0988684-fcca-11ee-aadc-9aa213ed91f9'
    'x-ms-version': 'REDACTED'
    'x-ms-creation-time': 'REDACTED'
    'x-ms-lease-status': 'REDACTED'
    'x-ms-lease-state': 'REDACTED'
    'x-ms-blob-type': 'REDACTED'
    'x-ms-server-encrypted': 'REDACTED'
    'x-ms-access-tier': 'REDACTED'
    'x-ms-access-tier-inferred': 'REDACTED'
    'Date': 'Wed, 17 Apr 2024 14:57:56 GMT'
INFO:azure.core.pipeline.policies.http_logging_policy:Request URL: 'https://rootstalk.blob.core.windows.net/rootstalk-2024-spring/sample-from-generic-3.png'
Request method: 'HEAD'
Request headers:
    'x-ms-version': 'REDACTED'
    'Accept': 'application/xml'
    'User-Agent': 'azsdk-python-storage-blob/12.19.1 Python/3.9.5 (macOS-10.16-x86_64-i386-64bit)'
    'x-ms-date': 'REDACTED'
    'x-ms-client-request-id': 'e0a21104-fcca-11ee-aadc-9aa213ed91f9'
    'Authorization': 'REDACTED'
No body was attached to the request
DEBUG:urllib3.connectionpool:https://rootstalk.blob.core.windows.net:443 "HEAD /rootstalk-2024-spring/sample-from-generic-3.png HTTP/1.1" 200 0
INFO:azure.core.pipeline.policies.http_logging_policy:Response status: 200
Response headers:
    'Content-Length': '689751'
    'Content-Type': 'image/png'
    'Content-MD5': 'REDACTED'
    'Last-Modified': 'Thu, 11 Apr 2024 17:40:24 GMT'
    'Accept-Ranges': 'REDACTED'
    'ETag': '"0x8DC5A4E77B724FF"'
    'Vary': 'REDACTED'
    'Server': 'Windows-Azure-Blob/1.0 Microsoft-HTTPAPI/2.0'
    'x-ms-request-id': '7b98607b-d01e-0047-19d7-902cb7000000'
    'x-ms-client-request-id': 'e0a21104-fcca-11ee-aadc-9aa213ed91f9'
    'x-ms-version': 'REDACTED'
    'x-ms-creation-time': 'REDACTED'
    'x-ms-lease-status': 'REDACTED'
    'x-ms-lease-state': 'REDACTED'
    'x-ms-blob-type': 'REDACTED'
    'x-ms-server-encrypted': 'REDACTED'
    'x-ms-access-tier': 'REDACTED'
    'x-ms-access-tier-inferred': 'REDACTED'
    'Date': 'Wed, 17 Apr 2024 14:57:56 GMT'
INFO:azure.core.pipeline.policies.http_logging_policy:Request URL: 'https://rootstalk.blob.core.windows.net/rootstalk-2024-spring/sample-from-generic-4.png'
Request method: 'HEAD'
Request headers:
    'x-ms-version': 'REDACTED'
    'Accept': 'application/xml'
    'User-Agent': 'azsdk-python-storage-blob/12.19.1 Python/3.9.5 (macOS-10.16-x86_64-i386-64bit)'
    'x-ms-date': 'REDACTED'
    'x-ms-client-request-id': 'e0aa9b08-fcca-11ee-aadc-9aa213ed91f9'
    'Authorization': 'REDACTED'
No body was attached to the request
DEBUG:urllib3.connectionpool:https://rootstalk.blob.core.windows.net:443 "HEAD /rootstalk-2024-spring/sample-from-generic-4.png HTTP/1.1" 200 0
INFO:azure.core.pipeline.policies.http_logging_policy:Response status: 200
Response headers:
    'Content-Length': '4979'
    'Content-Type': 'image/png'
    'Content-MD5': 'REDACTED'
    'Last-Modified': 'Thu, 11 Apr 2024 17:40:23 GMT'
    'Accept-Ranges': 'REDACTED'
    'ETag': '"0x8DC5A4E7787B7A5"'
    'Vary': 'REDACTED'
    'Server': 'Windows-Azure-Blob/1.0 Microsoft-HTTPAPI/2.0'
    'x-ms-request-id': '7b9860cb-d01e-0047-63d7-902cb7000000'
    'x-ms-client-request-id': 'e0aa9b08-fcca-11ee-aadc-9aa213ed91f9'
    'x-ms-version': 'REDACTED'
    'x-ms-creation-time': 'REDACTED'
    'x-ms-lease-status': 'REDACTED'
    'x-ms-lease-state': 'REDACTED'
    'x-ms-blob-type': 'REDACTED'
    'x-ms-server-encrypted': 'REDACTED'
    'x-ms-access-tier': 'REDACTED'
    'x-ms-access-tier-inferred': 'REDACTED'
    'Date': 'Wed, 17 Apr 2024 14:57:56 GMT'
INFO:azure.core.pipeline.policies.http_logging_policy:Request URL: 'https://rootstalk.blob.core.windows.net/rootstalk-2024-spring/sample-from-generic-5.png'
Request method: 'HEAD'
Request headers:
    'x-ms-version': 'REDACTED'
    'Accept': 'application/xml'
    'User-Agent': 'azsdk-python-storage-blob/12.19.1 Python/3.9.5 (macOS-10.16-x86_64-i386-64bit)'
    'x-ms-date': 'REDACTED'
    'x-ms-client-request-id': 'e0b304a0-fcca-11ee-aadc-9aa213ed91f9'
    'Authorization': 'REDACTED'
No body was attached to the request
DEBUG:urllib3.connectionpool:https://rootstalk.blob.core.windows.net:443 "HEAD /rootstalk-2024-spring/sample-from-generic-5.png HTTP/1.1" 404 0
INFO:azure.core.pipeline.policies.http_logging_policy:Response status: 404
Response headers:
    'Transfer-Encoding': 'chunked'
    'Vary': 'REDACTED'
    'Server': 'Windows-Azure-Blob/1.0 Microsoft-HTTPAPI/2.0'
    'x-ms-request-id': '7b986128-d01e-0047-3bd7-902cb7000000'
    'x-ms-client-request-id': 'e0b304a0-fcca-11ee-aadc-9aa213ed91f9'
    'x-ms-version': 'REDACTED'
    'x-ms-error-code': 'BlobNotFound'
    'Date': 'Wed, 17 Apr 2024 14:57:57 GMT'
INFO:root:Found .html file: 2024-spring/weeks/converted/weeks.html
INFO:root:Creating new .md file: 2024-spring/weeks/converted/weeks.md
INFO:azure.core.pipeline.policies.http_logging_policy:Request URL: 'https://rootstalk.blob.core.windows.net/rootstalk-2024-spring/weeks-1.jpeg'
Request method: 'HEAD'
Request headers:
    'x-ms-version': 'REDACTED'
    'Accept': 'application/xml'
    'User-Agent': 'azsdk-python-storage-blob/12.19.1 Python/3.9.5 (macOS-10.16-x86_64-i386-64bit)'
    'x-ms-date': 'REDACTED'
    'x-ms-client-request-id': 'a9692f9a-fccc-11ee-9413-9aa213ed91f9'
    'Authorization': 'REDACTED'
No body was attached to the request
DEBUG:urllib3.connectionpool:Starting new HTTPS connection (1): rootstalk.blob.core.windows.net:443
DEBUG:urllib3.connectionpool:https://rootstalk.blob.core.windows.net:443 "HEAD /rootstalk-2024-spring/weeks-1.jpeg HTTP/1.1" 200 0
INFO:azure.core.pipeline.policies.http_logging_policy:Response status: 200
Response headers:
    'Content-Length': '720963'
    'Content-Type': 'application/octet-stream'
    'Content-MD5': 'REDACTED'
    'Last-Modified': 'Mon, 15 Apr 2024 15:43:39 GMT'
    'Accept-Ranges': 'REDACTED'
    'ETag': '"0x8DC5D62D2517179"'
    'Vary': 'REDACTED'
    'Server': 'Windows-Azure-Blob/1.0 Microsoft-HTTPAPI/2.0'
    'x-ms-request-id': '0685ecd8-201e-00f5-6fd9-9018e6000000'
    'x-ms-client-request-id': 'a9692f9a-fccc-11ee-9413-9aa213ed91f9'
    'x-ms-version': 'REDACTED'
    'x-ms-creation-time': 'REDACTED'
    'x-ms-lease-status': 'REDACTED'
    'x-ms-lease-state': 'REDACTED'
    'x-ms-blob-type': 'REDACTED'
    'x-ms-server-encrypted': 'REDACTED'
    'x-ms-access-tier': 'REDACTED'
    'x-ms-access-tier-inferred': 'REDACTED'
    'Date': 'Wed, 17 Apr 2024 15:10:43 GMT'
